"../../../TDOTU/Content/Assets/Materials/DefaultLitMaterial.uasset" 0
"../../../TDOTU/Content/Assets/Levels/luna.uasset" 1
"../../../TDOTU/Content/Assets/Materials/lucioso.uasset" 2
"../../../TDOTU/Content/Assets/Menu/Audio_ON_OFF_button.uasset" 3
"../../../TDOTU/Content/Assets/Menu/Audio_ON_OFF_button_Sprite_0.uasset" 4
"../../../TDOTU/Content/Assets/Menu/Audio_ON_OFF_button_Sprite_1.uasset" 5
"../../../TDOTU/Content/Assets/Menu/Music_Buttom.uasset" 6
"../../../TDOTU/Content/Assets/Menu/SCRITTA_ANIMATA_TDODU.uasset" 7
"../../../TDOTU/Content/Assets/Menu/SCRITTA_ANIMATA_TDODU_Sprite_168.uasset" 8
"../../../TDOTU/Content/Assets/Menu/SCRITTA_ANIMATA_TDODU_Sprite_178.uasset" 9
"../../../Engine/Plugins/2D/Paper2D/Content/DefaultSpriteMaterial.uasset" 10
"../../../Engine/Plugins/2D/Paper2D/Content/OpaqueUnlitSpriteMaterial.uasset" 11
"../../../TDOTU/Content/Assets/Textures/2DBackground.uasset" 12
"../../../TDOTU/Content/Assets/Sprites/Background_Sprite.uasset" 13
"../../../TDOTU/Content/Assets/Textures/Dirt.uasset" 14
"../../../TDOTU/Content/Assets/Sprites/Dirt_Sprite.uasset" 15
"../../../TDOTU/Content/Assets/Textures/2DCharacter_IdleAnimAtlas.uasset" 16
"../../../TDOTU/Content/Assets/Sprites/IdleFrames/IdleCycle1.uasset" 17
"../../../TDOTU/Content/Assets/Sprites/IdleFrames/IdleCycle2.uasset" 18
"../../../TDOTU/Content/Assets/Sprites/IdleFrames/IdleCycle3.uasset" 19
"../../../TDOTU/Content/Assets/Sprites/IdleFrames/IdleCycle4.uasset" 20
"../../../TDOTU/Content/Assets/Sprites/IdleFrames/IdleCycle5.uasset" 21
"../../../TDOTU/Content/Assets/Sprites/IdleFrames/IdleCycle6.uasset" 22
"../../../TDOTU/Content/Assets/Sprites/IdleFrames/IdleCycle7.uasset" 23
"../../../TDOTU/Content/Assets/Sprites/IdleFrames/IdleCycle8.uasset" 24
"../../../TDOTU/Content/Assets/Sprites/IdleAnimation.uasset" 25
"../../../TDOTU/Content/Assets/Textures/2DBackgroundTile.uasset" 26
"../../../TDOTU/Content/Assets/Materials/PrototypingSpriteMaterial.uasset" 27
"../../../TDOTU/Content/Assets/Sprites/PrototypingSprite.uasset" 28
"../../../TDOTU/Content/Assets/Textures/2DCharacter_RunAnimAtlas.uasset" 29
"../../../TDOTU/Content/Assets/Sprites/RunFrames/RunCycle_1.uasset" 30
"../../../TDOTU/Content/Assets/Sprites/RunFrames/RunCycle_10.uasset" 31
"../../../TDOTU/Content/Assets/Sprites/RunFrames/RunCycle_11.uasset" 32
"../../../TDOTU/Content/Assets/Sprites/RunFrames/RunCycle_12.uasset" 33
"../../../TDOTU/Content/Assets/Sprites/RunFrames/RunCycle_13.uasset" 34
"../../../TDOTU/Content/Assets/Sprites/RunFrames/RunCycle_14.uasset" 35
"../../../TDOTU/Content/Assets/Sprites/RunFrames/RunCycle_15.uasset" 36
"../../../TDOTU/Content/Assets/Sprites/RunFrames/RunCycle_16.uasset" 37
"../../../TDOTU/Content/Assets/Sprites/RunFrames/RunCycle_2.uasset" 38
"../../../TDOTU/Content/Assets/Sprites/RunFrames/RunCycle_3.uasset" 39
"../../../TDOTU/Content/Assets/Sprites/RunFrames/RunCycle_4.uasset" 40
"../../../TDOTU/Content/Assets/Sprites/RunFrames/RunCycle_5.uasset" 41
"../../../TDOTU/Content/Assets/Sprites/RunFrames/RunCycle_6.uasset" 42
"../../../TDOTU/Content/Assets/Sprites/RunFrames/RunCycle_7.uasset" 43
"../../../TDOTU/Content/Assets/Sprites/RunFrames/RunCycle_8.uasset" 44
"../../../TDOTU/Content/Assets/Sprites/RunFrames/RunCycle_9.uasset" 45
"../../../TDOTU/Content/Assets/Sprites/RunningAnimation.uasset" 46
"../../../TDOTU/Content/Assets/Textures/SkyBg.uasset" 47
"../../../TDOTU/Content/Assets/Sprites/SkyBg_Sprite.uasset" 48
"../../../TDOTU/Content/Assets/Sprites/Alpaca/IdleFrames/Alpaca_Hidle.uasset" 49
"../../../TDOTU/Content/Assets/Sprites/Alpaca/JumpFrames/Jump.uasset" 50
"../../../TDOTU/Content/Assets/Sprites/Alpaca/JumpFrames/Jump_Sprite_5.uasset" 51
"../../../TDOTU/Content/Blueprint/Characters/Alpaca/UMG_AlpacaEndlessHUD.uasset" 52
"../../../TDOTU/Content/Blueprint/Generic/DefaultGameInstance.uasset" 53
"../../../TDOTU/Content/Blueprint/Generic/UMG_AlpacaEndlessHUD.uasset" 54
"../../../TDOTU/Content/MobileStarterContent/Audio/Collapse01.uasset" 55
"../../../TDOTU/Content/MobileStarterContent/Audio/Collapse02.uasset" 56
"../../../TDOTU/Content/MobileStarterContent/Audio/Collapse_Cue.uasset" 57
"../../../TDOTU/Content/MobileStarterContent/Audio/Explosion01.uasset" 58
"../../../TDOTU/Content/MobileStarterContent/Audio/Explosion02.uasset" 59
"../../../TDOTU/Content/MobileStarterContent/Audio/Explosion_Cue.uasset" 60
"../../../TDOTU/Content/MobileStarterContent/Audio/Fire01.uasset" 61
"../../../TDOTU/Content/MobileStarterContent/Audio/Fire01_Cue.uasset" 62
"../../../TDOTU/Content/MobileStarterContent/Audio/Fire_Sparks01.uasset" 63
"../../../TDOTU/Content/MobileStarterContent/Audio/Fire_Sparks01_Cue.uasset" 64
"../../../TDOTU/Content/MobileStarterContent/Audio/Light01.uasset" 65
"../../../TDOTU/Content/MobileStarterContent/Audio/Light01_Cue.uasset" 66
"../../../TDOTU/Content/MobileStarterContent/Audio/Light02.uasset" 67
"../../../TDOTU/Content/MobileStarterContent/Audio/Light02_Cue.uasset" 68
"../../../TDOTU/Content/MobileStarterContent/Audio/Smoke01.uasset" 69
"../../../TDOTU/Content/MobileStarterContent/Audio/Smoke01_Cue.uasset" 70
"../../../TDOTU/Content/MobileStarterContent/Audio/Starter_Birds01.uasset" 71
"../../../TDOTU/Content/MobileStarterContent/Audio/Starter_Wind05.uasset" 72
"../../../TDOTU/Content/MobileStarterContent/Audio/Starter_Wind06.uasset" 73
"../../../TDOTU/Content/MobileStarterContent/Audio/Starter_Background_Cue.uasset" 74
"../../../TDOTU/Content/MobileStarterContent/Audio/Starter_Music01.uasset" 75
"../../../TDOTU/Content/MobileStarterContent/Audio/Starter_Music_Cue.uasset" 76
"../../../TDOTU/Content/MobileStarterContent/Audio/Steam01.uasset" 77
"../../../TDOTU/Content/MobileStarterContent/Audio/Steam01_Cue.uasset" 78
"../../../TDOTU/Content/MobileStarterContent/Particles/Materials/M_Dust_Particle.uasset" 79
"../../../TDOTU/Content/MobileStarterContent/Particles/P_Ambient_Dust.uasset" 80
"../../../TDOTU/Content/MobileStarterContent/Particles/Materials/M_Burst.uasset" 81
"../../../TDOTU/Content/MobileStarterContent/Particles/Materials/M_explosion_subUV.uasset" 82
"../../../TDOTU/Content/MobileStarterContent/Particles/Materials/m_flare_01.uasset" 83
"../../../Engine/Content/Functions/Engine_MaterialFunctions01/Gradient/RadialGradient.uasset" 84
"../../../TDOTU/Content/MobileStarterContent/Particles/Materials/M_radial_ramp.uasset" 85
"../../../TDOTU/Content/MobileStarterContent/Particles/Materials/M_smoke_subUV.uasset" 86
"../../../TDOTU/Content/MobileStarterContent/Particles/P_Explosion.uasset" 87
"../../../TDOTU/Content/MobileStarterContent/Particles/Materials/M_Fire_SubUV.uasset" 88
"../../../TDOTU/Content/MobileStarterContent/Particles/Materials/M_Radial_Gradient.uasset" 89
"../../../TDOTU/Content/MobileStarterContent/Particles/P_Fire.uasset" 90
"../../../TDOTU/Content/MobileStarterContent/Particles/P_Smoke.uasset" 91
"../../../TDOTU/Content/MobileStarterContent/Particles/Materials/M_Spark.uasset" 92
"../../../TDOTU/Content/MobileStarterContent/Particles/P_Sparks.uasset" 93
"../../../Engine/Content/Functions/Engine_MaterialFunctions01/Opacity/CameraDepthFade.uasset" 94
"../../../Engine/Content/EngineMaterials/T_Default_Material_Grid_M.uasset" 95
"../../../Engine/Content/EngineMaterials/T_Default_Material_Grid_N.uasset" 96
"../../../Engine/Content/EngineMaterials/DefaultMaterial.uasset" 97
"../../../Engine/Content/BasicShapes/Cone.uasset" 98
"../../../Engine/Content/EngineMaterials/WorldGridMaterial.uasset" 99
"../../../Engine/Content/BasicShapes/Cube.uasset" 100
"../../../Engine/Content/BasicShapes/Cylinder.uasset" 101
"../../../Engine/Content/BasicShapes/Plane.uasset" 102
"../../../Engine/Content/BasicShapes/Sphere.uasset" 103
"../../../Engine/Content/EditorLandscapeResources/DataLayer.uasset" 104
"../../../Engine/Content/EditorMaterials/GizmoMaterial.uasset" 105
"../../../Engine/Content/EditorMaterials/MAT_Groups_Toggle.uasset" 106
"../../../Engine/Content/EditorMaterials/MAT_Groups_Visibility.uasset" 107
"../../../Engine/Content/EditorMaterials/PreviewShadowIndicator.uasset" 108
"../../../Engine/Content/EditorMaterials/PreviewShadowIndicatorMaterial.uasset" 109
"../../../Engine/Content/EditorMaterials/AssetViewer/EpicQuadPanorama_CC+EV1.uasset" 110
"../../../Engine/Content/EditorMaterials/MatineeGroups/MAT_ColorTrack.uasset" 111
"../../../Engine/Content/EditorMaterials/MatineeGroups/MAT_Groups_Anim.uasset" 112
"../../../Engine/Content/EditorMaterials/MatineeGroups/MAT_Groups_AudioMaster.uasset" 113
"../../../Engine/Content/EditorMaterials/MatineeGroups/MAT_Groups_Director.uasset" 114
"../../../Engine/Content/EditorMaterials/MatineeGroups/MAT_Groups_Event.uasset" 115
"../../../Engine/Content/EditorMaterials/MatineeGroups/MAT_Groups_Fade.uasset" 116
"../../../Engine/Content/EditorMaterials/MatineeGroups/MAT_Groups_Float.uasset" 117
"../../../Engine/Content/EditorMaterials/MatineeGroups/MAT_Groups_Move.uasset" 118
"../../../Engine/Content/EditorMaterials/MatineeGroups/MAT_Groups_Slomo.uasset" 119
"../../../Engine/Content/EditorMaterials/MatineeGroups/MAT_Groups_Sound.uasset" 120
"../../../Engine/Content/EditorMaterials/MatineeGroups/MAT_Groups_Vector.uasset" 121
"../../../Engine/Content/EditorMaterials/ParticleSystems/PSysThumbnail_NoImage.uasset" 122
"../../../Engine/Content/EditorMaterials/ParticleSystems/PSysThumbnail_OOD.uasset" 123
"../../../Engine/Content/EditorMaterials/Camera/CineMat.uasset" 124
"../../../Engine/Content/EditorMaterials/Camera/MI_CineMat_Rig.uasset" 125
"../../../Engine/Content/EditorMeshes/Camera/SM_CraneRig_Arm.uasset" 126
"../../../Engine/Content/EditorMeshes/Camera/SM_CraneRig_Base.uasset" 127
"../../../Engine/Content/EditorMeshes/Camera/SM_CraneRig_Body.uasset" 128
"../../../Engine/Content/EditorMeshes/Camera/SM_CraneRig_Mount.uasset" 129
"../../../Engine/Content/EditorMeshes/Camera/SM_RailRig_Mount.uasset" 130
"../../../Engine/Content/EditorMeshes/Camera/SM_RailRig_Track.uasset" 131
"../../../Engine/Content/EditorMeshes/ColorCalibrator/M_ChromeBall.uasset" 132
"../../../Engine/Content/EditorMeshes/ColorCalibrator/M_ClearCoat.uasset" 133
"../../../Engine/Content/EditorMeshes/ColorCalibrator/M_ClearCoatBlack.uasset" 134
"../../../Engine/Content/EditorMeshes/ColorCalibrator/T_ColorGrid.uasset" 135
"../../../Engine/Content/EditorMeshes/ColorCalibrator/M_ColorGrid.uasset" 136
"../../../Engine/Content/EditorMeshes/ColorCalibrator/M_GreyBall.uasset" 137
"../../../Engine/Content/EditorMeshes/ColorCalibrator/SM_ColorCalibrator.uasset" 138
"../../../Engine/Content/EditorResources/BSPVertex.uasset" 139
"../../../Engine/Content/EditorResources/S_Actor.uasset" 140
"../../../Engine/Content/EditorResources/S_Trigger.uasset" 141
"../../../Engine/Content/EditorResources/SequenceRecorder/Countdown.uasset" 142
"../../../Engine/Content/EditorResources/SequenceRecorder/RecordingIndicator.uasset" 143
"../../../Engine/Content/EditorSounds/Notifications/CompileFailed.uasset" 144
"../../../Engine/Content/EditorSounds/Notifications/CompileFailed_Cue.uasset" 145
"../../../Engine/Content/EditorSounds/Notifications/CompileSuccess.uasset" 146
"../../../Engine/Content/EditorSounds/Notifications/CompileStart_Cue.uasset" 147
"../../../Engine/Content/EditorSounds/Notifications/CompileSuccess_Cue.uasset" 148
"../../../Engine/Content/EngineDamageTypes/DmgTypeBP_Environmental.uasset" 149
"../../../Engine/Content/EngineDebugMaterials/HeatmapGradient.uasset" 150
"../../../Engine/Content/EngineDebugMaterials/BoneWeightMaterial.uasset" 151
"../../../Engine/Content/EngineDebugMaterials/ClothMaterial.uasset" 152
"../../../Engine/Content/EngineDebugMaterials/DebugMeshMaterial.uasset" 153
"../../../Engine/Content/EngineDebugMaterials/GeomMaterial.uasset" 154
"../../../Engine/Content/EngineFonts/Faces/RobotoBold.uasset" 155
"../../../Engine/Content/EngineFonts/Faces/RobotoBoldItalic.uasset" 156
"../../../Engine/Content/EngineFonts/Faces/RobotoItalic.uasset" 157
"../../../Engine/Content/EngineFonts/Faces/RobotoLight.uasset" 158
"../../../Engine/Content/EngineFonts/Faces/RobotoRegular.uasset" 159
"../../../Engine/Content/EngineFonts/Roboto.uasset" 160
"../../../Engine/Content/EngineFonts/Faces/RobotoTiny.uasset" 161
"../../../Engine/Content/EngineFonts/RobotoTiny.uasset" 162
"../../../Engine/Content/EngineMaterials/DefaultBloomKernel.uasset" 163
"../../../Engine/Content/EngineMaterials/DefaultBokeh.uasset" 164
"../../../Engine/Content/EngineMaterials/DefaultDiffuse.uasset" 165
"../../../Engine/Content/EngineMaterials/DefaultDeferredDecalMaterial.uasset" 166
"../../../Engine/Content/EngineMaterials/DefaultLightFunctionMaterial.uasset" 167
"../../../Engine/Content/EngineMaterials/DefaultPhysicalMaterial.uasset" 168
"../../../Engine/Content/Functions/Engine_MaterialFunctions02/Utility/BreakOutFloat2Components.uasset" 169
"../../../Engine/Content/EngineMaterials/DefaultPostProcessMaterial.uasset" 170
"../../../Engine/Content/EngineFonts/RobotoDistanceField.uasset" 171
"../../../Engine/Content/EngineMaterials/DefaultTextMaterialOpaque.uasset" 172
"../../../Engine/Content/EngineMaterials/DefaultWhiteGrid.uasset" 173
"../../../Engine/Content/EngineMaterials/EditorBrushMaterial.uasset" 174
"../../../Engine/Content/EngineMaterials/Good64x64TilingNoiseHighFreq.uasset" 175
"../../../Engine/Content/EngineMaterials/MiniFont.uasset" 176
"../../../Engine/Content/EngineMaterials/InvalidLightmapSettings.uasset" 177
"../../../Engine/Content/EngineMaterials/M_InvalidLightmapSettings.uasset" 178
"../../../Engine/Content/EngineMaterials/PhAT_JointLimitMaterial.uasset" 179
"../../../Engine/Content/EngineMaterials/PreintegratedSkinBRDF.uasset" 180
"../../../Engine/Content/EngineMaterials/RemoveSurfaceMaterial.uasset" 181
"../../../Engine/Content/EngineMaterials/WeightMapPlaceholderTexture.uasset" 182
"../../../Engine/Content/EngineResources/WhiteSquareTexture.uasset" 183
"../../../Engine/Content/EngineMaterials/Widget3DPassThrough.uasset" 184
"../../../Engine/Content/EngineMaterials/Widget3DPassThrough_Masked.uasset" 185
"../../../Engine/Content/EngineMaterials/Widget3DPassThrough_Opaque.uasset" 186
"../../../Engine/Content/EngineMaterials/Widget3DPassThrough_Masked_OneSided.uasset" 187
"../../../Engine/Content/EngineMaterials/Widget3DPassThrough_Opaque_OneSided.uasset" 188
"../../../Engine/Content/EngineMaterials/Widget3DPassThrough_Translucent.uasset" 189
"../../../Engine/Content/EngineMaterials/Widget3DPassThrough_Translucent_OneSided.uasset" 190
"../../../Engine/Content/EngineMeshes/Cube.uasset" 191
"../../../Engine/Content/EngineMeshes/Cylinder.uasset" 192
"../../../Engine/Content/EngineMeshes/Sphere.uasset" 193
"../../../Engine/Content/EngineResources/Black.uasset" 194
"../../../Engine/Content/EngineResources/DefaultTexture.uasset" 195
"../../../Engine/Content/EngineResources/DefaultTextureCube.uasset" 196
"../../../Engine/Content/EngineResources/GradientTexture0.uasset" 197
"../../../Engine/Content/EngineSounds/Master.uasset" 198
"../../../Engine/Content/Functions/Engine_MaterialFunctions01/Shading/ConvertFromDiffSpec.uasset" 199
"../../../Engine/Content/Functions/Engine_MaterialFunctions01/Shading/PowerToRoughness.uasset" 200
"../../../Engine/Content/Maps/Templates/Thumbnails/Default.uasset" 201
"../../../Engine/Content/Maps/Templates/Thumbnails/VR-Basic.uasset" 202
"../../../Engine/Content/MobileResources/T_MobileControls_texture.uasset" 203
"../../../Engine/Content/MobileResources/T_MobileMenu2.uasset" 204
"../../../Engine/Content/MobileResources/HUD/AnalogHat.uasset" 205
"../../../Engine/Content/MobileResources/HUD/VirtualJoystick_Background.uasset" 206
"../../../Engine/Content/MobileResources/HUD/VirtualJoystick_Thumb.uasset" 207
"../../../Engine/Content/MobileResources/HUD/DefaultVirtualJoysticks.uasset" 208
"../../../Engine/Content/MobileResources/HUD/LeftVirtualJoystickOnly.uasset" 209
"../../../Engine/Content/MobileResources/HUD/MobileHUDButton1_off.uasset" 210
"../../../Engine/Content/MobileResources/HUD/MobileHUDButton1_on.uasset" 211
"../../../Engine/Content/MobileResources/HUD/MobileHUDButton2_off.uasset" 212
"../../../Engine/Content/MobileResources/HUD/MobileHUDButton2_on.uasset" 213
"../../../Engine/Content/MobileResources/HUD/MobileHUDButton3.uasset" 214
"../../../Engine/Content/MobileResources/HUD/MobileHUDButtonFire.uasset" 215
"../../../Engine/Content/MobileResources/HUD/MobileHUDDirectionPad.uasset" 216
"../../../Engine/Content/MobileResources/HUD/MobileHUDDirectionPad2.uasset" 217
"../../../Engine/Content/MobileResources/HUD/MobileHUDDirectionPad3.uasset" 218
"../../../Engine/Content/MobileResources/HUD/MobileHUDDirectionStick.uasset" 219
"../../../Engine/Content/MobileResources/HUD/T_Castle_ThumbstickInner.uasset" 220
"../../../Engine/Content/MobileResources/HUD/T_Castle_ThumbstickOutter.uasset" 221
"../../../Engine/Content/Tutorial/ContentIntroCurve.uasset" 222
"../../../Engine/Content/Tutorial/Basics/TutorialAssets/icon_tab_Levels_40x.uasset" 223
"../../../Engine/Content/Tutorial/BlueprintTutorials/TutorialAssets/BlueprintInterface_64x.uasset" 224
"../../../Engine/Content/Tutorial/BlueprintTutorials/TutorialAssets/BlueprintMacroLibrary_64x.uasset" 225
"../../../Engine/Content/Tutorial/BlueprintTutorials/TutorialAssets/Blueprint_64x.uasset" 226
"../../../Engine/Content/Tutorial/BlueprintTutorials/TutorialAssets/Tutorial_BP_Interface.uasset" 227
"../../../Engine/Content/Tutorial/Foliage/TutorialAssets/Foliage.uasset" 228
"../../../Engine/Content/Tutorial/Landscape/TutorialAssets/Landscape.uasset" 229
"../../../Engine/Content/Tutorial/Paper2D/TutorialAssets/Paper2DFlipbook_TutorialIcon.uasset" 230
"../../../Engine/Content/Tutorial/Paper2D/TutorialAssets/Paper2DSprite_TutorialIcon.uasset" 231
"../../../Engine/Content/Tutorial/SubEditors/TutorialAssets/icon_Editor_Preferences_General_40x.uasset" 232
"../../../Engine/Content/Tutorial/SubEditors/TutorialAssets/icon_ShowSkeletalMeshes_40x.uasset" 233
"../../../Engine/Content/Tutorial/SubEditors/TutorialAssets/TutorialMaterial.uasset" 234
"../../../Engine/Content/Tutorial/SubEditors/TutorialAssets/T_SmokeSubUV_8X8.uasset" 235
"../../../Engine/Content/Tutorial/SubEditors/TutorialAssets/T_soft_smoke.uasset" 236
"../../../Engine/Content/Tutorial/SubEditors/TutorialAssets/M_smoke_subUV_blackbody.uasset" 237
"../../../Engine/Content/Tutorial/SubEditors/TutorialAssets/TutorialParticleSystem.uasset" 238
"../../../Engine/Content/EditorMeshes/EditorCube.uasset" 239
"../../../Engine/Content/Tutorial/SubEditors/TutorialAssets/Tutorial_DM.uasset" 240
"../../../Engine/Content/VREditor/Devices/Generic/GenericHMDMaterial.uasset" 241
"../../../Engine/Content/VREditor/Devices/Generic/GenericHMD.uasset" 242
"../../../Engine/Content/VREditor/FloatingText/LineMaterial.uasset" 243
"../../../Engine/Content/VREditor/FloatingText/JointSphere.uasset" 244
"../../../Engine/Content/VREditor/FloatingText/LineSegmentCylinder.uasset" 245
"../../../Engine/Content/VREditor/Fonts/VRText_RobotoLarge.uasset" 246
"../../../Engine/Content/VREditor/Fonts/VRTextMaterial.uasset" 247
"../../../Engine/Content/VREditor/Fonts/TranslucentVRTextMaterial.uasset" 248
"../../../Engine/Content/VREditor/LaserPointer/VR_LaserPower_01.uasset" 249
"../../../Engine/Content/VREditor/TransformGizmo/TransformGizmoMaterial.uasset" 250
"../../../Engine/Content/VREditor/LaserPointer/HoverMaterial.uasset" 251
"../../../Engine/Content/VREditor/TransformGizmo/TranslucentTransformGizmoMaterial.uasset" 252
"../../../Engine/Content/VREditor/LaserPointer/TranslucentHoverMaterial.uasset" 253
"../../../Engine/Content/VREditor/LaserPointer/HoverMesh.uasset" 254
"../../../Engine/Content/VREditor/LaserPointer/LaserPointerMaterial.uasset" 255
"../../../Engine/Content/VREditor/LaserPointer/LaserPointerMaterialInst.uasset" 256
"../../../Engine/Content/VREditor/LaserPointer/TranslucentLaserPointerMaterialInst.uasset" 257
"../../../Engine/Content/VREditor/LaserPointer/LaserPointerMesh.uasset" 258
"../../../Engine/Content/VREditor/LaserPointer/LaserPointerMesh_End.uasset" 259
"../../../Engine/Content/VREditor/LaserPointer/LaserPointerMesh_Start.uasset" 260
"../../../Engine/Content/Functions/Engine_MaterialFunctions02/Utility/BreakOutFloat3Components.uasset" 261
"../../../Engine/Content/Functions/Engine_MaterialFunctions02/Math/Transform3x3Matrix.uasset" 262
"../../../Engine/Content/Functions/Engine_MaterialFunctions02/SplitComponents.uasset" 263
"../../../Engine/Content/Functions/Engine_MaterialFunctions02/Utility/MakeFloat3.uasset" 264
"../../../Engine/Content/VREditor/SnapGrid/SnapGridMaterial.uasset" 265
"../../../Engine/Content/VREditor/SnapGrid/SnapGridPlaneMesh.uasset" 266
"../../../Engine/Content/VREditor/Sounds/VR_teleport_Cue.uasset" 267
"../../../Engine/Content/VREditor/Sounds/UI/Click_on_Button_Cue.uasset" 268
"../../../Engine/Content/VREditor/Sounds/UI/Dockable_Window_Close.uasset" 269
"../../../Engine/Content/VREditor/Sounds/UI/Dockable_Window_Drop.uasset" 270
"../../../Engine/Content/VREditor/Sounds/UI/Dockable_Window_Open.uasset" 271
"../../../Engine/Content/VREditor/Sounds/UI/Dockable_Window_Pick_Up.uasset" 272
"../../../Engine/Content/VREditor/Sounds/UI/Drop_Item_From_ContentBrowser.uasset" 273
"../../../Engine/Content/VREditor/Sounds/UI/Floating_UI_Open-001.uasset" 274
"../../../Engine/Content/VREditor/Sounds/UI/Gizmo_Handle_Clicked.uasset" 275
"../../../Engine/Content/VREditor/Sounds/UI/Object_PickUp.uasset" 276
"../../../Engine/Content/VREditor/Sounds/UI/Object_Snaps_To_Another_Actor.uasset" 277
"../../../Engine/Content/VREditor/Sounds/UI/Object_Snaps_To_Grid.uasset" 278
"../../../Engine/Content/VREditor/Sounds/UI/Radial_Menu_FadeOut.uasset" 279
"../../../Engine/Content/VREditor/Sounds/UI/Scaling_Down.uasset" 280
"../../../Engine/Content/VREditor/Sounds/UI/Scaling_Up.uasset" 281
"../../../Engine/Content/VREditor/Sounds/UI/Selection_Changes.uasset" 282
"../../../Engine/Content/VREditor/Sounds/UI/Teleport_Mode_Entered.uasset" 283
"../../../Engine/Content/VREditor/Teleport/TeleportDirectionMaterial.uasset" 284
"../../../Engine/Content/VREditor/Teleport/TeleportDirectionMaterial_Inst.uasset" 285
"../../../Engine/Content/VREditor/Teleport/TeleportDirectionMesh.uasset" 286
"../../../Engine/Content/VREditor/TransformGizmo/BoundingBoxCorner.uasset" 287
"../../../Engine/Content/VREditor/TransformGizmo/BoundingBoxEdge.uasset" 288
"../../../Engine/Content/VREditor/TransformGizmo/PlaneTranslationHandle.uasset" 289
"../../../Engine/Content/VREditor/TransformGizmo/RotationHandle.uasset" 290
"../../../Engine/Content/VREditor/TransformGizmo/RotationHandleFull.uasset" 291
"../../../Engine/Content/VREditor/TransformGizmo/RotationHandleIndicator.uasset" 292
"../../../Engine/Content/VREditor/TransformGizmo/RotationHandleQuarter.uasset" 293
"../../../Engine/Content/VREditor/TransformGizmo/Main.uasset" 294
"../../../Engine/Content/VREditor/TransformGizmo/Xray.uasset" 295
"../../../Engine/Content/VREditor/TransformGizmo/SM_Dialog_Close.uasset" 296
"../../../Engine/Content/VREditor/TransformGizmo/SM_Dialog_Move.uasset" 297
"../../../Engine/Content/VREditor/TransformGizmo/SM_Sequencer_Key.uasset" 298
"../../../Engine/Content/VREditor/TransformGizmo/StartRotationHandleIndicator.uasset" 299
"../../../Engine/Content/VREditor/TransformGizmo/TransformGizmoMaterial_Inst.uasset" 300
"../../../Engine/Content/VREditor/TransformGizmo/TranslateArrowHandle.uasset" 301
"../../../Engine/Content/VREditor/TransformGizmo/TranslationHandle.uasset" 302
"../../../Engine/Content/VREditor/TransformGizmo/TranslucentTransformGizmoMaterial_Inst.uasset" 303
"../../../Engine/Content/VREditor/TransformGizmo/UniformScaleHandle.uasset" 304
"../../../Engine/Content/VREditor/UI/KeyDiskMaterial.uasset" 305
"../../../Engine/Content/VREditor/UI/DiscMaterial.uasset" 306
"../../../Engine/Content/VREditor/UI/SM_Radial_Disk.uasset" 307
"../../../Engine/Content/VREditor/WorldMovementGrid/SimpleGrid.uasset" 308
"../../../Engine/Content/VREditor/WorldMovementGrid/GridMaterial.uasset" 309
"../../../Engine/Content/Functions/Engine_MaterialFunctions01/Density/ExponentialDensity.uasset" 310
"../../../Engine/Content/VREditor/WorldMovementGrid/GridPostProcess.uasset" 311
"../../../Engine/Content/EditorLandscapeResources/FlattenHeightMat.uasset" 312
"../../../Engine/Content/VREditor/WorldMovementGrid/PlaneMesh.uasset" 313
"../../../Engine/Plugins/2D/Paper2D/Content/DummySprite.uasset" 314
"../../../Engine/Plugins/2D/Paper2D/Content/DefaultPaperTerrainMaterial.uasset" 315
"../../../Engine/Plugins/2D/Paper2D/Content/PlaceholderTextures/DummySpriteTexture.uasset" 316
"../../../Engine/Plugins/Runtime/GearVR/Content/Textures/GearVRController_AO.uasset" 317
"../../../Engine/Plugins/Runtime/GearVR/Content/Textures/GearVRController_Color.uasset" 318
"../../../Engine/Plugins/Runtime/GearVR/Content/Textures/GearVRController_Normal.uasset" 319
"../../../Engine/Plugins/Runtime/GearVR/Content/Materials/GearVRControllerMaterial.uasset" 320
"../../../Engine/Plugins/Runtime/GearVR/Content/Meshes/GearVrController.uasset" 321
"../../../Engine/Content/EditorBlueprintResources/StandardMacros.uasset" 322
"../../../TDOTU/Content/Assets/Textures/Bullet.uasset" 323
"../../../TDOTU/Content/Assets/Sprites/Bullet_Sprite.uasset" 324
"../../../TDOTU/Content/Blueprint/Characters/Michael/GenericBullet.uasset" 325
"../../../TDOTU/Content/Blueprint/Characters/Michael/MichaelBaseWeapon.uasset" 326
"../../../TDOTU/Content/Blueprint/Characters/Michael/M4.uasset" 327
"../../../Engine/Plugins/2D/Paper2D/Content/TranslucentUnlitSpriteMaterial.uasset" 328
"../../../TDOTU/Content/Assets/Textures/M4.uasset" 329
"../../../TDOTU/Content/Assets/Sprites/M4_Sprite.uasset" 330
"../../../TDOTU/Content/Assets/Textures/Sprite_Micheal.uasset" 331
"../../../TDOTU/Content/Assets/Sprites/Sprite_Micheal_Sprite.uasset" 332
"../../../TDOTU/Content/Assets/Sprites/Sprite_Micheal_Flipbook_Idle.uasset" 333
"../../../TDOTU/Content/Blueprint/Characters/Michael/CharacterMichael.uasset" 334
"../../../TDOTU/Content/Blueprint/Generic/Gamemode_Endless.uasset" 335
"../../../TDOTU/Content/Maps/Map_Endless_Night.umap" 336
"../../../Engine/Plugins/2D/Paper2D/Content/MaskedUnlitSpriteMaterial.uasset" 337
"../../../TDOTU/Content/Assets/Sprites/Alpaca/IdleFrames/Alpaca_Idle.uasset" 338
"../../../TDOTU/Content/Assets/Sprites/Alpaca/IdleFrames/Alpaca_Idle_Sprite_0.uasset" 339
"../../../TDOTU/Content/Assets/Sprites/Alpaca/IdleFrames/Alpaca_Idle_Sprite_1.uasset" 340
"../../../TDOTU/Content/Assets/Sprites/Alpaca/IdleFrames/Alpaca_Idle_Sprite_10.uasset" 341
"../../../TDOTU/Content/Assets/Sprites/Alpaca/IdleFrames/Alpaca_Idle_Sprite_11.uasset" 342
"../../../TDOTU/Content/Assets/Sprites/Alpaca/IdleFrames/Alpaca_Idle_Sprite_12.uasset" 343
"../../../TDOTU/Content/Assets/Sprites/Alpaca/IdleFrames/Alpaca_Idle_Sprite_13.uasset" 344
"../../../TDOTU/Content/Assets/Sprites/Alpaca/IdleFrames/Alpaca_Idle_Sprite_14.uasset" 345
"../../../TDOTU/Content/Assets/Sprites/Alpaca/IdleFrames/Alpaca_Idle_Sprite_15.uasset" 346
"../../../TDOTU/Content/Assets/Sprites/Alpaca/IdleFrames/Alpaca_Idle_Sprite_16.uasset" 347
"../../../TDOTU/Content/Assets/Sprites/Alpaca/IdleFrames/Alpaca_Idle_Sprite_17.uasset" 348
"../../../TDOTU/Content/Assets/Sprites/Alpaca/IdleFrames/Alpaca_Idle_Sprite_18.uasset" 349
"../../../TDOTU/Content/Assets/Sprites/Alpaca/IdleFrames/Alpaca_Idle_Sprite_19.uasset" 350
"../../../TDOTU/Content/Assets/Sprites/Alpaca/IdleFrames/Alpaca_Idle_Sprite_2.uasset" 351
"../../../TDOTU/Content/Assets/Sprites/Alpaca/IdleFrames/Alpaca_Idle_Sprite_20.uasset" 352
"../../../TDOTU/Content/Assets/Sprites/Alpaca/IdleFrames/Alpaca_Idle_Sprite_21.uasset" 353
"../../../TDOTU/Content/Assets/Sprites/Alpaca/IdleFrames/Alpaca_Idle_Sprite_22.uasset" 354
"../../../TDOTU/Content/Assets/Sprites/Alpaca/IdleFrames/Alpaca_Idle_Sprite_23.uasset" 355
"../../../TDOTU/Content/Assets/Sprites/Alpaca/IdleFrames/Alpaca_Idle_Sprite_24.uasset" 356
"../../../TDOTU/Content/Assets/Sprites/Alpaca/IdleFrames/Alpaca_Idle_Sprite_25.uasset" 357
"../../../TDOTU/Content/Assets/Sprites/Alpaca/IdleFrames/Alpaca_Idle_Sprite_26.uasset" 358
"../../../TDOTU/Content/Assets/Sprites/Alpaca/IdleFrames/Alpaca_Idle_Sprite_27.uasset" 359
"../../../TDOTU/Content/Assets/Sprites/Alpaca/IdleFrames/Alpaca_Idle_Sprite_28.uasset" 360
"../../../TDOTU/Content/Assets/Sprites/Alpaca/IdleFrames/Alpaca_Idle_Sprite_29.uasset" 361
"../../../TDOTU/Content/Assets/Sprites/Alpaca/IdleFrames/Alpaca_Idle_Sprite_3.uasset" 362
"../../../TDOTU/Content/Assets/Sprites/Alpaca/IdleFrames/Alpaca_Idle_Sprite_30.uasset" 363
"../../../TDOTU/Content/Assets/Sprites/Alpaca/IdleFrames/Alpaca_Idle_Sprite_31.uasset" 364
"../../../TDOTU/Content/Assets/Sprites/Alpaca/IdleFrames/Alpaca_Idle_Sprite_4.uasset" 365
"../../../TDOTU/Content/Assets/Sprites/Alpaca/IdleFrames/Alpaca_Idle_Sprite_5.uasset" 366
"../../../TDOTU/Content/Assets/Sprites/Alpaca/IdleFrames/Alpaca_Idle_Sprite_6.uasset" 367
"../../../TDOTU/Content/Assets/Sprites/Alpaca/IdleFrames/Alpaca_Idle_Sprite_7.uasset" 368
"../../../TDOTU/Content/Assets/Sprites/Alpaca/IdleFrames/Alpaca_Idle_Sprite_8.uasset" 369
"../../../TDOTU/Content/Assets/Sprites/Alpaca/IdleFrames/Alpaca_Idle_Sprite_9.uasset" 370
"../../../TDOTU/Content/Assets/Sprites/Alpaca/IdleFrames/IdleAnimation_Alpaca.uasset" 371
"../../../TDOTU/Content/Assets/Sprites/Alpaca/JumpFrames/Jump_Sprite_4.uasset" 372
"../../../TDOTU/Content/Assets/Sprites/Alpaca/JumpFrames/fallinganmiation.uasset" 373
"../../../TDOTU/Content/Assets/Sprites/Alpaca/JumpFrames/Jump_Sprite_6.uasset" 374
"../../../TDOTU/Content/Assets/Sprites/Alpaca/JumpFrames/Jump_Sprite_7.uasset" 375
"../../../TDOTU/Content/Assets/Sprites/Alpaca/JumpFrames/Jump_Sprite_8.uasset" 376
"../../../TDOTU/Content/Assets/Sprites/Alpaca/JumpFrames/Jump_Sprite_9.uasset" 377
"../../../TDOTU/Content/Assets/Sprites/Alpaca/JumpFrames/landanimation.uasset" 378
"../../../TDOTU/Content/Assets/Sprites/Alpaca/RunFrames/corsa_e_cammianta_alpaca.uasset" 379
"../../../TDOTU/Content/Assets/Sprites/Alpaca/JumpFrames/corsa_e_cammianta_alpaca_Sprite_40.uasset" 380
"../../../TDOTU/Content/Assets/Sprites/Alpaca/JumpFrames/movimentoinaria.uasset" 381
"../../../TDOTU/Content/Assets/Sprites/Alpaca/JumpFrames/Jump_Sprite_0.uasset" 382
"../../../TDOTU/Content/Assets/Sprites/Alpaca/JumpFrames/Jump_Sprite_1.uasset" 383
"../../../TDOTU/Content/Assets/Sprites/Alpaca/JumpFrames/Jump_Sprite_2.uasset" 384
"../../../TDOTU/Content/Assets/Sprites/Alpaca/JumpFrames/salto.uasset" 385
"../../../TDOTU/Content/Assets/Sprites/Alpaca/JumpFrames/Jump_Sprite_3.uasset" 386
"../../../TDOTU/Content/Assets/Sprites/Alpaca/JumpFrames/saltoaira.uasset" 387
"../../../TDOTU/Content/Assets/Sprites/Alpaca/RunFrames/corsa_e_cammianta_alpaca_Sprite_24.uasset" 388
"../../../TDOTU/Content/Assets/Sprites/Alpaca/RunFrames/corsa_e_cammianta_alpaca_Sprite_25.uasset" 389
"../../../TDOTU/Content/Assets/Sprites/Alpaca/RunFrames/corsa_e_cammianta_alpaca_Sprite_26.uasset" 390
"../../../TDOTU/Content/Assets/Sprites/Alpaca/RunFrames/corsa_e_cammianta_alpaca_Sprite_27.uasset" 391
"../../../TDOTU/Content/Assets/Sprites/Alpaca/RunFrames/corsa_e_cammianta_alpaca_Sprite_28.uasset" 392
"../../../TDOTU/Content/Assets/Sprites/Alpaca/RunFrames/corsa_e_cammianta_alpaca_Sprite_29.uasset" 393
"../../../TDOTU/Content/Assets/Sprites/Alpaca/RunFrames/corsa_e_cammianta_alpaca_Sprite_30.uasset" 394
"../../../TDOTU/Content/Assets/Sprites/Alpaca/RunFrames/corsa_e_cammianta_alpaca_Sprite_31.uasset" 395
"../../../TDOTU/Content/Assets/Sprites/Alpaca/RunFrames/corsa_e_cammianta_alpaca_Sprite_32.uasset" 396
"../../../TDOTU/Content/Assets/Sprites/Alpaca/RunFrames/corsa_e_cammianta_alpaca_Sprite_33.uasset" 397
"../../../TDOTU/Content/Assets/Sprites/Alpaca/RunFrames/corsa_e_cammianta_alpaca_Sprite_34.uasset" 398
"../../../TDOTU/Content/Assets/Sprites/Alpaca/RunFrames/corsa_e_cammianta_alpaca_Sprite_35.uasset" 399
"../../../TDOTU/Content/Assets/Sprites/Alpaca/RunFrames/corsa_e_cammianta_alpaca_Sprite_36.uasset" 400
"../../../TDOTU/Content/Assets/Sprites/Alpaca/RunFrames/corsa_e_cammianta_alpaca_Sprite_37.uasset" 401
"../../../TDOTU/Content/Assets/Sprites/Alpaca/RunFrames/corsa_e_cammianta_alpaca_Sprite_38.uasset" 402
"../../../TDOTU/Content/Assets/Sprites/Alpaca/RunFrames/corsa_e_cammianta_alpaca_Sprite_39.uasset" 403
"../../../TDOTU/Content/Assets/Sprites/Alpaca/RunFrames/corsa_e_cammianta_alpaca_Sprite_40.uasset" 404
"../../../TDOTU/Content/Assets/Sprites/Alpaca/RunFrames/corsa_e_cammianta_alpaca_Sprite_41.uasset" 405
"../../../TDOTU/Content/Assets/Sprites/Alpaca/RunFrames/corsa_e_cammianta_alpaca_Sprite_42.uasset" 406
"../../../TDOTU/Content/Assets/Sprites/Alpaca/RunFrames/corsa_e_cammianta_alpaca_Sprite_43.uasset" 407
"../../../TDOTU/Content/Assets/Sprites/Alpaca/RunFrames/corsa_e_cammianta_alpaca_Sprite_44.uasset" 408
"../../../TDOTU/Content/Assets/Sprites/Alpaca/RunFrames/corsa_e_cammianta_alpaca_Sprite_45.uasset" 409
"../../../TDOTU/Content/Assets/Sprites/Alpaca/RunFrames/corsa_e_cammianta_alpaca_Sprite_46.uasset" 410
"../../../TDOTU/Content/Assets/Sprites/Alpaca/RunFrames/corsa_e_cammianta_alpaca_Sprite_47.uasset" 411
"../../../TDOTU/Content/Assets/Sprites/Alpaca/RunFrames/corsa_e_cammianta_alpaca_Sprite_48.uasset" 412
"../../../TDOTU/Content/Assets/Sprites/Alpaca/RunFrames/corsa_e_cammianta_alpaca_Sprite_49.uasset" 413
"../../../TDOTU/Content/Assets/Sprites/Alpaca/RunFrames/corsa_e_cammianta_alpaca_Sprite_50.uasset" 414
"../../../TDOTU/Content/Assets/Sprites/Alpaca/RunFrames/corsa_e_cammianta_alpaca_Sprite_51.uasset" 415
"../../../TDOTU/Content/Assets/Sprites/Alpaca/RunFrames/corsa_e_cammianta_alpaca_Sprite_52.uasset" 416
"../../../TDOTU/Content/Assets/Sprites/Alpaca/RunFrames/corsa_e_cammianta_alpaca_Sprite_53.uasset" 417
"../../../TDOTU/Content/Assets/Sprites/Alpaca/RunFrames/corsa_e_cammianta_alpaca_Sprite_54.uasset" 418
"../../../TDOTU/Content/Assets/Sprites/Alpaca/RunFrames/corsa_e_cammianta_alpaca_Sprite_55.uasset" 419
"../../../TDOTU/Content/Assets/Sprites/Alpaca/RunFrames/RunningAnimation.uasset" 420
"../../../TDOTU/Content/Assets/Sprites/Alpaca/RunFrames/RunningAnimation_2.uasset" 421
"../../../TDOTU/Content/Assets/Sprites/Alpaca/RunFrames/corsa_e_cammianta_alpaca_Sprite_0.uasset" 422
"../../../TDOTU/Content/Assets/Sprites/Alpaca/RunFrames/corsa_e_cammianta_alpaca_Sprite_1.uasset" 423
"../../../TDOTU/Content/Assets/Sprites/Alpaca/RunFrames/corsa_e_cammianta_alpaca_Sprite_10.uasset" 424
"../../../TDOTU/Content/Assets/Sprites/Alpaca/RunFrames/corsa_e_cammianta_alpaca_Sprite_11.uasset" 425
"../../../TDOTU/Content/Assets/Sprites/Alpaca/RunFrames/corsa_e_cammianta_alpaca_Sprite_12.uasset" 426
"../../../TDOTU/Content/Assets/Sprites/Alpaca/RunFrames/corsa_e_cammianta_alpaca_Sprite_13.uasset" 427
"../../../TDOTU/Content/Assets/Sprites/Alpaca/RunFrames/corsa_e_cammianta_alpaca_Sprite_14.uasset" 428
"../../../TDOTU/Content/Assets/Sprites/Alpaca/RunFrames/corsa_e_cammianta_alpaca_Sprite_15.uasset" 429
"../../../TDOTU/Content/Assets/Sprites/Alpaca/RunFrames/corsa_e_cammianta_alpaca_Sprite_16.uasset" 430
"../../../TDOTU/Content/Assets/Sprites/Alpaca/RunFrames/corsa_e_cammianta_alpaca_Sprite_17.uasset" 431
"../../../TDOTU/Content/Assets/Sprites/Alpaca/RunFrames/corsa_e_cammianta_alpaca_Sprite_18.uasset" 432
"../../../TDOTU/Content/Assets/Sprites/Alpaca/RunFrames/corsa_e_cammianta_alpaca_Sprite_19.uasset" 433
"../../../TDOTU/Content/Assets/Sprites/Alpaca/RunFrames/corsa_e_cammianta_alpaca_Sprite_2.uasset" 434
"../../../TDOTU/Content/Assets/Sprites/Alpaca/RunFrames/corsa_e_cammianta_alpaca_Sprite_20.uasset" 435
"../../../TDOTU/Content/Assets/Sprites/Alpaca/RunFrames/corsa_e_cammianta_alpaca_Sprite_21.uasset" 436
"../../../TDOTU/Content/Assets/Sprites/Alpaca/RunFrames/corsa_e_cammianta_alpaca_Sprite_22.uasset" 437
"../../../TDOTU/Content/Assets/Sprites/Alpaca/RunFrames/corsa_e_cammianta_alpaca_Sprite_23.uasset" 438
"../../../TDOTU/Content/Assets/Sprites/Alpaca/RunFrames/corsa_e_cammianta_alpaca_Sprite_3.uasset" 439
"../../../TDOTU/Content/Assets/Sprites/Alpaca/RunFrames/corsa_e_cammianta_alpaca_Sprite_4.uasset" 440
"../../../TDOTU/Content/Assets/Sprites/Alpaca/RunFrames/corsa_e_cammianta_alpaca_Sprite_5.uasset" 441
"../../../TDOTU/Content/Assets/Sprites/Alpaca/RunFrames/corsa_e_cammianta_alpaca_Sprite_6.uasset" 442
"../../../TDOTU/Content/Assets/Sprites/Alpaca/RunFrames/corsa_e_cammianta_alpaca_Sprite_7.uasset" 443
"../../../TDOTU/Content/Assets/Sprites/Alpaca/RunFrames/corsa_e_cammianta_alpaca_Sprite_8.uasset" 444
"../../../TDOTU/Content/Assets/Sprites/Alpaca/RunFrames/corsa_e_cammianta_alpaca_Sprite_9.uasset" 445
"../../../TDOTU/Content/Assets/Sprites/Alpaca/RunFrames/WalkingAnimation.uasset" 446
"../../../TDOTU/Content/Assets/Sprites/Alpaca/RunFrames/WalkingAnimation_2.uasset" 447
"../../../TDOTU/Content/Blueprint/Characters/Generic/BasePlayerCharacter.uasset" 448
"../../../TDOTU/Content/Blueprint/Enemies/EnemyHealth.uasset" 449
"../../../TDOTU/Content/Blueprint/Enemies/BaseEnemy.uasset" 450
"../../../TDOTU/Content/Assets/Sprites/Alpaca/JumpFrames/dash.uasset" 451
"../../../TDOTU/Content/Assets/Sprites/Alpaca/JumpFrames/dash_Sprite_0.uasset" 452
"../../../TDOTU/Content/Assets/Sprites/Alpaca/JumpFrames/Dashing.uasset" 453
"../../../TDOTU/Content/Assets/HUD/BottoneGenerico.uasset" 454
"../../../TDOTU/Content/Blueprint/Characters/Alpaca/UMG_AlpacaHUD.uasset" 455
"../../../TDOTU/Content/Blueprint/Characters/Alpaca/CharacterAlpaca.uasset" 456
"../../../TDOTU/Content/Blueprint/Enemies/EnemyEndless1/EnemyEndless1.uasset" 457
"../../../TDOTU/Content/Blueprint/Generic/DefaultGameMode.uasset" 458
"../../../TDOTU/Content/Assets/Levels/alberi_1.uasset" 459
"../../../TDOTU/Content/Assets/Levels/alberi_1_Sprite.uasset" 460
"../../../TDOTU/Content/Assets/Levels/alberi_2.uasset" 461
"../../../TDOTU/Content/Assets/Levels/alberi_2_Sprite.uasset" 462
"../../../TDOTU/Content/Assets/Levels/alberi_3.uasset" 463
"../../../TDOTU/Content/Assets/Levels/alberi_3_Sprite.uasset" 464
"../../../TDOTU/Content/Assets/Levels/alveri_4.uasset" 465
"../../../TDOTU/Content/Assets/Levels/alveri_4_Sprite.uasset" 466
"../../../TDOTU/Content/Assets/Levels/Livello_1.uasset" 467
"../../../TDOTU/Content/Assets/Levels/Livello_1_Sprite.uasset" 468
"../../../TDOTU/Content/Assets/Levels/lIvello_2.uasset" 469
"../../../TDOTU/Content/Assets/Levels/lIvello_2_Sprite.uasset" 470
"../../../TDOTU/Content/Assets/Levels/livello_3.uasset" 471
"../../../TDOTU/Content/Assets/Levels/livello_3_Sprite.uasset" 472
"../../../TDOTU/Content/Assets/Levels/livello_4.uasset" 473
"../../../TDOTU/Content/Assets/Levels/livello_4_Sprite.uasset" 474
"../../../TDOTU/Content/Assets/Levels/livello_5.uasset" 475
"../../../TDOTU/Content/Assets/Levels/livello_5_Sprite.uasset" 476
"../../../TDOTU/Content/Assets/Levels/lucciole.uasset" 477
"../../../TDOTU/Content/Assets/Levels/lucciole_Sprite.uasset" 478
"../../../TDOTU/Content/Assets/Levels/lucciole_Sprite1.uasset" 479
"../../../TDOTU/Content/Assets/Levels/lucciole_Sprite2.uasset" 480
"../../../TDOTU/Content/Assets/Levels/lucciole_Sprite3.uasset" 481
"../../../TDOTU/Content/Assets/Levels/lucciole_Sprite4.uasset" 482
"../../../TDOTU/Content/Assets/Levels/lucciole_Sprite5.uasset" 483
"../../../TDOTU/Content/Assets/Levels/lucciole2.uasset" 484
"../../../TDOTU/Content/Assets/Levels/luna_Sprite_0.uasset" 485
"../../../TDOTU/Content/Assets/Levels/sfondo_stelle.uasset" 486
"../../../TDOTU/Content/Assets/Levels/sfondo_stelle_Sprite.uasset" 487
"../../../TDOTU/Content/Assets/Textures/2DBackgroundBlockAtlas.uasset" 488
"../../../TDOTU/Content/Assets/Sprites/Ledge.uasset" 489
"../../../TDOTU/Content/Assets/Menu/Exit_Button.uasset" 490
"../../../TDOTU/Content/Assets/Menu/Exit_Button_Sprite_0.uasset" 491
"../../../TDOTU/Content/Assets/Menu/Exit_Button_Sprite_1.uasset" 492
"../../../TDOTU/Content/Assets/Menu/Logo___Demon_s_Uprising_Animated.uasset" 493
"../../../TDOTU/Content/Assets/Menu/Logo___Demon_s_Uprising_Animated_Sprite_0.uasset" 494
"../../../TDOTU/Content/Assets/Menu/Logo___Demon_s_Uprising_Animated_Sprite_1.uasset" 495
"../../../TDOTU/Content/Assets/Menu/Logo___Demon_s_Uprising_Animated_Sprite_2.uasset" 496
"../../../TDOTU/Content/Assets/Menu/Logo___Demon_s_Uprising_Animated_Sprite_3.uasset" 497
"../../../TDOTU/Content/Assets/Menu/Music_Button.uasset" 498
"../../../TDOTU/Content/Assets/Menu/Music_Button_Sprite_0.uasset" 499
"../../../TDOTU/Content/Assets/Menu/Music_Button_Sprite_1.uasset" 500
"../../../TDOTU/Content/Assets/Menu/Play_Button.uasset" 501
"../../../TDOTU/Content/Assets/Menu/Play_Button_Sprite_0.uasset" 502
"../../../TDOTU/Content/Assets/Menu/Play_Button_Sprite_1.uasset" 503
"../../../TDOTU/Content/Assets/Menu/SCRITTA_ANIMATA_TDODU_Sprite_158.uasset" 504
"../../../TDOTU/Content/Assets/Menu/SCRITTA_ANIMATA_TDODU_Sprite_159.uasset" 505
"../../../TDOTU/Content/Assets/Menu/SCRITTA_ANIMATA_TDODU_Sprite_160.uasset" 506
"../../../TDOTU/Content/Assets/Menu/SCRITTA_ANIMATA_TDODU_Sprite_161.uasset" 507
"../../../TDOTU/Content/Assets/Menu/SCRITTA_ANIMATA_TDODU_Sprite_162.uasset" 508
"../../../TDOTU/Content/Assets/Menu/SCRITTA_ANIMATA_TDODU_Sprite_163.uasset" 509
"../../../TDOTU/Content/Assets/Menu/SCRITTA_ANIMATA_TDODU_Sprite_164.uasset" 510
"../../../TDOTU/Content/Assets/Menu/SCRITTA_ANIMATA_TDODU_Sprite_165.uasset" 511
"../../../TDOTU/Content/Assets/Menu/SCRITTA_ANIMATA_TDODU_Sprite_166.uasset" 512
"../../../TDOTU/Content/Assets/Menu/SCRITTA_ANIMATA_TDODU_Sprite_167.uasset" 513
"../../../TDOTU/Content/Assets/Menu/SCRITTA_ANIMATA_TDODU_Sprite_169.uasset" 514
"../../../TDOTU/Content/Assets/Menu/SCRITTA_ANIMATA_TDODU_Sprite_170.uasset" 515
"../../../TDOTU/Content/Assets/Menu/SCRITTA_ANIMATA_TDODU_Sprite_171.uasset" 516
"../../../TDOTU/Content/Assets/Menu/SCRITTA_ANIMATA_TDODU_Sprite_172.uasset" 517
"../../../TDOTU/Content/Assets/Menu/SCRITTA_ANIMATA_TDODU_Sprite_173.uasset" 518
"../../../TDOTU/Content/Assets/Menu/SCRITTA_ANIMATA_TDODU_Sprite_174.uasset" 519
"../../../TDOTU/Content/Assets/Menu/SCRITTA_ANIMATA_TDODU_Sprite_175.uasset" 520
"../../../TDOTU/Content/Assets/Menu/SCRITTA_ANIMATA_TDODU_Sprite_176.uasset" 521
"../../../TDOTU/Content/Assets/Menu/SCRITTA_ANIMATA_TDODU_Sprite_177.uasset" 522
"../../../TDOTU/Content/Assets/Menu/SCRITTA_ANIMATA_TDODU_Sprite_179.uasset" 523
"../../../TDOTU/Content/Assets/Menu/SCRITTA_ANIMATA_TDODU_Sprite_180.uasset" 524
"../../../TDOTU/Content/Assets/Menu/SCRITTA_ANIMATA_TDODU_Sprite_181.uasset" 525
"../../../TDOTU/Content/Assets/Menu/SCRITTA_ANIMATA_TDODU_Sprite_182.uasset" 526
"../../../TDOTU/Content/Assets/Menu/SCRITTA_ANIMATA_TDODU_Sprite_183.uasset" 527
"../../../TDOTU/Content/Assets/Menu/SCRITTA_ANIMATA_TDODU_Sprite_184.uasset" 528
"../../../TDOTU/Content/Blueprint/Generic/Menu/UMG_MainMenu.uasset" 529
"../../../TDOTU/Content/Maps/TestMap.umap" 530
"../../../Engine/Content/Maps/Entry.umap" 531
