"../../../Engine/Content/ArtTools/RenderToTexture/Enums/RenderToTexture_Enum.uasset" 0
"../../../Engine/Content/ArtTools/RenderToTexture/Enums/RenderToTexture_Flipbook_Enum.uasset" 1
"../../../Engine/Content/ArtTools/RenderToTexture/Enums/RenderToTexture_Imposter_Enum.uasset" 2
"../../../Engine/Content/EditorBlueprintResources/StandardMacros.uasset" 3
"../../../Engine/Content/ArtTools/RenderToTexture/Enums/EIntTypes.uasset" 4
"../../../Engine/Content/ArtTools/RenderToTexture/Macros/RenderToTextureFunctionLibrary.uasset" 5
"../../../Engine/Content/ArtTools/RenderToTexture/Enums/EFloatTypes.uasset" 6
"../../../Engine/Content/ArtTools/RenderToTexture/Macros/RenderToTextureMacros.uasset" 7
"../../../Engine/Content/Functions/Engine_MaterialFunctions01/Opacity/CameraDepthFade.uasset" 8
"../../../Engine/Content/EngineMaterials/T_Default_Material_Grid_M.uasset" 9
"../../../Engine/Content/EngineMaterials/T_Default_Material_Grid_N.uasset" 10
"../../../Engine/Content/EngineMaterials/WorldGridMaterial.uasset" 11
"../../../Engine/Content/ArtTools/RenderToTexture/Meshes/S_1_Unit_Plane.uasset" 12
"../../../Engine/Content/EngineMaterials/DefaultMaterial.uasset" 13
"../../../Engine/Content/BasicShapes/Cone.uasset" 14
"../../../Engine/Content/BasicShapes/Cube.uasset" 15
"../../../Engine/Content/BasicShapes/Cylinder.uasset" 16
"../../../Engine/Content/BasicShapes/Plane.uasset" 17
"../../../Engine/Content/BasicShapes/Sphere.uasset" 18
"../../../Engine/Content/EngineMaterials/DefaultPhysicalMaterial.uasset" 19
"../../../Engine/Content/BufferVisualization/AmbientOcclusion.uasset" 20
"../../../Engine/Content/BufferVisualization/BaseColor.uasset" 21
"../../../Engine/Content/BufferVisualization/CustomDepth.uasset" 22
"../../../Engine/Content/Functions/Engine_MaterialFunctions02/Utility/VectorLength.uasset" 23
"../../../Engine/Content/BufferVisualization/CustomDepthWorldUnits.uasset" 24
"../../../Engine/Content/Functions/Engine_MaterialFunctions02/Utility/BreakOutFloat2Components.uasset" 25
"../../../Engine/Content/Functions/Engine_MaterialFunctions01/Texturing/ScaleUVsByCenter.uasset" 26
"../../../Engine/Content/Functions/Engine_MaterialFunctions02/ScreenResolution.uasset" 27
"../../../Engine/Content/Functions/Engine_MaterialFunctions02/Texturing/ScreenAlignedUVs.uasset" 28
"../../../Engine/Content/Functions/Engine_MaterialFunctions02/Utility/MakeFloat2.uasset" 29
"../../../Engine/Content/Functions/Engine_MaterialFunctions02/Utility/MakeFloat3.uasset" 30
"../../../Engine/Content/EngineMaterials/MiniFont.uasset" 31
"../../../Engine/Content/BufferVisualization/CustomStencil.uasset" 32
"../../../Engine/Content/BufferVisualization/FinalImage.uasset" 33
"../../../Engine/Content/BufferVisualization/LightingModel.uasset" 34
"../../../Engine/Content/BufferVisualization/MaterialAO.uasset" 35
"../../../Engine/Content/BufferVisualization/Metallic.uasset" 36
"../../../Engine/Content/BufferVisualization/Opacity.uasset" 37
"../../../Engine/Content/BufferVisualization/PostTonemapHDRColor.uasset" 38
"../../../Engine/Content/BufferVisualization/PreTonemapHDRColor.uasset" 39
"../../../Engine/Content/BufferVisualization/Roughness.uasset" 40
"../../../Engine/Content/BufferVisualization/SceneColor.uasset" 41
"../../../Engine/Content/BufferVisualization/SceneDepth.uasset" 42
"../../../Engine/Content/BufferVisualization/SceneDepthWorldUnits.uasset" 43
"../../../Engine/Content/BufferVisualization/SeparateTranslucencyA.uasset" 44
"../../../Engine/Content/BufferVisualization/SeparateTranslucencyRGB.uasset" 45
"../../../Engine/Content/BufferVisualization/Specular.uasset" 46
"../../../Engine/Content/BufferVisualization/SubsurfaceColor.uasset" 47
"../../../Engine/Content/BufferVisualization/WorldNormal.uasset" 48
"../../../Engine/Content/EditorBlueprintResources/ActorMacros.uasset" 49
"../../../Engine/Content/EditorLandscapeResources/DataLayer.uasset" 50
"../../../Engine/Content/EditorLandscapeResources/DefaultAlphaTexture.uasset" 51
"../../../Engine/Content/EditorLandscapeResources/LandscapeGizmoHeight_Mat.uasset" 52
"../../../Engine/Content/EditorLandscapeResources/LandscapeGizmo_Mat.uasset" 53
"../../../Engine/Content/EditorLandscapeResources/LandscapeGizmo_Mat_Copied.uasset" 54
"../../../Engine/Content/EditorLandscapeResources/SplineEditorMeshMat.uasset" 55
"../../../Engine/Content/EditorLandscapeResources/SplineEditorMesh.uasset" 56
"../../../Engine/Content/EditorMaterials/Cross.uasset" 57
"../../../Engine/Content/EditorMaterials/Cross_Mat.uasset" 58
"../../../Engine/Content/EditorMaterials/GizmoMaterial.uasset" 59
"../../../Engine/Content/Functions/Engine_MaterialFunctions02/Utility/Sign.uasset" 60
"../../../Engine/Content/Functions/Engine_MaterialFunctions02/Utility/Round.uasset" 61
"../../../Engine/Content/Functions/Engine_MaterialFunctions02/ExampleContent/Textures/flipbook.uasset" 62
"../../../Engine/Content/Functions/Engine_MaterialFunctions02/Texturing/FlipBook.uasset" 63
"../../../Engine/Content/EditorResources/T_EditorHelp.uasset" 64
"../../../Engine/Content/EditorMaterials/HelpActorMaterial.uasset" 65
"../../../Engine/Content/EditorMaterials/CompositeARGBLayer.uasset" 66
"../../../Engine/Content/EditorMaterials/TilingAALineIntegral.uasset" 67
"../../../Engine/Content/EditorMaterials/TilingAALineBoxFiltered.uasset" 68
"../../../Engine/Content/Functions/Engine_MaterialFunctions03/Procedurals/ComputeFilterWidth.uasset" 69
"../../../Engine/Content/EditorMaterials/TilingAADots.uasset" 70
"../../../Engine/Content/EditorMaterials/Cascade/CASC_Cross.uasset" 71
"../../../Engine/Content/EditorMaterials/Cascade/CASC_None.uasset" 72
"../../../Engine/Content/Functions/Engine_MaterialFunctions03/Blends/Blend_Screen.uasset" 73
"../../../Engine/Content/EditorMaterials/TilingAAGrid.uasset" 74
"../../../Engine/Content/EditorMaterials/LevelGridMaterial.uasset" 75
"../../../Engine/Content/EditorMaterials/MakeCompositeARGBLayer.uasset" 76
"../../../Engine/Content/EditorResources/LevelGrid1DStripes.uasset" 77
"../../../Engine/Content/EditorMaterials/TextureGridCascaded1D.uasset" 78
"../../../Engine/Content/EditorMaterials/TextureGridCascaded2D.uasset" 79
"../../../Engine/Content/EditorMaterials/LevelGridMaterial2.uasset" 80
"../../../Engine/Content/EditorMaterials/MAT_Groups_Toggle.uasset" 81
"../../../Engine/Content/EditorMaterials/MAT_Groups_Visibility.uasset" 82
"../../../Engine/Content/EditorMaterials/AntialiasedGridFloor.uasset" 83
"../../../Engine/Content/EditorResources/TilePatine_D.uasset" 84
"../../../Engine/Content/EditorResources/TilePatine_N.uasset" 85
"../../../Engine/Content/EngineMaterials/Grid.uasset" 86
"../../../Engine/Content/EditorMaterials/PersonaFloorMat.uasset" 87
"../../../Engine/Content/EditorMaterials/PhAT_BoneSelectedMaterial.uasset" 88
"../../../Engine/Content/EditorMaterials/PhAT_ElemSelectedMaterial.uasset" 89
"../../../Engine/Content/EditorMaterials/PhAT_NoCollisionMaterial.uasset" 90
"../../../Engine/Content/EditorMaterials/PhAT_UnselectedMaterial.uasset" 91
"../../../Engine/Content/EditorMaterials/PreviewShadowIndicator.uasset" 92
"../../../Engine/Content/EditorMaterials/PreviewShadowIndicatorMaterial.uasset" 93
"../../../Engine/Content/EditorMaterials/TargetIcon.uasset" 94
"../../../Engine/Content/EditorMaterials/Tick.uasset" 95
"../../../Engine/Content/EditorMaterials/Tick_Mat.uasset" 96
"../../../Engine/Content/EditorMaterials/WidgetGridVertexColorMaterial.uasset" 97
"../../../Engine/Content/EditorMaterials/WidgetGridVertexColorMaterial_Ma.uasset" 98
"../../../Engine/Content/EditorMaterials/WidgetMaterial.uasset" 99
"../../../Engine/Content/EditorMaterials/WidgetMaterial_Current.uasset" 100
"../../../Engine/Content/EditorMaterials/WidgetMaterial_X.uasset" 101
"../../../Engine/Content/EditorMaterials/WidgetMaterial_Y.uasset" 102
"../../../Engine/Content/EditorMaterials/WidgetMaterial_Z.uasset" 103
"../../../Engine/Content/EditorMaterials/WidgetVertexColorMaterial.uasset" 104
"../../../Engine/Content/EditorMaterials/AssetViewer/EpicQuadPanorama_CC+EV1.uasset" 105
"../../../Engine/Content/EditorMaterials/MatineeGroups/MAT_ColorTrack.uasset" 106
"../../../Engine/Content/EditorMaterials/MatineeGroups/MAT_Groups_Anim.uasset" 107
"../../../Engine/Content/EditorMaterials/MatineeGroups/MAT_Groups_AudioMaster.uasset" 108
"../../../Engine/Content/EditorMaterials/MatineeGroups/MAT_Groups_Director.uasset" 109
"../../../Engine/Content/EditorMaterials/MatineeGroups/MAT_Groups_Event.uasset" 110
"../../../Engine/Content/EditorMaterials/MatineeGroups/MAT_Groups_Fade.uasset" 111
"../../../Engine/Content/EditorMaterials/MatineeGroups/MAT_Groups_Float.uasset" 112
"../../../Engine/Content/EditorMaterials/MatineeGroups/MAT_Groups_Move.uasset" 113
"../../../Engine/Content/EditorMaterials/MatineeGroups/MAT_Groups_Slomo.uasset" 114
"../../../Engine/Content/EditorMaterials/MatineeGroups/MAT_Groups_Sound.uasset" 115
"../../../Engine/Content/EditorMaterials/MatineeGroups/MAT_Groups_Vector.uasset" 116
"../../../Engine/Content/EditorMaterials/ParticleSystems/PSysThumbnail_NoImage.uasset" 117
"../../../Engine/Content/EditorMaterials/ParticleSystems/PSysThumbnail_OOD.uasset" 118
"../../../Engine/Content/EditorMaterials/Thumbnails/FloorPlaneMaterial.uasset" 119
"../../../Engine/Content/EditorMeshes/EditorCylinder.uasset" 120
"../../../Engine/Content/EditorMeshes/EditorPlane.uasset" 121
"../../../Engine/Content/EditorMaterials/Thumbnails/SkySphereMaterial.uasset" 122
"../../../Engine/Content/EditorMeshes/EditorSkySphere.uasset" 123
"../../../Engine/Content/EditorMeshes/EditorSphere.uasset" 124
"../../../Engine/Content/EditorResources/MatineeCam_D.uasset" 125
"../../../Engine/Content/EditorMaterials/MatineeCam_mat.uasset" 126
"../../../Engine/Content/EditorMeshes/MatineeCam_SM.uasset" 127
"../../../Engine/Content/Functions/Engine_MaterialFunctions01/Shading/ConvertFromDiffSpec.uasset" 128
"../../../Engine/Content/EditorMaterials/GridMaterial.uasset" 129
"../../../Engine/Content/EditorMeshes/PhAT_FloorBox.uasset" 130
"../../../Engine/Content/EditorMaterials/Camera/CineMat.uasset" 131
"../../../Engine/Content/EditorMaterials/Camera/MI_CineMat_CameraBody.uasset" 132
"../../../Engine/Content/EngineDebugMaterials/M_SimpleOpaque.uasset" 133
"../../../Engine/Content/EditorMaterials/Camera/MI_CineMat_CamViewFinder.uasset" 134
"../../../Engine/Content/EditorMeshes/Camera/SM_CineCam.uasset" 135
"../../../Engine/Content/EditorMaterials/Camera/MI_CineMat_Rig.uasset" 136
"../../../Engine/Content/EditorMeshes/Camera/SM_CraneRig_Arm.uasset" 137
"../../../Engine/Content/EditorMeshes/Camera/SM_CraneRig_Base.uasset" 138
"../../../Engine/Content/EditorMeshes/Camera/SM_CraneRig_Body.uasset" 139
"../../../Engine/Content/EditorMeshes/Camera/SM_CraneRig_Mount.uasset" 140
"../../../Engine/Content/EditorMeshes/Camera/SM_RailRig_Mount.uasset" 141
"../../../Engine/Content/EditorMeshes/Camera/SM_RailRig_Track.uasset" 142
"../../../Engine/Content/EditorMeshes/ColorCalibrator/M_ChromeBall.uasset" 143
"../../../Engine/Content/EditorMeshes/ColorCalibrator/M_ClearCoat.uasset" 144
"../../../Engine/Content/EditorMeshes/ColorCalibrator/M_ClearCoatBlack.uasset" 145
"../../../Engine/Content/EditorMeshes/ColorCalibrator/T_ColorGrid.uasset" 146
"../../../Engine/Content/EditorMeshes/ColorCalibrator/M_ColorGrid.uasset" 147
"../../../Engine/Content/EditorMeshes/ColorCalibrator/M_GreyBall.uasset" 148
"../../../Engine/Content/EditorMeshes/ColorCalibrator/SM_ColorCalibrator.uasset" 149
"../../../Engine/Content/EditorResources/Bad.uasset" 150
"../../../Engine/Content/EditorResources/BSPVertex.uasset" 151
"../../../Engine/Content/EditorResources/EmptyActor.uasset" 152
"../../../Engine/Content/EditorResources/MatInstActSprite.uasset" 153
"../../../Engine/Content/EditorResources/SceneManager.uasset" 154
"../../../Engine/Content/EditorResources/SmallFont.uasset" 155
"../../../Engine/Content/EditorResources/S_Actor.uasset" 156
"../../../Engine/Content/EditorResources/S_DecalActorIcon.uasset" 157
"../../../Engine/Content/EditorResources/S_Emitter.uasset" 158
"../../../Engine/Content/EditorResources/S_ExpoHeightFog.uasset" 159
"../../../Engine/Content/EditorResources/S_FTest.uasset" 160
"../../../Engine/Content/EditorResources/S_KBSJoint.uasset" 161
"../../../Engine/Content/EditorResources/S_KHinge.uasset" 162
"../../../Engine/Content/EditorResources/S_KPrismatic.uasset" 163
"../../../Engine/Content/EditorResources/S_LevelSequence.uasset" 164
"../../../Engine/Content/EditorResources/S_NavP.uasset" 165
"../../../Engine/Content/EditorResources/S_Note.uasset" 166
"../../../Engine/Content/EditorResources/S_Player.uasset" 167
"../../../Engine/Content/EditorResources/S_PortalActorIcon2.uasset" 168
"../../../Engine/Content/EditorResources/S_RadForce.uasset" 169
"../../../Engine/Content/EditorResources/S_ReflActorIcon.uasset" 170
"../../../Engine/Content/EditorResources/S_Terrain.uasset" 171
"../../../Engine/Content/EditorResources/S_TextRenderActorIcon.uasset" 172
"../../../Engine/Content/EditorResources/S_Thruster.uasset" 173
"../../../Engine/Content/EditorResources/S_Trigger.uasset" 174
"../../../Engine/Content/EditorResources/S_VectorFieldVol.uasset" 175
"../../../Engine/Content/EditorResources/S_WindDirectional.uasset" 176
"../../../Engine/Content/EditorResources/AI/S_NavLink.uasset" 177
"../../../Engine/Content/EditorResources/LightIcons/SkyLight.uasset" 178
"../../../Engine/Content/EditorResources/LightIcons/S_LightDirectional.uasset" 179
"../../../Engine/Content/EditorResources/LightIcons/S_LightDirectionalMove.uasset" 180
"../../../Engine/Content/EditorResources/LightIcons/S_LightError.uasset" 181
"../../../Engine/Content/EditorResources/LightIcons/S_LightPoint.uasset" 182
"../../../Engine/Content/EditorResources/LightIcons/S_LightPointMove.uasset" 183
"../../../Engine/Content/EditorResources/LightIcons/S_LightSpot.uasset" 184
"../../../Engine/Content/EditorResources/LightIcons/S_LightSpotMove.uasset" 185
"../../../Engine/Content/EditorResources/SequenceRecorder/Countdown.uasset" 186
"../../../Engine/Content/EditorResources/SequenceRecorder/RecordingIndicator.uasset" 187
"../../../Engine/Content/EditorResources/Spline/T_Loft_Spline.uasset" 188
"../../../Engine/Content/EditorSounds/Notifications/CompileFailed.uasset" 189
"../../../Engine/Content/EditorSounds/Notifications/CompileFailed_Cue.uasset" 190
"../../../Engine/Content/EditorSounds/Notifications/CompileSuccess.uasset" 191
"../../../Engine/Content/EditorSounds/Notifications/CompileStart_Cue.uasset" 192
"../../../Engine/Content/EditorSounds/Notifications/CompileSuccess_Cue.uasset" 193
"../../../Engine/Content/EngineDamageTypes/DmgTypeBP_Environmental.uasset" 194
"../../../Engine/Content/EngineDebugMaterials/HeatmapGradient.uasset" 195
"../../../Engine/Content/EngineDebugMaterials/BoneWeightMaterial.uasset" 196
"../../../Engine/Content/EngineDebugMaterials/ClothMaterial.uasset" 197
"../../../Engine/Content/EngineDebugMaterials/DebugMeshMaterial.uasset" 198
"../../../Engine/Content/EngineDebugMaterials/GeomMaterial.uasset" 199
"../../../Engine/Content/EngineDebugMaterials/LevelColorationLitMaterial.uasset" 200
"../../../Engine/Content/EngineDebugMaterials/LevelColorationUnlitMaterial.uasset" 201
"../../../Engine/Content/EngineMaterials/DefaultWhiteGrid.uasset" 202
"../../../Engine/Content/EngineDebugMaterials/MAT_LevelColorationLitLightmapUV.uasset" 203
"../../../Engine/Content/EngineDebugMaterials/M_SimpleTranslucent.uasset" 204
"../../../Engine/Content/EngineDebugMaterials/ShadedLevelColorationLitMaterial.uasset" 205
"../../../Engine/Content/EngineDebugMaterials/ShadedLevelColorationUnlitMateri.uasset" 206
"../../../Engine/Content/EngineDebugMaterials/VertexColorMaterial.uasset" 207
"../../../Engine/Content/EngineDebugMaterials/VertexColorViewMode_AlphaAsColor.uasset" 208
"../../../Engine/Content/EngineDebugMaterials/VertexColorViewMode_BlueOnly.uasset" 209
"../../../Engine/Content/EngineDebugMaterials/VertexColorViewMode_ColorOnly.uasset" 210
"../../../Engine/Content/EngineDebugMaterials/VertexColorViewMode_GreenOnly.uasset" 211
"../../../Engine/Content/EngineDebugMaterials/VertexColorViewMode_RedOnly.uasset" 212
"../../../Engine/Content/EngineDebugMaterials/WireframeMaterial.uasset" 213
"../../../Engine/Content/EngineFonts/Faces/RobotoBold.uasset" 214
"../../../Engine/Content/EngineFonts/Faces/RobotoBoldItalic.uasset" 215
"../../../Engine/Content/EngineFonts/Faces/RobotoItalic.uasset" 216
"../../../Engine/Content/EngineFonts/Faces/RobotoLight.uasset" 217
"../../../Engine/Content/EngineFonts/Faces/RobotoRegular.uasset" 218
"../../../Engine/Content/EngineFonts/Roboto.uasset" 219
"../../../Engine/Content/EngineFonts/Faces/RobotoTiny.uasset" 220
"../../../Engine/Content/EngineFonts/RobotoTiny.uasset" 221
"../../../Engine/Content/EngineFonts/SmallFont.uasset" 222
"../../../Engine/Content/EngineFonts/TinyFont.uasset" 223
"../../../Engine/Content/EngineResources/WhiteSquareTexture.uasset" 224
"../../../Engine/Content/EngineMaterials/BlinkingCaret.uasset" 225
"../../../Engine/Content/EngineMaterials/DefaultBloomKernel.uasset" 226
"../../../Engine/Content/EngineMaterials/DefaultBokeh.uasset" 227
"../../../Engine/Content/EngineMaterials/DefaultDiffuse.uasset" 228
"../../../Engine/Content/EngineMaterials/DefaultDeferredDecalMaterial.uasset" 229
"../../../Engine/Content/EngineMaterials/DefaultLightFunctionMaterial.uasset" 230
"../../../Engine/Content/EngineMaterials/DefaultNormal.uasset" 231
"../../../Engine/Content/EngineMaterials/DefaultPostProcessMaterial.uasset" 232
"../../../Engine/Content/EngineFonts/RobotoDistanceField.uasset" 233
"../../../Engine/Content/EngineMaterials/DefaultTextMaterialOpaque.uasset" 234
"../../../Engine/Content/EngineMaterials/EditorBrushMaterial.uasset" 235
"../../../Engine/Content/EngineMaterials/Good64x64TilingNoiseHighFreq.uasset" 236
"../../../Engine/Content/EngineMaterials/Grid_N.uasset" 237
"../../../Engine/Content/EngineMaterials/HighResolutionScreenshotMaskFunction.uasset" 238
"../../../Engine/Content/EngineMaterials/HighResScreenshot.uasset" 239
"../../../Engine/Content/EngineMaterials/HighResScreenshotCaptureRegion.uasset" 240
"../../../Engine/Content/EngineMaterials/HighResScreenshotMask.uasset" 241
"../../../Engine/Content/EngineMaterials/LandscapeHolePhysicalMaterial.uasset" 242
"../../../Engine/Content/EngineMaterials/InvalidLightmapSettings.uasset" 243
"../../../Engine/Content/EngineMaterials/M_InvalidLightmapSettings.uasset" 244
"../../../Engine/Content/EngineMaterials/PaperDiffuse.uasset" 245
"../../../Engine/Content/EngineMaterials/PaperNormal.uasset" 246
"../../../Engine/Content/EngineMaterials/PhAT_JointLimitMaterial.uasset" 247
"../../../Engine/Content/EngineMaterials/PhysMat_Rubber.uasset" 248
"../../../Engine/Content/EngineMaterials/PreintegratedSkinBRDF.uasset" 249
"../../../Engine/Content/EngineMaterials/RemoveSurfaceMaterial.uasset" 250
"../../../Engine/Content/EngineMaterials/WeightMapPlaceholderTexture.uasset" 251
"../../../Engine/Content/EngineMaterials/Widget3DPassThrough.uasset" 252
"../../../Engine/Content/EngineMaterials/Widget3DPassThrough_Masked.uasset" 253
"../../../Engine/Content/EngineMaterials/Widget3DPassThrough_Opaque.uasset" 254
"../../../Engine/Content/EngineMaterials/Widget3DPassThrough_Masked_OneSided.uasset" 255
"../../../Engine/Content/EngineMaterials/Widget3DPassThrough_Opaque_OneSided.uasset" 256
"../../../Engine/Content/EngineMaterials/Widget3DPassThrough_Translucent.uasset" 257
"../../../Engine/Content/EngineMaterials/Widget3DPassThrough_Translucent_OneSided.uasset" 258
"../../../Engine/Content/EngineMeshes/Cube.uasset" 259
"../../../Engine/Content/EngineMeshes/Cylinder.uasset" 260
"../../../Engine/Content/EngineMeshes/Sphere.uasset" 261
"../../../Engine/Content/EngineResources/Black.uasset" 262
"../../../Engine/Content/EngineResources/DefaultTexture.uasset" 263
"../../../Engine/Content/EngineResources/DefaultTextureCube.uasset" 264
"../../../Engine/Content/EngineResources/GradientTexture0.uasset" 265
"../../../Engine/Content/EngineResources/StreamingPauseIcon.uasset" 266
"../../../Engine/Content/EngineResources/M_StreamingPause.uasset" 267
"../../../Engine/Content/EngineSounds/Master.uasset" 268
"../../../Engine/Content/Functions/Engine_MaterialFunctions01/Shading/PowerToRoughness.uasset" 269
"../../../Engine/Content/Maps/Templates/Thumbnails/Default.uasset" 270
"../../../Engine/Content/Maps/Templates/Thumbnails/VR-Basic.uasset" 271
"../../../Engine/Content/MapTemplates/Sky/DaylightAmbientCubemap.uasset" 272
"../../../Engine/Content/MobileResources/T_MobileControls_texture.uasset" 273
"../../../Engine/Content/MobileResources/T_MobileMenu2.uasset" 274
"../../../Engine/Content/MobileResources/HUD/AnalogHat.uasset" 275
"../../../Engine/Content/MobileResources/HUD/VirtualJoystick_Background.uasset" 276
"../../../Engine/Content/MobileResources/HUD/VirtualJoystick_Thumb.uasset" 277
"../../../Engine/Content/MobileResources/HUD/DefaultVirtualJoysticks.uasset" 278
"../../../Engine/Content/MobileResources/HUD/LeftVirtualJoystickOnly.uasset" 279
"../../../Engine/Content/MobileResources/HUD/MobileHUDButton1_off.uasset" 280
"../../../Engine/Content/MobileResources/HUD/MobileHUDButton1_on.uasset" 281
"../../../Engine/Content/MobileResources/HUD/MobileHUDButton2_off.uasset" 282
"../../../Engine/Content/MobileResources/HUD/MobileHUDButton2_on.uasset" 283
"../../../Engine/Content/MobileResources/HUD/MobileHUDButton3.uasset" 284
"../../../Engine/Content/MobileResources/HUD/MobileHUDButtonFire.uasset" 285
"../../../Engine/Content/MobileResources/HUD/MobileHUDDirectionPad.uasset" 286
"../../../Engine/Content/MobileResources/HUD/MobileHUDDirectionPad2.uasset" 287
"../../../Engine/Content/MobileResources/HUD/MobileHUDDirectionPad3.uasset" 288
"../../../Engine/Content/MobileResources/HUD/MobileHUDDirectionStick.uasset" 289
"../../../Engine/Content/MobileResources/HUD/T_Castle_ThumbstickInner.uasset" 290
"../../../Engine/Content/MobileResources/HUD/T_Castle_ThumbstickOutter.uasset" 291
"../../../Engine/Content/Tutorial/ContentIntroCurve.uasset" 292
"../../../Engine/Content/Tutorial/Basics/TutorialAssets/icon_tab_Levels_40x.uasset" 293
"../../../Engine/Content/Tutorial/BlueprintTutorials/TutorialAssets/BlueprintInterface_64x.uasset" 294
"../../../Engine/Content/Tutorial/BlueprintTutorials/TutorialAssets/BlueprintMacroLibrary_64x.uasset" 295
"../../../Engine/Content/Tutorial/BlueprintTutorials/TutorialAssets/Blueprint_64x.uasset" 296
"../../../Engine/Content/Tutorial/BlueprintTutorials/TutorialAssets/Tutorial_BP_Interface.uasset" 297
"../../../Engine/Content/Tutorial/Foliage/TutorialAssets/Foliage.uasset" 298
"../../../Engine/Content/Tutorial/Landscape/TutorialAssets/Landscape.uasset" 299
"../../../Engine/Content/Tutorial/Paper2D/TutorialAssets/Paper2DFlipbook_TutorialIcon.uasset" 300
"../../../Engine/Content/Tutorial/Paper2D/TutorialAssets/Paper2DSprite_TutorialIcon.uasset" 301
"../../../Engine/Content/Tutorial/SubEditors/TutorialAssets/icon_Editor_Preferences_General_40x.uasset" 302
"../../../Engine/Content/Tutorial/SubEditors/TutorialAssets/icon_ShowSkeletalMeshes_40x.uasset" 303
"../../../Engine/Content/Tutorial/SubEditors/TutorialAssets/TutorialMaterial.uasset" 304
"../../../Engine/Content/Tutorial/SubEditors/TutorialAssets/T_SmokeSubUV_8X8.uasset" 305
"../../../Engine/Content/Tutorial/SubEditors/TutorialAssets/T_soft_smoke.uasset" 306
"../../../Engine/Content/Tutorial/SubEditors/TutorialAssets/M_smoke_subUV_blackbody.uasset" 307
"../../../Engine/Content/Tutorial/SubEditors/TutorialAssets/TutorialParticleSystem.uasset" 308
"../../../Engine/Content/EditorMeshes/EditorCube.uasset" 309
"../../../Engine/Content/Tutorial/SubEditors/TutorialAssets/Tutorial_DM.uasset" 310
"../../../Engine/Content/VREditor/Devices/Generic/GenericHMDMaterial.uasset" 311
"../../../Engine/Content/VREditor/Devices/Generic/GenericHMD.uasset" 312
"../../../Engine/Content/VREditor/FloatingText/LineMaterial.uasset" 313
"../../../Engine/Content/VREditor/FloatingText/JointSphere.uasset" 314
"../../../Engine/Content/VREditor/FloatingText/LineSegmentCylinder.uasset" 315
"../../../Engine/Content/VREditor/Fonts/VRText_RobotoLarge.uasset" 316
"../../../Engine/Content/VREditor/Fonts/VRTextMaterial.uasset" 317
"../../../Engine/Content/VREditor/Fonts/TranslucentVRTextMaterial.uasset" 318
"../../../Engine/Content/VREditor/LaserPointer/VR_LaserPower_01.uasset" 319
"../../../Engine/Content/VREditor/TransformGizmo/TransformGizmoMaterial.uasset" 320
"../../../Engine/Content/VREditor/LaserPointer/HoverMaterial.uasset" 321
"../../../Engine/Content/VREditor/TransformGizmo/TranslucentTransformGizmoMaterial.uasset" 322
"../../../Engine/Content/VREditor/LaserPointer/TranslucentHoverMaterial.uasset" 323
"../../../Engine/Content/VREditor/LaserPointer/HoverMesh.uasset" 324
"../../../Engine/Content/VREditor/LaserPointer/LaserPointerMaterial.uasset" 325
"../../../Engine/Content/VREditor/LaserPointer/LaserPointerMaterialInst.uasset" 326
"../../../Engine/Content/VREditor/LaserPointer/TranslucentLaserPointerMaterialInst.uasset" 327
"../../../Engine/Content/VREditor/LaserPointer/LaserPointerMesh.uasset" 328
"../../../Engine/Content/VREditor/LaserPointer/LaserPointerMesh_End.uasset" 329
"../../../Engine/Content/VREditor/LaserPointer/LaserPointerMesh_Start.uasset" 330
"../../../Engine/Content/Functions/Engine_MaterialFunctions02/Utility/BreakOutFloat3Components.uasset" 331
"../../../Engine/Content/Functions/Engine_MaterialFunctions02/Math/Transform3x3Matrix.uasset" 332
"../../../Engine/Content/Functions/Engine_MaterialFunctions02/SplitComponents.uasset" 333
"../../../Engine/Content/VREditor/SnapGrid/SnapGridMaterial.uasset" 334
"../../../Engine/Content/VREditor/SnapGrid/SnapGridPlaneMesh.uasset" 335
"../../../Engine/Content/VREditor/Sounds/VR_teleport_Cue.uasset" 336
"../../../Engine/Content/VREditor/Sounds/UI/Click_on_Button_Cue.uasset" 337
"../../../Engine/Content/VREditor/Sounds/UI/Dockable_Window_Close.uasset" 338
"../../../Engine/Content/VREditor/Sounds/UI/Dockable_Window_Drop.uasset" 339
"../../../Engine/Content/VREditor/Sounds/UI/Dockable_Window_Open.uasset" 340
"../../../Engine/Content/VREditor/Sounds/UI/Dockable_Window_Pick_Up.uasset" 341
"../../../Engine/Content/VREditor/Sounds/UI/Drop_Item_From_ContentBrowser.uasset" 342
"../../../Engine/Content/VREditor/Sounds/UI/Floating_UI_Open-001.uasset" 343
"../../../Engine/Content/VREditor/Sounds/UI/Gizmo_Handle_Clicked.uasset" 344
"../../../Engine/Content/VREditor/Sounds/UI/Object_PickUp.uasset" 345
"../../../Engine/Content/VREditor/Sounds/UI/Object_Snaps_To_Another_Actor.uasset" 346
"../../../Engine/Content/VREditor/Sounds/UI/Object_Snaps_To_Grid.uasset" 347
"../../../Engine/Content/VREditor/Sounds/UI/Radial_Menu_FadeOut.uasset" 348
"../../../Engine/Content/VREditor/Sounds/UI/Scaling_Down.uasset" 349
"../../../Engine/Content/VREditor/Sounds/UI/Scaling_Up.uasset" 350
"../../../Engine/Content/VREditor/Sounds/UI/Selection_Changes.uasset" 351
"../../../Engine/Content/VREditor/Sounds/UI/Teleport_Mode_Entered.uasset" 352
"../../../Engine/Content/VREditor/Teleport/TeleportDirectionMaterial.uasset" 353
"../../../Engine/Content/VREditor/Teleport/TeleportDirectionMaterial_Inst.uasset" 354
"../../../Engine/Content/VREditor/Teleport/TeleportDirectionMesh.uasset" 355
"../../../Engine/Content/VREditor/TransformGizmo/BoundingBoxCorner.uasset" 356
"../../../Engine/Content/VREditor/TransformGizmo/BoundingBoxEdge.uasset" 357
"../../../Engine/Content/VREditor/TransformGizmo/PlaneTranslationHandle.uasset" 358
"../../../Engine/Content/VREditor/TransformGizmo/RotationHandle.uasset" 359
"../../../Engine/Content/VREditor/TransformGizmo/RotationHandleFull.uasset" 360
"../../../Engine/Content/VREditor/TransformGizmo/RotationHandleIndicator.uasset" 361
"../../../Engine/Content/VREditor/TransformGizmo/RotationHandleQuarter.uasset" 362
"../../../Engine/Content/VREditor/TransformGizmo/Main.uasset" 363
"../../../Engine/Content/VREditor/TransformGizmo/Xray.uasset" 364
"../../../Engine/Content/VREditor/TransformGizmo/SM_Dialog_Close.uasset" 365
"../../../Engine/Content/VREditor/TransformGizmo/SM_Dialog_Move.uasset" 366
"../../../Engine/Content/VREditor/TransformGizmo/SM_Sequencer_Key.uasset" 367
"../../../Engine/Content/VREditor/TransformGizmo/StartRotationHandleIndicator.uasset" 368
"../../../Engine/Content/VREditor/TransformGizmo/TransformGizmoMaterial_Inst.uasset" 369
"../../../Engine/Content/VREditor/TransformGizmo/TranslateArrowHandle.uasset" 370
"../../../Engine/Content/VREditor/TransformGizmo/TranslationHandle.uasset" 371
"../../../Engine/Content/VREditor/TransformGizmo/TranslucentTransformGizmoMaterial_Inst.uasset" 372
"../../../Engine/Content/VREditor/TransformGizmo/UniformScaleHandle.uasset" 373
"../../../Engine/Content/VREditor/UI/KeyDiskMaterial.uasset" 374
"../../../Engine/Content/VREditor/UI/DiscMaterial.uasset" 375
"../../../Engine/Content/VREditor/UI/SM_Radial_Disk.uasset" 376
"../../../Engine/Content/Functions/Engine_MaterialFunctions01/Gradient/RadialGradient.uasset" 377
"../../../Engine/Content/VREditor/WorldMovementGrid/SimpleGrid.uasset" 378
"../../../Engine/Content/VREditor/WorldMovementGrid/GridMaterial.uasset" 379
"../../../Engine/Content/Functions/Engine_MaterialFunctions01/Density/ExponentialDensity.uasset" 380
"../../../Engine/Content/VREditor/WorldMovementGrid/GridPostProcess.uasset" 381
"../../../Engine/Content/EditorLandscapeResources/FlattenHeightMat.uasset" 382
"../../../Engine/Content/VREditor/WorldMovementGrid/PlaneMesh.uasset" 383
"../../../Engine/Plugins/2D/Paper2D/Content/DummySprite.uasset" 384
"../../../Engine/Plugins/2D/Paper2D/Content/DefaultPaperTerrainMaterial.uasset" 385
"../../../Engine/Plugins/2D/Paper2D/Content/DefaultSpriteMaterial.uasset" 386
"../../../Engine/Plugins/2D/Paper2D/Content/OpaqueUnlitSpriteMaterial.uasset" 387
"../../../Engine/Plugins/Runtime/GearVR/Content/Textures/GearVRController_AO.uasset" 388
"../../../Engine/Plugins/Runtime/GearVR/Content/Textures/GearVRController_Color.uasset" 389
"../../../Engine/Plugins/Runtime/GearVR/Content/Textures/GearVRController_Normal.uasset" 390
"../../../Engine/Plugins/Runtime/GearVR/Content/Materials/GearVRControllerMaterial.uasset" 391
"../../../Engine/Plugins/Runtime/GearVR/Content/Meshes/GearVrController.uasset" 392
"../../../Engine/Content/Maps/Entry.umap" 393
"../../../TDOTU/Content/Assets/Sprites/Coin/COIN.uasset" 394
"../../../TDOTU/Content/Assets/Sprites/Coin/COIN_Sprite_1.uasset" 395
"../../../TDOTU/Content/Assets/Sprites/Coin/COIN_Sprite_2.uasset" 396
"../../../TDOTU/Content/Assets/Sprites/Coin/COIN_Sprite_3.uasset" 397
"../../../TDOTU/Content/Assets/Sprites/Coin/COIN_Sprite_5.uasset" 398
"../../../TDOTU/Content/Assets/Sprites/Coin/Coin_Animation_2.uasset" 399
"../../../TDOTU/Content/Assets/Sprites/Coin/COIN_Sprite_0.uasset" 400
"../../../TDOTU/Content/Assets/Sprites/Coin/Static_Coin.uasset" 401
"../../../TDOTU/Content/Blueprint/Generic/Coins/B_Coin.uasset" 402
"../../../TDOTU/Content/Blueprint/Generic/DamageType.uasset" 403
"../../../TDOTU/Content/Blueprint/Generic/DamageInterface.uasset" 404
"../../../TDOTU/Content/Assets/Sprites/STELLA.uasset" 405
"../../../TDOTU/Content/Assets/Sprites/STELLA_Sprite_0.uasset" 406
"../../../TDOTU/Content/Assets/Sprites/STELLA_Sprite_1.uasset" 407
"../../../TDOTU/Content/Assets/Sprites/Star_Animation.uasset" 408
"../../../TDOTU/Content/Blueprint/Enemies/EnemyName.uasset" 409
"../../../TDOTU/Content/Blueprint/Enemies/EnemyType.uasset" 410
"../../../TDOTU/Content/Blueprint/Enemies/Enemy.uasset" 411
"../../../TDOTU/Content/Blueprint/Enemies/EnemyHealth.uasset" 412
"../../../TDOTU/Content/Blueprint/Enemies/BaseEnemy.uasset" 413
"../../../Engine/Plugins/2D/Paper2D/Content/MaskedUnlitSpriteMaterial.uasset" 414
"../../../TDOTU/Content/Assets/Sprites/Alpaca/IdleFrames/Alpaca_Idle.uasset" 415
"../../../TDOTU/Content/Assets/Sprites/Alpaca/IdleFrames/Alpaca_Idle_Sprite_0.uasset" 416
"../../../TDOTU/Content/Assets/Sprites/Alpaca/IdleFrames/Alpaca_Idle_Sprite_1.uasset" 417
"../../../TDOTU/Content/Assets/Sprites/Alpaca/IdleFrames/Alpaca_Idle_Sprite_10.uasset" 418
"../../../TDOTU/Content/Assets/Sprites/Alpaca/IdleFrames/Alpaca_Idle_Sprite_11.uasset" 419
"../../../TDOTU/Content/Assets/Sprites/Alpaca/IdleFrames/Alpaca_Idle_Sprite_12.uasset" 420
"../../../TDOTU/Content/Assets/Sprites/Alpaca/IdleFrames/Alpaca_Idle_Sprite_13.uasset" 421
"../../../TDOTU/Content/Assets/Sprites/Alpaca/IdleFrames/Alpaca_Idle_Sprite_14.uasset" 422
"../../../TDOTU/Content/Assets/Sprites/Alpaca/IdleFrames/Alpaca_Idle_Sprite_15.uasset" 423
"../../../TDOTU/Content/Assets/Sprites/Alpaca/IdleFrames/Alpaca_Idle_Sprite_16.uasset" 424
"../../../TDOTU/Content/Assets/Sprites/Alpaca/IdleFrames/Alpaca_Idle_Sprite_17.uasset" 425
"../../../TDOTU/Content/Assets/Sprites/Alpaca/IdleFrames/Alpaca_Idle_Sprite_18.uasset" 426
"../../../TDOTU/Content/Assets/Sprites/Alpaca/IdleFrames/Alpaca_Idle_Sprite_19.uasset" 427
"../../../TDOTU/Content/Assets/Sprites/Alpaca/IdleFrames/Alpaca_Idle_Sprite_2.uasset" 428
"../../../TDOTU/Content/Assets/Sprites/Alpaca/IdleFrames/Alpaca_Idle_Sprite_20.uasset" 429
"../../../TDOTU/Content/Assets/Sprites/Alpaca/IdleFrames/Alpaca_Idle_Sprite_21.uasset" 430
"../../../TDOTU/Content/Assets/Sprites/Alpaca/IdleFrames/Alpaca_Idle_Sprite_22.uasset" 431
"../../../TDOTU/Content/Assets/Sprites/Alpaca/IdleFrames/Alpaca_Idle_Sprite_23.uasset" 432
"../../../TDOTU/Content/Assets/Sprites/Alpaca/IdleFrames/Alpaca_Idle_Sprite_24.uasset" 433
"../../../TDOTU/Content/Assets/Sprites/Alpaca/IdleFrames/Alpaca_Idle_Sprite_25.uasset" 434
"../../../TDOTU/Content/Assets/Sprites/Alpaca/IdleFrames/Alpaca_Idle_Sprite_26.uasset" 435
"../../../TDOTU/Content/Assets/Sprites/Alpaca/IdleFrames/Alpaca_Idle_Sprite_27.uasset" 436
"../../../TDOTU/Content/Assets/Sprites/Alpaca/IdleFrames/Alpaca_Idle_Sprite_28.uasset" 437
"../../../TDOTU/Content/Assets/Sprites/Alpaca/IdleFrames/Alpaca_Idle_Sprite_29.uasset" 438
"../../../TDOTU/Content/Assets/Sprites/Alpaca/IdleFrames/Alpaca_Idle_Sprite_3.uasset" 439
"../../../TDOTU/Content/Assets/Sprites/Alpaca/IdleFrames/Alpaca_Idle_Sprite_30.uasset" 440
"../../../TDOTU/Content/Assets/Sprites/Alpaca/IdleFrames/Alpaca_Idle_Sprite_31.uasset" 441
"../../../TDOTU/Content/Assets/Sprites/Alpaca/IdleFrames/Alpaca_Idle_Sprite_4.uasset" 442
"../../../TDOTU/Content/Assets/Sprites/Alpaca/IdleFrames/Alpaca_Idle_Sprite_5.uasset" 443
"../../../TDOTU/Content/Assets/Sprites/Alpaca/IdleFrames/Alpaca_Idle_Sprite_6.uasset" 444
"../../../TDOTU/Content/Assets/Sprites/Alpaca/IdleFrames/Alpaca_Idle_Sprite_7.uasset" 445
"../../../TDOTU/Content/Assets/Sprites/Alpaca/IdleFrames/Alpaca_Idle_Sprite_8.uasset" 446
"../../../TDOTU/Content/Assets/Sprites/Alpaca/IdleFrames/Alpaca_Idle_Sprite_9.uasset" 447
"../../../TDOTU/Content/Assets/Sprites/Alpaca/IdleFrames/IdleAnimation_Alpaca.uasset" 448
"../../../TDOTU/Content/Assets/Sprites/Alpaca/JumpFrames/Jump.uasset" 449
"../../../TDOTU/Content/Assets/Sprites/Alpaca/JumpFrames/Jump_Sprite_4.uasset" 450
"../../../TDOTU/Content/Assets/Sprites/Alpaca/JumpFrames/fallinganmiation.uasset" 451
"../../../TDOTU/Content/Assets/Sprites/Alpaca/RunFrames/corsa_e_cammianta_alpaca.uasset" 452
"../../../TDOTU/Content/Assets/Sprites/Alpaca/RunFrames/corsa_e_cammianta_alpaca_Sprite_40.uasset" 453
"../../../TDOTU/Content/Assets/Sprites/Alpaca/JumpFrames/movimentoinaria.uasset" 454
"../../../TDOTU/Content/Assets/Sprites/Alpaca/JumpFrames/Jump_Sprite_3.uasset" 455
"../../../TDOTU/Content/Assets/Sprites/Alpaca/JumpFrames/saltoaira.uasset" 456
"../../../TDOTU/Content/Assets/Sprites/Alpaca/RunFrames/corsa_e_cammianta_alpaca_Sprite_24.uasset" 457
"../../../TDOTU/Content/Assets/Sprites/Alpaca/RunFrames/corsa_e_cammianta_alpaca_Sprite_25.uasset" 458
"../../../TDOTU/Content/Assets/Sprites/Alpaca/RunFrames/corsa_e_cammianta_alpaca_Sprite_26.uasset" 459
"../../../TDOTU/Content/Assets/Sprites/Alpaca/RunFrames/corsa_e_cammianta_alpaca_Sprite_27.uasset" 460
"../../../TDOTU/Content/Assets/Sprites/Alpaca/RunFrames/corsa_e_cammianta_alpaca_Sprite_28.uasset" 461
"../../../TDOTU/Content/Assets/Sprites/Alpaca/RunFrames/corsa_e_cammianta_alpaca_Sprite_29.uasset" 462
"../../../TDOTU/Content/Assets/Sprites/Alpaca/RunFrames/corsa_e_cammianta_alpaca_Sprite_30.uasset" 463
"../../../TDOTU/Content/Assets/Sprites/Alpaca/RunFrames/corsa_e_cammianta_alpaca_Sprite_31.uasset" 464
"../../../TDOTU/Content/Assets/Sprites/Alpaca/RunFrames/corsa_e_cammianta_alpaca_Sprite_32.uasset" 465
"../../../TDOTU/Content/Assets/Sprites/Alpaca/RunFrames/corsa_e_cammianta_alpaca_Sprite_33.uasset" 466
"../../../TDOTU/Content/Assets/Sprites/Alpaca/RunFrames/corsa_e_cammianta_alpaca_Sprite_34.uasset" 467
"../../../TDOTU/Content/Assets/Sprites/Alpaca/RunFrames/corsa_e_cammianta_alpaca_Sprite_35.uasset" 468
"../../../TDOTU/Content/Assets/Sprites/Alpaca/RunFrames/corsa_e_cammianta_alpaca_Sprite_36.uasset" 469
"../../../TDOTU/Content/Assets/Sprites/Alpaca/RunFrames/corsa_e_cammianta_alpaca_Sprite_37.uasset" 470
"../../../TDOTU/Content/Assets/Sprites/Alpaca/RunFrames/corsa_e_cammianta_alpaca_Sprite_38.uasset" 471
"../../../TDOTU/Content/Assets/Sprites/Alpaca/RunFrames/corsa_e_cammianta_alpaca_Sprite_39.uasset" 472
"../../../TDOTU/Content/Assets/Sprites/Alpaca/RunFrames/corsa_e_cammianta_alpaca_Sprite_41.uasset" 473
"../../../TDOTU/Content/Assets/Sprites/Alpaca/RunFrames/corsa_e_cammianta_alpaca_Sprite_42.uasset" 474
"../../../TDOTU/Content/Assets/Sprites/Alpaca/RunFrames/corsa_e_cammianta_alpaca_Sprite_43.uasset" 475
"../../../TDOTU/Content/Assets/Sprites/Alpaca/RunFrames/corsa_e_cammianta_alpaca_Sprite_44.uasset" 476
"../../../TDOTU/Content/Assets/Sprites/Alpaca/RunFrames/corsa_e_cammianta_alpaca_Sprite_45.uasset" 477
"../../../TDOTU/Content/Assets/Sprites/Alpaca/RunFrames/corsa_e_cammianta_alpaca_Sprite_46.uasset" 478
"../../../TDOTU/Content/Assets/Sprites/Alpaca/RunFrames/corsa_e_cammianta_alpaca_Sprite_47.uasset" 479
"../../../TDOTU/Content/Assets/Sprites/Alpaca/RunFrames/corsa_e_cammianta_alpaca_Sprite_48.uasset" 480
"../../../TDOTU/Content/Assets/Sprites/Alpaca/RunFrames/corsa_e_cammianta_alpaca_Sprite_49.uasset" 481
"../../../TDOTU/Content/Assets/Sprites/Alpaca/RunFrames/corsa_e_cammianta_alpaca_Sprite_50.uasset" 482
"../../../TDOTU/Content/Assets/Sprites/Alpaca/RunFrames/corsa_e_cammianta_alpaca_Sprite_51.uasset" 483
"../../../TDOTU/Content/Assets/Sprites/Alpaca/RunFrames/corsa_e_cammianta_alpaca_Sprite_52.uasset" 484
"../../../TDOTU/Content/Assets/Sprites/Alpaca/RunFrames/corsa_e_cammianta_alpaca_Sprite_53.uasset" 485
"../../../TDOTU/Content/Assets/Sprites/Alpaca/RunFrames/corsa_e_cammianta_alpaca_Sprite_54.uasset" 486
"../../../TDOTU/Content/Assets/Sprites/Alpaca/RunFrames/corsa_e_cammianta_alpaca_Sprite_55.uasset" 487
"../../../TDOTU/Content/Assets/Sprites/Alpaca/RunFrames/RunningAnimation_2.uasset" 488
"../../../TDOTU/Content/Blueprint/Characters/Generic/BasePlayerCharacter.uasset" 489
"../../../TDOTU/Content/Blueprint/Characters/Generic/CameraShake1.uasset" 490
"../../../TDOTU/Content/Assets/Sprites/Alpaca/JumpFrames/dash.uasset" 491
"../../../TDOTU/Content/Assets/Sprites/Alpaca/JumpFrames/dash_Sprite_0.uasset" 492
"../../../TDOTU/Content/Assets/Sprites/Alpaca/JumpFrames/Dashing.uasset" 493
"../../../TDOTU/Content/Blueprint/Generic/EndlessShop/ItemName.uasset" 494
"../../../TDOTU/Content/Blueprint/Generic/EndlessShop/ItemStruct.uasset" 495
"../../../TDOTU/Content/Blueprint/Generic/Code.uasset" 496
"../../../TDOTU/Content/Blueprint/Generic/Code_Font.uasset" 497
"../../../TDOTU/Content/Blueprint/Generic/EndlessShop/UMG_EndlessShopItem.uasset" 498
"../../../TDOTU/Content/Assets/Sprites/Alpaca/IdleFrames/Alpaca_Hidle.uasset" 499
"../../../TDOTU/Content/Assets/Sprites/Alpaca/IdleFrames/Alpaca.uasset" 500
"../../../TDOTU/Content/Blueprint/Generic/EndlessShop/UMG_EndlessShopItemSoldOut.uasset" 501
"../../../TDOTU/Content/Blueprint/Generic/EndlessShop/UMG_EndlessShop.uasset" 502
"../../../TDOTU/Content/Blueprint/Generic/EndlessShop/EndlessShop.uasset" 503
"../../../TDOTU/Content/Assets/HUD/Alpaca_Strike_Icon.uasset" 504
"../../../TDOTU/Content/Assets/HUD/Corpo_A_Corpo___Icon.uasset" 505
"../../../TDOTU/Content/Assets/HUD/dash_destra.uasset" 506
"../../../TDOTU/Content/Assets/HUD/dash_destra_Sprite_0.uasset" 507
"../../../TDOTU/Content/Assets/HUD/dash_destra_Sprite_1.uasset" 508
"../../../TDOTU/Content/Assets/HUD/dash_destra_Sprite_2.uasset" 509
"../../../TDOTU/Content/Assets/HUD/Dash_Icon.uasset" 510
"../../../TDOTU/Content/Assets/HUD/Dash_sinistra.uasset" 511
"../../../TDOTU/Content/Assets/HUD/Dash_sinistra_Sprite_0.uasset" 512
"../../../TDOTU/Content/Assets/HUD/Dash_sinistra_Sprite_1.uasset" 513
"../../../TDOTU/Content/Blueprint/Characters/Alpaca/UMG_AlpacaHUD.uasset" 514
"../../../TDOTU/Content/Blueprint/Characters/Alpaca/CharacterAlpaca.uasset" 515
"../../../TDOTU/Content/Assets/Levels/Hell_Like_Place/BackGround.uasset" 516
"../../../TDOTU/Content/Assets/Sprites/Pranker/Pranker_Attacco_1-sheet.uasset" 517
"../../../TDOTU/Content/Assets/Sprites/Pranker/Pranker_Attacco_1-sheet_Sprite_0.uasset" 518
"../../../TDOTU/Content/Assets/Sprites/Pranker/Pranker_Attacco_1-sheet_Sprite_1.uasset" 519
"../../../TDOTU/Content/Assets/Sprites/Pranker/Pranker_Attacco_1-sheet_Sprite_2.uasset" 520
"../../../TDOTU/Content/Assets/Sprites/Pranker/Pranker_Attacco_1-sheet_Sprite_3.uasset" 521
"../../../TDOTU/Content/Assets/Sprites/Pranker/Pranker_Attacco_1-sheet_Sprite_4.uasset" 522
"../../../TDOTU/Content/Assets/Sprites/Pranker/Calcio_Pranker.uasset" 523
"../../../TDOTU/Content/Assets/Sprites/Pranker/Pranker_che_corre.uasset" 524
"../../../TDOTU/Content/Assets/Sprites/Pranker/Pranker_che_corre_Sprite_1.uasset" 525
"../../../TDOTU/Content/Assets/Sprites/Pranker/Pranker_che_corre_Sprite_2.uasset" 526
"../../../TDOTU/Content/Assets/Sprites/Pranker/Pranker_che_corre_Sprite_3.uasset" 527
"../../../TDOTU/Content/Assets/Sprites/Pranker/Pranker_che_corre_Sprite_4.uasset" 528
"../../../TDOTU/Content/Assets/Sprites/Pranker/Pranker_che_corre_Sprite_5.uasset" 529
"../../../TDOTU/Content/Assets/Sprites/Pranker/Pranker_che_corre_Sprite_6.uasset" 530
"../../../TDOTU/Content/Assets/Sprites/Pranker/Pranker_che_corre_Sprite_7.uasset" 531
"../../../TDOTU/Content/Assets/Sprites/Pranker/Pranker_che_corre_Sprite_8.uasset" 532
"../../../TDOTU/Content/Assets/Sprites/Pranker/CorsaPranker.uasset" 533
"../../../TDOTU/Content/Assets/Sprites/Pranker/Attacco2.uasset" 534
"../../../TDOTU/Content/Assets/Sprites/Pranker/Attacco2_Sprite_0.uasset" 535
"../../../TDOTU/Content/Assets/Sprites/Pranker/Attacco2_Sprite_1.uasset" 536
"../../../TDOTU/Content/Assets/Sprites/Pranker/Attacco2_Sprite_2.uasset" 537
"../../../TDOTU/Content/Assets/Sprites/Pranker/Attacco2_Sprite_3.uasset" 538
"../../../TDOTU/Content/Assets/Sprites/Pranker/Attacco2_Sprite_4.uasset" 539
"../../../TDOTU/Content/Assets/Sprites/Pranker/Testata_Pranker.uasset" 540
"../../../TDOTU/Content/Blueprint/Enemies/EnemyEndless1/EnemyEndlessPranker.uasset" 541
"../../../TDOTU/Content/Blueprint/Generic/DefaultGameMode.uasset" 542
"../../../Engine/Plugins/2D/Paper2D/Content/PlaceholderTextures/DummySpriteTexture.uasset" 543
"../../../Engine/Plugins/2D/Paper2D/Content/PlaceholderTextures/FlatNormalMap.uasset" 544
"../../../Engine/Plugins/2D/Paper2D/Content/DefaultLitSpriteMaterial.uasset" 545
"../../../Engine/Plugins/2D/Paper2D/Content/MaskedLitSpriteMaterial.uasset" 546
"../../../TDOTU/Content/Assets/Levels/night/Oggetti_scena.uasset" 547
"../../../TDOTU/Content/Assets/Levels/night/Terreno.uasset" 548
"../../../TDOTU/Content/Assets/Sprites/Chiesina.uasset" 549
"../../../TDOTU/Content/Assets/Sprites/Chiesina_Sprite_0.uasset" 550
"../../../TDOTU/Content/Assets/Menu/Exit_Button.uasset" 551
"../../../TDOTU/Content/Assets/Menu/Exit_Button_Sprite_0.uasset" 552
"../../../TDOTU/Content/Assets/Menu/Exit_Button_Sprite_1.uasset" 553
"../../../TDOTU/Content/Assets/Menu/Logo___Demon_s_Uprising_Animated.uasset" 554
"../../../TDOTU/Content/Assets/Menu/Logo___Demon_s_Uprising_Animated_Sprite_0.uasset" 555
"../../../TDOTU/Content/Assets/Menu/Logo___Demon_s_Uprising_Animated_Sprite_1.uasset" 556
"../../../TDOTU/Content/Assets/Menu/Logo___Demon_s_Uprising_Animated_Sprite_2.uasset" 557
"../../../TDOTU/Content/Assets/Menu/Logo___Demon_s_Uprising_Animated_Sprite_3.uasset" 558
"../../../TDOTU/Content/Assets/Menu/Music_Button.uasset" 559
"../../../TDOTU/Content/Assets/Menu/Music_Button_Sprite_0.uasset" 560
"../../../TDOTU/Content/Assets/Menu/Music_Button_Sprite_1.uasset" 561
"../../../TDOTU/Content/Assets/Menu/Play_Button.uasset" 562
"../../../TDOTU/Content/Assets/Menu/Play_Button_Sprite_0.uasset" 563
"../../../TDOTU/Content/Assets/Menu/Play_Button_Sprite_1.uasset" 564
"../../../TDOTU/Content/Assets/Menu/SCRITTA_ANIMATA_TDODU.uasset" 565
"../../../TDOTU/Content/Assets/Menu/SCRITTA_ANIMATA_TDODU_Sprite_158.uasset" 566
"../../../TDOTU/Content/Assets/Menu/SCRITTA_ANIMATA_TDODU_Sprite_159.uasset" 567
"../../../TDOTU/Content/Assets/Menu/SCRITTA_ANIMATA_TDODU_Sprite_160.uasset" 568
"../../../TDOTU/Content/Assets/Menu/SCRITTA_ANIMATA_TDODU_Sprite_161.uasset" 569
"../../../TDOTU/Content/Assets/Menu/SCRITTA_ANIMATA_TDODU_Sprite_162.uasset" 570
"../../../TDOTU/Content/Assets/Menu/SCRITTA_ANIMATA_TDODU_Sprite_163.uasset" 571
"../../../TDOTU/Content/Assets/Menu/SCRITTA_ANIMATA_TDODU_Sprite_164.uasset" 572
"../../../TDOTU/Content/Assets/Menu/SCRITTA_ANIMATA_TDODU_Sprite_165.uasset" 573
"../../../TDOTU/Content/Assets/Menu/SCRITTA_ANIMATA_TDODU_Sprite_166.uasset" 574
"../../../TDOTU/Content/Assets/Menu/SCRITTA_ANIMATA_TDODU_Sprite_167.uasset" 575
"../../../TDOTU/Content/Assets/Menu/SCRITTA_ANIMATA_TDODU_Sprite_169.uasset" 576
"../../../TDOTU/Content/Assets/Menu/SCRITTA_ANIMATA_TDODU_Sprite_170.uasset" 577
"../../../TDOTU/Content/Assets/Menu/SCRITTA_ANIMATA_TDODU_Sprite_171.uasset" 578
"../../../TDOTU/Content/Assets/Menu/SCRITTA_ANIMATA_TDODU_Sprite_172.uasset" 579
"../../../TDOTU/Content/Assets/Menu/SCRITTA_ANIMATA_TDODU_Sprite_173.uasset" 580
"../../../TDOTU/Content/Assets/Menu/SCRITTA_ANIMATA_TDODU_Sprite_174.uasset" 581
"../../../TDOTU/Content/Assets/Menu/SCRITTA_ANIMATA_TDODU_Sprite_175.uasset" 582
"../../../TDOTU/Content/Assets/Menu/SCRITTA_ANIMATA_TDODU_Sprite_176.uasset" 583
"../../../TDOTU/Content/Assets/Menu/SCRITTA_ANIMATA_TDODU_Sprite_177.uasset" 584
"../../../TDOTU/Content/Assets/Menu/SCRITTA_ANIMATA_TDODU_Sprite_179.uasset" 585
"../../../TDOTU/Content/Assets/Menu/SCRITTA_ANIMATA_TDODU_Sprite_180.uasset" 586
"../../../TDOTU/Content/Assets/Menu/SCRITTA_ANIMATA_TDODU_Sprite_181.uasset" 587
"../../../TDOTU/Content/Assets/Menu/SCRITTA_ANIMATA_TDODU_Sprite_182.uasset" 588
"../../../TDOTU/Content/Assets/Menu/SCRITTA_ANIMATA_TDODU_Sprite_183.uasset" 589
"../../../TDOTU/Content/Assets/Menu/SCRITTA_ANIMATA_TDODU_Sprite_184.uasset" 590
"../../../TDOTU/Content/Blueprint/Generic/Menu/UMG_MainMenu.uasset" 591
"../../../TDOTU/Content/Assets/HUD/Cosino_sopra.uasset" 592
"../../../TDOTU/Content/Assets/HUD/HealthBar_empty.uasset" 593
"../../../TDOTU/Content/Assets/HUD/HealthBar_full.uasset" 594
"../../../TDOTU/Content/Blueprint/Generic/UMG_EndlessHUD.uasset" 595
"../../../TDOTU/Content/ParticlesAndMaterials/Fire/Particella.uasset" 596
"../../../TDOTU/Content/ParticlesAndMaterials/Fire/Fire.uasset" 597
"../../../TDOTU/Content/ParticlesAndMaterials/Fire/Fire_2.uasset" 598
"../../../TDOTU/Content/ParticlesAndMaterials/Fire/Fire_3.uasset" 599
"../../../TDOTU/Content/ParticlesAndMaterials/Fire/Smoke.uasset" 600
"../../../TDOTU/Content/ParticlesAndMaterials/Fire/P_Fire+Smoke.uasset" 601
"../../../TDOTU/Content/Maps/TestMap.umap" 602
