"../../../TDOTU/Content/Assets/Bomba.uasset" 0
"../../../TDOTU/Content/Assets/LightFlicker.uasset" 1
"../../../TDOTU/Content/Assets/HUD/NewHUD/Alpaca_Strike_Button.uasset" 2
"../../../TDOTU/Content/Assets/HUD/NewHUD/Alpaca_Strike_Button_Sprite_1.uasset" 3
"../../../TDOTU/Content/Assets/HUD/NewHUD/Cartello_Per_Michael2.uasset" 4
"../../../TDOTU/Content/Assets/HUD/NewHUD/Cartello_Per_Michael2_Sprite_0.uasset" 5
"../../../TDOTU/Content/Assets/HUD/NewHUD/Coin_HUD.uasset" 6
"../../../TDOTU/Content/Assets/HUD/NewHUD/Coin_HUD_Sprite_0.uasset" 7
"../../../TDOTU/Content/Assets/HUD/NewHUD/Dash_Button.uasset" 8
"../../../TDOTU/Content/Assets/HUD/NewHUD/Dash_Button_Sprite_1.uasset" 9
"../../../TDOTU/Content/Assets/HUD/NewHUD/Empty_Bar.uasset" 10
"../../../TDOTU/Content/Assets/HUD/NewHUD/Empty_Bar_Sprite_0.uasset" 11
"../../../TDOTU/Content/Assets/HUD/NewHUD/Lama_HUD.uasset" 12
"../../../TDOTU/Content/Assets/HUD/NewHUD/Lama_HUD_Sprite_0.uasset" 13
"../../../TDOTU/Content/Assets/HUD/NewHUD/Life_Full_Bar.uasset" 14
"../../../TDOTU/Content/Assets/HUD/NewHUD/Life_Full_Bar_Sprite_0.uasset" 15
"../../../TDOTU/Content/Assets/Levels/ForestBackground/2_sassi.uasset" 16
"../../../TDOTU/Content/Assets/Levels/ForestBackground/2_sassi_Sprite_0.uasset" 17
"../../../TDOTU/Content/Assets/Levels/ForestBackground/2_sassi_Sprite_1.uasset" 18
"../../../TDOTU/Content/Assets/Levels/ForestBackground/ALberi_2_Bianchi.uasset" 19
"../../../TDOTU/Content/Assets/Levels/ForestBackground/ALberi_2_Bianchi_Sprite_0.uasset" 20
"../../../TDOTU/Content/Assets/Levels/ForestBackground/ALberi_2_Bianchi_Sprite_265.uasset" 21
"../../../TDOTU/Content/Assets/Levels/ForestBackground/ALberi_2_Bianchi_Sprite_266.uasset" 22
"../../../TDOTU/Content/Assets/Levels/ForestBackground/ALberi_2_Bianchi_Sprite_267.uasset" 23
"../../../TDOTU/Content/Assets/Levels/ForestBackground/ALberi_2.uasset" 24
"../../../TDOTU/Content/Assets/Levels/ForestBackground/ALberi_2_Sprite_13.uasset" 25
"../../../TDOTU/Content/Assets/Levels/ForestBackground/ALberi_2_Sprite_15.uasset" 26
"../../../TDOTU/Content/Assets/Levels/ForestBackground/ALberi_2_Sprite_18.uasset" 27
"../../../TDOTU/Content/Assets/Levels/ForestBackground/ALberi_2_Sprite_3.uasset" 28
"../../../TDOTU/Content/Assets/Levels/ForestBackground/Alberi_Bianchi.uasset" 29
"../../../TDOTU/Content/Assets/Levels/ForestBackground/Alberi_Bianchi_Sprite_10.uasset" 30
"../../../TDOTU/Content/Assets/Levels/ForestBackground/Alberi_Bianchi_Sprite_14.uasset" 31
"../../../TDOTU/Content/Assets/Levels/ForestBackground/Alberi_Bianchi_Sprite_21.uasset" 32
"../../../TDOTU/Content/Assets/Levels/ForestBackground/Alberi_Bianchi_Sprite_22.uasset" 33
"../../../TDOTU/Content/Assets/Levels/ForestBackground/Alberi_Bianchi_Sprite_4.uasset" 34
"../../../TDOTU/Content/Assets/Levels/ForestBackground/Alberi_Bianchi_Sprite_8.uasset" 35
"../../../TDOTU/Content/Assets/Levels/ForestBackground/Alberi_Sfondo.uasset" 36
"../../../TDOTU/Content/Assets/Levels/ForestBackground/Alberi_Sfondo_Sprite1.uasset" 37
"../../../TDOTU/Content/Assets/Levels/ForestBackground/Alberi_Sfondo_Sprite_10.uasset" 38
"../../../TDOTU/Content/Assets/Levels/ForestBackground/Alberi_Sfondo_Sprite_11.uasset" 39
"../../../TDOTU/Content/Assets/Levels/ForestBackground/Alberi_Sfondo_Sprite_14.uasset" 40
"../../../TDOTU/Content/Assets/Levels/ForestBackground/Alberi_Sfondo_Sprite_20.uasset" 41
"../../../TDOTU/Content/Assets/Levels/ForestBackground/Alberi_Sfondo_Sprite_21.uasset" 42
"../../../TDOTU/Content/Assets/Levels/ForestBackground/Alberi_Sfondo_Sprite_22.uasset" 43
"../../../TDOTU/Content/Assets/Levels/ForestBackground/Alberi_Sfondo_Sprite_24.uasset" 44
"../../../TDOTU/Content/Assets/Levels/ForestBackground/Alberi_Sfondo_Sprite_4.uasset" 45
"../../../TDOTU/Content/Assets/Levels/ForestBackground/Alberi_Sfondo_Sprite_8.uasset" 46
"../../../TDOTU/Content/Assets/Levels/ForestBackground/Falo.uasset" 47
"../../../TDOTU/Content/Assets/Levels/ForestBackground/Falo_Sprite_0.uasset" 48
"../../../TDOTU/Content/Assets/Levels/LevelMenu/0.uasset" 49
"../../../TDOTU/Content/Assets/Levels/LevelMenu/0_Sprite.uasset" 50
"../../../TDOTU/Content/Assets/Levels/LevelMenu/6.uasset" 51
"../../../Engine/Plugins/2D/Paper2D/Content/PlaceholderTextures/DummySpriteTexture.uasset" 52
"../../../Engine/Plugins/2D/Paper2D/Content/DefaultSpriteMaterial.uasset" 53
"../../../Engine/Plugins/2D/Paper2D/Content/TranslucentUnlitSpriteMaterial.uasset" 54
"../../../TDOTU/Content/Assets/Levels/LevelMenu/Abete_1.uasset" 55
"../../../TDOTU/Content/Assets/Levels/LevelMenu/Abete_1_Sprite.uasset" 56
"../../../TDOTU/Content/Assets/Levels/LevelMenu/abete_3.uasset" 57
"../../../TDOTU/Content/Assets/Levels/LevelMenu/abete_3_Sprite.uasset" 58
"../../../TDOTU/Content/Assets/Levels/LevelMenu/Terreno_Menu.uasset" 59
"../../../TDOTU/Content/Assets/Levels/ForestBackground/Terreno_Menu.uasset" 60
"../../../TDOTU/Content/Assets/Levels/LevelMenu/Terreno_Menu_Sprite_0.uasset" 61
"../../../TDOTU/Content/Assets/Levels/night/luna.uasset" 62
"../../../TDOTU/Content/Assets/Levels/night/luna_Sprite_0.uasset" 63
"../../../TDOTU/Content/Assets/Levels/night/Oggetti_scena.uasset" 64
"../../../TDOTU/Content/Assets/Levels/night/Oggetti_scena_Sprite.uasset" 65
"../../../TDOTU/Content/Assets/Levels/night/Oggetti_scena_Sprite1.uasset" 66
"../../../TDOTU/Content/Assets/Levels/night/Oggetti_scena_Sprite2.uasset" 67
"../../../TDOTU/Content/Assets/Levels/night/Oggetti_scena_Sprite3.uasset" 68
"../../../TDOTU/Content/Assets/Levels/night/Oggetti_scena_Sprite_0.uasset" 69
"../../../TDOTU/Content/Assets/Levels/night/Oggetti_scena_Sprite_1.uasset" 70
"../../../TDOTU/Content/Assets/Levels/night/Oggetti_scena_Sprite_2.uasset" 71
"../../../TDOTU/Content/Assets/Levels/night/Oggetti_scena_Sprite_3.uasset" 72
"../../../TDOTU/Content/Assets/Levels/night/Oggetti_scena_Sprite_45.uasset" 73
"../../../TDOTU/Content/Assets/Menu/Logo___Demon_s_Uprising_Animated.uasset" 74
"../../../TDOTU/Content/Assets/Menu/Logo___Demon_s_Uprising_Animated_Sprite_1.uasset" 75
"../../../TDOTU/Content/Assets/Menu/Logo___Demon_s_Uprising_Animated_Sprite_2.uasset" 76
"../../../TDOTU/Content/Assets/Menu/Logo___Demon_s_Uprising_Animated_Sprite_3.uasset" 77
"../../../TDOTU/Content/Assets/Shop/Bottone_Vergine_Menu.uasset" 78
"../../../TDOTU/Content/Assets/Shop/Bottone_Vergine_Menu_Sprite_1.uasset" 79
"../../../TDOTU/Content/Assets/Shop/Gomma_Quantica.uasset" 80
"../../../TDOTU/Content/Assets/Shop/Gomma_Quantica_Sprite_10.uasset" 81
"../../../TDOTU/Content/Assets/Shop/Gomma_Quantica_Sprite_7.uasset" 82
"../../../TDOTU/Content/Assets/Shop/GommaQuantica.uasset" 83
"../../../TDOTU/Content/Assets/Shop/Coins/Coin_da_10.uasset" 84
"../../../TDOTU/Content/Assets/Shop/Coins/Coin_da_10_Sprite6.uasset" 85
"../../../TDOTU/Content/Assets/Shop/Coins/Coin_da_10_Sprite7.uasset" 86
"../../../TDOTU/Content/Assets/Sprites/Bomba.uasset" 87
"../../../TDOTU/Content/Assets/Sprites/Bomba_Sprite_2.uasset" 88
"../../../TDOTU/Content/Assets/Sprites/PrototypingSprite.uasset" 89
"../../../TDOTU/Content/Assets/Sprites/RunningAnimation.uasset" 90
"../../../TDOTU/Content/Assets/Sprites/SkyBg_Sprite.uasset" 91
"../../../TDOTU/Content/Assets/Sprites/Sprite_Micheal_Sprite.uasset" 92
"../../../TDOTU/Content/Assets/Sprites/Sprite_Micheal_Flipbook_Idle.uasset" 93
"../../../TDOTU/Content/Assets/Sprites/Alpaca/caduta_in_movimento.uasset" 94
"../../../Engine/Content/Functions/Engine_MaterialFunctions02/Utility/Sign.uasset" 95
"../../../Engine/Content/Functions/Engine_MaterialFunctions02/Utility/Round.uasset" 96
"../../../Engine/Content/Functions/Engine_MaterialFunctions02/ExampleContent/Textures/flipbook.uasset" 97
"../../../Engine/Content/Functions/Engine_MaterialFunctions02/Texturing/FlipBook.uasset" 98
"../../../TDOTU/Content/Assets/Sprites/Alpaca/IdleFrames/Alpaca_Hidle.uasset" 99
"../../../TDOTU/Content/Assets/Sprites/Alpaca/IdleFrames/Alpaca.uasset" 100
"../../../TDOTU/Content/Assets/Sprites/Alpaca/JumpFrames/caduta_in_movimento.uasset" 101
"../../../TDOTU/Content/Assets/Sprites/Alpaca/JumpFrames/caduta_in_movimento_Sprite_0.uasset" 102
"../../../TDOTU/Content/Assets/Sprites/Alpaca/JumpFrames/caduta_in_movimento_Sprite_4.uasset" 103
"../../../TDOTU/Content/Assets/Sprites/Alpaca/RunFrames/corsa_e_cammianta_alpaca.uasset" 104
"../../../TDOTU/Content/Assets/Sprites/Alpaca/JumpFrames/corsa_e_cammianta_alpaca_Sprite_40.uasset" 105
"../../../TDOTU/Content/Assets/Sprites/Alpaca/JumpFrames/Jump.uasset" 106
"../../../TDOTU/Content/Assets/Sprites/Alpaca/JumpFrames/Jump_Sprite_5.uasset" 107
"../../../TDOTU/Content/Assets/Sprites/Alpaca/JumpFrames/Jump_Sprite_6.uasset" 108
"../../../TDOTU/Content/Assets/Sprites/Alpaca/JumpFrames/Jump_Sprite_7.uasset" 109
"../../../TDOTU/Content/Assets/Sprites/Alpaca/JumpFrames/Jump_Sprite_8.uasset" 110
"../../../TDOTU/Content/Assets/Sprites/Alpaca/JumpFrames/Jump_Sprite_9.uasset" 111
"../../../TDOTU/Content/Assets/Sprites/Alpaca/JumpFrames/landanimation.uasset" 112
"../../../TDOTU/Content/Assets/Sprites/Alpaca/JumpFrames/caduta_in_movimento_Sprite_1.uasset" 113
"../../../TDOTU/Content/Assets/Sprites/Alpaca/JumpFrames/caduta_in_movimento_Sprite_2.uasset" 114
"../../../TDOTU/Content/Assets/Sprites/Alpaca/JumpFrames/caduta_in_movimento_Sprite_3.uasset" 115
"../../../TDOTU/Content/Assets/Sprites/Alpaca/JumpFrames/Land_MoVE.uasset" 116
"../../../TDOTU/Content/Assets/Sprites/Alpaca/JumpFrames/Jump_Sprite_0.uasset" 117
"../../../TDOTU/Content/Assets/Sprites/Alpaca/JumpFrames/Jump_Sprite_1.uasset" 118
"../../../TDOTU/Content/Assets/Sprites/Alpaca/JumpFrames/Jump_Sprite_2.uasset" 119
"../../../TDOTU/Content/Assets/Sprites/Alpaca/JumpFrames/salto.uasset" 120
"../../../TDOTU/Content/Assets/Sprites/Alpaca/RunFrames/corsa_e_cammianta_alpaca_Sprite_24.uasset" 121
"../../../TDOTU/Content/Assets/Sprites/Alpaca/RunFrames/corsa_e_cammianta_alpaca_Sprite_25.uasset" 122
"../../../TDOTU/Content/Assets/Sprites/Alpaca/RunFrames/corsa_e_cammianta_alpaca_Sprite_26.uasset" 123
"../../../TDOTU/Content/Assets/Sprites/Alpaca/RunFrames/corsa_e_cammianta_alpaca_Sprite_27.uasset" 124
"../../../TDOTU/Content/Assets/Sprites/Alpaca/RunFrames/corsa_e_cammianta_alpaca_Sprite_28.uasset" 125
"../../../TDOTU/Content/Assets/Sprites/Alpaca/RunFrames/corsa_e_cammianta_alpaca_Sprite_29.uasset" 126
"../../../TDOTU/Content/Assets/Sprites/Alpaca/RunFrames/corsa_e_cammianta_alpaca_Sprite_30.uasset" 127
"../../../TDOTU/Content/Assets/Sprites/Alpaca/RunFrames/corsa_e_cammianta_alpaca_Sprite_31.uasset" 128
"../../../TDOTU/Content/Assets/Sprites/Alpaca/RunFrames/corsa_e_cammianta_alpaca_Sprite_32.uasset" 129
"../../../TDOTU/Content/Assets/Sprites/Alpaca/RunFrames/corsa_e_cammianta_alpaca_Sprite_33.uasset" 130
"../../../TDOTU/Content/Assets/Sprites/Alpaca/RunFrames/corsa_e_cammianta_alpaca_Sprite_34.uasset" 131
"../../../TDOTU/Content/Assets/Sprites/Alpaca/RunFrames/corsa_e_cammianta_alpaca_Sprite_35.uasset" 132
"../../../TDOTU/Content/Assets/Sprites/Alpaca/RunFrames/corsa_e_cammianta_alpaca_Sprite_36.uasset" 133
"../../../TDOTU/Content/Assets/Sprites/Alpaca/RunFrames/corsa_e_cammianta_alpaca_Sprite_37.uasset" 134
"../../../TDOTU/Content/Assets/Sprites/Alpaca/RunFrames/corsa_e_cammianta_alpaca_Sprite_38.uasset" 135
"../../../TDOTU/Content/Assets/Sprites/Alpaca/RunFrames/corsa_e_cammianta_alpaca_Sprite_39.uasset" 136
"../../../TDOTU/Content/Assets/Sprites/Alpaca/RunFrames/corsa_e_cammianta_alpaca_Sprite_40.uasset" 137
"../../../TDOTU/Content/Assets/Sprites/Alpaca/RunFrames/corsa_e_cammianta_alpaca_Sprite_41.uasset" 138
"../../../TDOTU/Content/Assets/Sprites/Alpaca/RunFrames/corsa_e_cammianta_alpaca_Sprite_42.uasset" 139
"../../../TDOTU/Content/Assets/Sprites/Alpaca/RunFrames/corsa_e_cammianta_alpaca_Sprite_43.uasset" 140
"../../../TDOTU/Content/Assets/Sprites/Alpaca/RunFrames/corsa_e_cammianta_alpaca_Sprite_44.uasset" 141
"../../../TDOTU/Content/Assets/Sprites/Alpaca/RunFrames/corsa_e_cammianta_alpaca_Sprite_45.uasset" 142
"../../../TDOTU/Content/Assets/Sprites/Alpaca/RunFrames/corsa_e_cammianta_alpaca_Sprite_46.uasset" 143
"../../../TDOTU/Content/Assets/Sprites/Alpaca/RunFrames/corsa_e_cammianta_alpaca_Sprite_47.uasset" 144
"../../../TDOTU/Content/Assets/Sprites/Alpaca/RunFrames/corsa_e_cammianta_alpaca_Sprite_48.uasset" 145
"../../../TDOTU/Content/Assets/Sprites/Alpaca/RunFrames/corsa_e_cammianta_alpaca_Sprite_49.uasset" 146
"../../../TDOTU/Content/Assets/Sprites/Alpaca/RunFrames/corsa_e_cammianta_alpaca_Sprite_50.uasset" 147
"../../../TDOTU/Content/Assets/Sprites/Alpaca/RunFrames/corsa_e_cammianta_alpaca_Sprite_51.uasset" 148
"../../../TDOTU/Content/Assets/Sprites/Alpaca/RunFrames/corsa_e_cammianta_alpaca_Sprite_52.uasset" 149
"../../../TDOTU/Content/Assets/Sprites/Alpaca/RunFrames/corsa_e_cammianta_alpaca_Sprite_53.uasset" 150
"../../../TDOTU/Content/Assets/Sprites/Alpaca/RunFrames/corsa_e_cammianta_alpaca_Sprite_54.uasset" 151
"../../../TDOTU/Content/Assets/Sprites/Alpaca/RunFrames/corsa_e_cammianta_alpaca_Sprite_55.uasset" 152
"../../../TDOTU/Content/Assets/Sprites/Alpaca/RunFrames/RunningAnimation.uasset" 153
"../../../TDOTU/Content/Assets/Sprites/Alpaca/RunFrames/corsa_e_cammianta_alpaca_Sprite_0.uasset" 154
"../../../TDOTU/Content/Assets/Sprites/Alpaca/RunFrames/corsa_e_cammianta_alpaca_Sprite_1.uasset" 155
"../../../TDOTU/Content/Assets/Sprites/Alpaca/RunFrames/corsa_e_cammianta_alpaca_Sprite_10.uasset" 156
"../../../TDOTU/Content/Assets/Sprites/Alpaca/RunFrames/corsa_e_cammianta_alpaca_Sprite_11.uasset" 157
"../../../TDOTU/Content/Assets/Sprites/Alpaca/RunFrames/corsa_e_cammianta_alpaca_Sprite_12.uasset" 158
"../../../TDOTU/Content/Assets/Sprites/Alpaca/RunFrames/corsa_e_cammianta_alpaca_Sprite_13.uasset" 159
"../../../TDOTU/Content/Assets/Sprites/Alpaca/RunFrames/corsa_e_cammianta_alpaca_Sprite_14.uasset" 160
"../../../TDOTU/Content/Assets/Sprites/Alpaca/RunFrames/corsa_e_cammianta_alpaca_Sprite_15.uasset" 161
"../../../TDOTU/Content/Assets/Sprites/Alpaca/RunFrames/corsa_e_cammianta_alpaca_Sprite_16.uasset" 162
"../../../TDOTU/Content/Assets/Sprites/Alpaca/RunFrames/corsa_e_cammianta_alpaca_Sprite_17.uasset" 163
"../../../TDOTU/Content/Assets/Sprites/Alpaca/RunFrames/corsa_e_cammianta_alpaca_Sprite_18.uasset" 164
"../../../TDOTU/Content/Assets/Sprites/Alpaca/RunFrames/corsa_e_cammianta_alpaca_Sprite_19.uasset" 165
"../../../TDOTU/Content/Assets/Sprites/Alpaca/RunFrames/corsa_e_cammianta_alpaca_Sprite_2.uasset" 166
"../../../TDOTU/Content/Assets/Sprites/Alpaca/RunFrames/corsa_e_cammianta_alpaca_Sprite_20.uasset" 167
"../../../TDOTU/Content/Assets/Sprites/Alpaca/RunFrames/corsa_e_cammianta_alpaca_Sprite_21.uasset" 168
"../../../TDOTU/Content/Assets/Sprites/Alpaca/RunFrames/corsa_e_cammianta_alpaca_Sprite_22.uasset" 169
"../../../TDOTU/Content/Assets/Sprites/Alpaca/RunFrames/corsa_e_cammianta_alpaca_Sprite_23.uasset" 170
"../../../TDOTU/Content/Assets/Sprites/Alpaca/RunFrames/corsa_e_cammianta_alpaca_Sprite_3.uasset" 171
"../../../TDOTU/Content/Assets/Sprites/Alpaca/RunFrames/corsa_e_cammianta_alpaca_Sprite_4.uasset" 172
"../../../TDOTU/Content/Assets/Sprites/Alpaca/RunFrames/corsa_e_cammianta_alpaca_Sprite_5.uasset" 173
"../../../TDOTU/Content/Assets/Sprites/Alpaca/RunFrames/corsa_e_cammianta_alpaca_Sprite_6.uasset" 174
"../../../TDOTU/Content/Assets/Sprites/Alpaca/RunFrames/corsa_e_cammianta_alpaca_Sprite_7.uasset" 175
"../../../TDOTU/Content/Assets/Sprites/Alpaca/RunFrames/corsa_e_cammianta_alpaca_Sprite_8.uasset" 176
"../../../TDOTU/Content/Assets/Sprites/Alpaca/RunFrames/corsa_e_cammianta_alpaca_Sprite_9.uasset" 177
"../../../TDOTU/Content/Assets/Sprites/Alpaca/RunFrames/WalkingAnimation.uasset" 178
"../../../TDOTU/Content/Assets/Sprites/Alpaca/RunFrames/WalkingAnimation_2.uasset" 179
"../../../TDOTU/Content/Assets/Sprites/Alpaca/Sword/Spadata.uasset" 180
"../../../TDOTU/Content/Assets/Sprites/Alpaca/Sword/Spadata_Sprite_0.uasset" 181
"../../../TDOTU/Content/Assets/Sprites/Alpaca/Sword/Spadata_Sprite_1.uasset" 182
"../../../TDOTU/Content/Assets/Sprites/Alpaca/Sword/Spadata_Sprite_2.uasset" 183
"../../../TDOTU/Content/Assets/Sprites/Alpaca/Sword/Sword_4.uasset" 184
"../../../TDOTU/Content/Assets/Sprites/Alpaca/Sword/Sword_idle_2.uasset" 185
"../../../TDOTU/Content/Blueprint/Generic/Gamemode_Endless.uasset" 186
"../../../TDOTU/Content/Blueprint/Generic/Coins/Coin.uasset" 187
"../../../TDOTU/Content/ParticlesAndMaterials/Beam.uasset" 188
"../../../TDOTU/Content/ParticlesAndMaterials/Fire/Particella.uasset" 189
"../../../TDOTU/Content/ParticlesAndMaterials/Fire/Smoke.uasset" 190
"../../../TDOTU/Content/ParticlesAndMaterials/Dust_jump_2.uasset" 191
"../../../TDOTU/Content/ParticlesAndMaterials/Dust_Run.uasset" 192
"../../../TDOTU/Content/Assets/Shop/Pozione_Di_Vita.uasset" 193
"../../../TDOTU/Content/ParticlesAndMaterials/EsenzaVitale_2.uasset" 194
"../../../TDOTU/Content/Assets/Shop/Essenza_Vitale.uasset" 195
"../../../TDOTU/Content/ParticlesAndMaterials/EsenzaVitale_3.uasset" 196
"../../../TDOTU/Content/ParticlesAndMaterials/Fire/Fire.uasset" 197
"../../../TDOTU/Content/ParticlesAndMaterials/Fire/Fire_2.uasset" 198
"../../../TDOTU/Content/ParticlesAndMaterials/Fire/Fire_3.uasset" 199
"../../../TDOTU/Content/ParticlesAndMaterials/Smoke_2.uasset" 200
"../../../TDOTU/Content/ParticlesAndMaterials/Explosion.uasset" 201
"../../../TDOTU/Content/ParticlesAndMaterials/HeatlhPotion_2.uasset" 202
"../../../TDOTU/Content/ParticlesAndMaterials/PozioneDiVita.uasset" 203
"../../../TDOTU/Content/ParticlesAndMaterials/Particella.uasset" 204
"../../../TDOTU/Content/ParticlesAndMaterials/Smoke.uasset" 205
"../../../TDOTU/Content/ParticlesAndMaterials/foglia.uasset" 206
"../../../TDOTU/Content/ParticlesAndMaterials/Smoke_3.uasset" 207
"../../../TDOTU/Content/ParticlesAndMaterials/Fire/P_Dust.uasset" 208
"../../../Engine/Content/Functions/Engine_MaterialFunctions01/Opacity/CameraDepthFade.uasset" 209
"../../../Engine/Content/EngineMaterials/T_Default_Material_Grid_M.uasset" 210
"../../../Engine/Content/EngineMaterials/T_Default_Material_Grid_N.uasset" 211
"../../../Engine/Content/EngineMaterials/DefaultMaterial.uasset" 212
"../../../Engine/Content/BasicShapes/Cone.uasset" 213
"../../../Engine/Content/EngineMaterials/WorldGridMaterial.uasset" 214
"../../../Engine/Content/BasicShapes/Cube.uasset" 215
"../../../Engine/Content/BasicShapes/Cylinder.uasset" 216
"../../../Engine/Content/BasicShapes/Plane.uasset" 217
"../../../Engine/Content/BasicShapes/Sphere.uasset" 218
"../../../Engine/Content/EditorLandscapeResources/DataLayer.uasset" 219
"../../../Engine/Content/EditorMaterials/GizmoMaterial.uasset" 220
"../../../Engine/Content/EditorMaterials/MAT_Groups_Toggle.uasset" 221
"../../../Engine/Content/EditorMaterials/MAT_Groups_Visibility.uasset" 222
"../../../Engine/Content/EditorMaterials/PreviewShadowIndicator.uasset" 223
"../../../Engine/Content/EditorMaterials/PreviewShadowIndicatorMaterial.uasset" 224
"../../../Engine/Content/EditorMaterials/AssetViewer/EpicQuadPanorama_CC+EV1.uasset" 225
"../../../Engine/Content/EditorMaterials/MatineeGroups/MAT_ColorTrack.uasset" 226
"../../../Engine/Content/EditorMaterials/MatineeGroups/MAT_Groups_Anim.uasset" 227
"../../../Engine/Content/EditorMaterials/MatineeGroups/MAT_Groups_AudioMaster.uasset" 228
"../../../Engine/Content/EditorMaterials/MatineeGroups/MAT_Groups_Director.uasset" 229
"../../../Engine/Content/EditorMaterials/MatineeGroups/MAT_Groups_Event.uasset" 230
"../../../Engine/Content/EditorMaterials/MatineeGroups/MAT_Groups_Fade.uasset" 231
"../../../Engine/Content/EditorMaterials/MatineeGroups/MAT_Groups_Float.uasset" 232
"../../../Engine/Content/EditorMaterials/MatineeGroups/MAT_Groups_Move.uasset" 233
"../../../Engine/Content/EditorMaterials/MatineeGroups/MAT_Groups_Slomo.uasset" 234
"../../../Engine/Content/EditorMaterials/MatineeGroups/MAT_Groups_Sound.uasset" 235
"../../../Engine/Content/EditorMaterials/MatineeGroups/MAT_Groups_Vector.uasset" 236
"../../../Engine/Content/EditorMaterials/ParticleSystems/PSysThumbnail_NoImage.uasset" 237
"../../../Engine/Content/EditorMaterials/ParticleSystems/PSysThumbnail_OOD.uasset" 238
"../../../Engine/Content/EditorMaterials/Camera/CineMat.uasset" 239
"../../../Engine/Content/EditorMaterials/Camera/MI_CineMat_Rig.uasset" 240
"../../../Engine/Content/EditorMeshes/Camera/SM_CraneRig_Arm.uasset" 241
"../../../Engine/Content/EditorMeshes/Camera/SM_CraneRig_Base.uasset" 242
"../../../Engine/Content/EditorMeshes/Camera/SM_CraneRig_Body.uasset" 243
"../../../Engine/Content/EditorMeshes/Camera/SM_CraneRig_Mount.uasset" 244
"../../../Engine/Content/EditorMeshes/Camera/SM_RailRig_Mount.uasset" 245
"../../../Engine/Content/EditorMeshes/Camera/SM_RailRig_Track.uasset" 246
"../../../Engine/Content/EditorMeshes/ColorCalibrator/M_ChromeBall.uasset" 247
"../../../Engine/Content/EditorMeshes/ColorCalibrator/M_ClearCoat.uasset" 248
"../../../Engine/Content/EditorMeshes/ColorCalibrator/M_ClearCoatBlack.uasset" 249
"../../../Engine/Content/EditorMeshes/ColorCalibrator/T_ColorGrid.uasset" 250
"../../../Engine/Content/EditorMeshes/ColorCalibrator/M_ColorGrid.uasset" 251
"../../../Engine/Content/EditorMeshes/ColorCalibrator/M_GreyBall.uasset" 252
"../../../Engine/Content/EditorMeshes/ColorCalibrator/SM_ColorCalibrator.uasset" 253
"../../../Engine/Content/EditorResources/BSPVertex.uasset" 254
"../../../Engine/Content/EditorResources/EmptyActor.uasset" 255
"../../../Engine/Content/EditorResources/S_Actor.uasset" 256
"../../../Engine/Content/EditorResources/S_Trigger.uasset" 257
"../../../Engine/Content/EditorResources/LightIcons/S_LightError.uasset" 258
"../../../Engine/Content/EditorResources/SequenceRecorder/Countdown.uasset" 259
"../../../Engine/Content/EditorResources/SequenceRecorder/RecordingIndicator.uasset" 260
"../../../Engine/Content/EditorSounds/Notifications/CompileFailed.uasset" 261
"../../../Engine/Content/EditorSounds/Notifications/CompileFailed_Cue.uasset" 262
"../../../Engine/Content/EditorSounds/Notifications/CompileSuccess.uasset" 263
"../../../Engine/Content/EditorSounds/Notifications/CompileStart_Cue.uasset" 264
"../../../Engine/Content/EditorSounds/Notifications/CompileSuccess_Cue.uasset" 265
"../../../Engine/Content/EngineDamageTypes/DmgTypeBP_Environmental.uasset" 266
"../../../Engine/Content/EngineDebugMaterials/HeatmapGradient.uasset" 267
"../../../Engine/Content/EngineDebugMaterials/BoneWeightMaterial.uasset" 268
"../../../Engine/Content/EngineDebugMaterials/ClothMaterial.uasset" 269
"../../../Engine/Content/EngineDebugMaterials/ClothMaterial_WF.uasset" 270
"../../../Engine/Content/EngineDebugMaterials/DebugEditorMaterial.uasset" 271
"../../../Engine/Content/EngineDebugMaterials/DebugMeshMaterial.uasset" 272
"../../../Engine/Content/EngineDebugMaterials/GeomMaterial.uasset" 273
"../../../Engine/Content/EngineFonts/Faces/RobotoBold.uasset" 274
"../../../Engine/Content/EngineFonts/Faces/RobotoBoldItalic.uasset" 275
"../../../Engine/Content/EngineFonts/Faces/RobotoItalic.uasset" 276
"../../../Engine/Content/EngineFonts/Faces/RobotoLight.uasset" 277
"../../../Engine/Content/EngineFonts/Faces/RobotoRegular.uasset" 278
"../../../Engine/Content/EngineFonts/Roboto.uasset" 279
"../../../Engine/Content/EngineMaterials/DefaultBloomKernel.uasset" 280
"../../../Engine/Content/EngineMaterials/DefaultBokeh.uasset" 281
"../../../Engine/Content/EngineMaterials/DefaultDiffuse.uasset" 282
"../../../Engine/Content/EngineMaterials/DefaultDeferredDecalMaterial.uasset" 283
"../../../Engine/Content/EngineMaterials/DefaultLightFunctionMaterial.uasset" 284
"../../../Engine/Content/EngineMaterials/DefaultPhysicalMaterial.uasset" 285
"../../../Engine/Content/Functions/Engine_MaterialFunctions02/Utility/BreakOutFloat2Components.uasset" 286
"../../../Engine/Content/EngineMaterials/DefaultPostProcessMaterial.uasset" 287
"../../../Engine/Content/EngineFonts/RobotoDistanceField.uasset" 288
"../../../Engine/Content/EngineMaterials/DefaultTextMaterialOpaque.uasset" 289
"../../../Engine/Content/EngineMaterials/DefaultWhiteGrid.uasset" 290
"../../../Engine/Content/EngineMaterials/EditorBrushMaterial.uasset" 291
"../../../Engine/Content/EngineMaterials/Good64x64TilingNoiseHighFreq.uasset" 292
"../../../Engine/Content/EngineMaterials/MiniFont.uasset" 293
"../../../Engine/Content/EngineMaterials/InvalidLightmapSettings.uasset" 294
"../../../Engine/Content/EngineMaterials/M_InvalidLightmapSettings.uasset" 295
"../../../Engine/Content/EngineMaterials/PhAT_JointLimitMaterial.uasset" 296
"../../../Engine/Content/EngineMaterials/PreintegratedSkinBRDF.uasset" 297
"../../../Engine/Content/EngineMaterials/RemoveSurfaceMaterial.uasset" 298
"../../../Engine/Content/EngineMaterials/WeightMapPlaceholderTexture.uasset" 299
"../../../Engine/Content/EngineResources/WhiteSquareTexture.uasset" 300
"../../../Engine/Content/EngineMaterials/Widget3DPassThrough.uasset" 301
"../../../Engine/Content/EngineMaterials/Widget3DPassThrough_Masked.uasset" 302
"../../../Engine/Content/EngineMaterials/Widget3DPassThrough_Opaque.uasset" 303
"../../../Engine/Content/EngineMaterials/Widget3DPassThrough_Masked_OneSided.uasset" 304
"../../../Engine/Content/EngineMaterials/Widget3DPassThrough_Opaque_OneSided.uasset" 305
"../../../Engine/Content/EngineMaterials/Widget3DPassThrough_Translucent.uasset" 306
"../../../Engine/Content/EngineMaterials/Widget3DPassThrough_Translucent_OneSided.uasset" 307
"../../../Engine/Content/EngineMeshes/Cube.uasset" 308
"../../../Engine/Content/EngineMeshes/Cylinder.uasset" 309
"../../../Engine/Content/EngineMeshes/Sphere.uasset" 310
"../../../Engine/Content/EngineResources/Black.uasset" 311
"../../../Engine/Content/EngineResources/DefaultTexture.uasset" 312
"../../../Engine/Content/EngineResources/DefaultTextureCube.uasset" 313
"../../../Engine/Content/EngineResources/GradientTexture0.uasset" 314
"../../../Engine/Content/EngineSounds/Master.uasset" 315
"../../../Engine/Content/Functions/Engine_MaterialFunctions01/Shading/ConvertFromDiffSpec.uasset" 316
"../../../Engine/Content/Functions/Engine_MaterialFunctions01/Shading/PowerToRoughness.uasset" 317
"../../../Engine/Content/Maps/Templates/Thumbnails/Default.uasset" 318
"../../../Engine/Content/Maps/Templates/Thumbnails/VR-Basic.uasset" 319
"../../../Engine/Content/MobileResources/T_MobileControls_texture.uasset" 320
"../../../Engine/Content/MobileResources/T_MobileMenu2.uasset" 321
"../../../Engine/Content/MobileResources/HUD/AnalogHat.uasset" 322
"../../../Engine/Content/MobileResources/HUD/VirtualJoystick_Background.uasset" 323
"../../../Engine/Content/MobileResources/HUD/VirtualJoystick_Thumb.uasset" 324
"../../../Engine/Content/MobileResources/HUD/DefaultVirtualJoysticks.uasset" 325
"../../../Engine/Content/MobileResources/HUD/LeftVirtualJoystickOnly.uasset" 326
"../../../Engine/Content/MobileResources/HUD/MobileHUDButton1_off.uasset" 327
"../../../Engine/Content/MobileResources/HUD/MobileHUDButton1_on.uasset" 328
"../../../Engine/Content/MobileResources/HUD/MobileHUDButton2_off.uasset" 329
"../../../Engine/Content/MobileResources/HUD/MobileHUDButton2_on.uasset" 330
"../../../Engine/Content/MobileResources/HUD/MobileHUDButton3.uasset" 331
"../../../Engine/Content/MobileResources/HUD/MobileHUDButtonFire.uasset" 332
"../../../Engine/Content/MobileResources/HUD/MobileHUDDirectionPad.uasset" 333
"../../../Engine/Content/MobileResources/HUD/MobileHUDDirectionPad2.uasset" 334
"../../../Engine/Content/MobileResources/HUD/MobileHUDDirectionPad3.uasset" 335
"../../../Engine/Content/MobileResources/HUD/MobileHUDDirectionStick.uasset" 336
"../../../Engine/Content/MobileResources/HUD/T_Castle_ThumbstickInner.uasset" 337
"../../../Engine/Content/MobileResources/HUD/T_Castle_ThumbstickOutter.uasset" 338
"../../../Engine/Content/Tutorial/ContentIntroCurve.uasset" 339
"../../../Engine/Content/Tutorial/Basics/TutorialAssets/icon_tab_Levels_40x.uasset" 340
"../../../Engine/Content/Tutorial/BlueprintTutorials/TutorialAssets/BlueprintInterface_64x.uasset" 341
"../../../Engine/Content/Tutorial/BlueprintTutorials/TutorialAssets/BlueprintMacroLibrary_64x.uasset" 342
"../../../Engine/Content/Tutorial/BlueprintTutorials/TutorialAssets/Blueprint_64x.uasset" 343
"../../../Engine/Content/Tutorial/BlueprintTutorials/TutorialAssets/Tutorial_BP_Interface.uasset" 344
"../../../Engine/Content/Tutorial/Foliage/TutorialAssets/Foliage.uasset" 345
"../../../Engine/Content/Tutorial/Landscape/TutorialAssets/Landscape.uasset" 346
"../../../Engine/Content/Tutorial/Paper2D/TutorialAssets/Paper2DFlipbook_TutorialIcon.uasset" 347
"../../../Engine/Content/Tutorial/Paper2D/TutorialAssets/Paper2DSprite_TutorialIcon.uasset" 348
"../../../Engine/Content/Tutorial/SubEditors/TutorialAssets/icon_Editor_Preferences_General_40x.uasset" 349
"../../../Engine/Content/Tutorial/SubEditors/TutorialAssets/icon_ShowSkeletalMeshes_40x.uasset" 350
"../../../Engine/Content/Tutorial/SubEditors/TutorialAssets/TutorialMaterial.uasset" 351
"../../../Engine/Content/Tutorial/SubEditors/TutorialAssets/T_SmokeSubUV_8X8.uasset" 352
"../../../Engine/Content/Tutorial/SubEditors/TutorialAssets/T_soft_smoke.uasset" 353
"../../../Engine/Content/Tutorial/SubEditors/TutorialAssets/M_smoke_subUV_blackbody.uasset" 354
"../../../Engine/Content/Tutorial/SubEditors/TutorialAssets/TutorialParticleSystem.uasset" 355
"../../../Engine/Content/EditorMeshes/EditorCube.uasset" 356
"../../../Engine/Content/Tutorial/SubEditors/TutorialAssets/Tutorial_DM.uasset" 357
"../../../Engine/Content/Functions/Engine_MaterialFunctions02/Utility/BreakOutFloat3Components.uasset" 358
"../../../Engine/Content/Functions/Engine_MaterialFunctions02/Math/Transform3x3Matrix.uasset" 359
"../../../Engine/Content/Functions/Engine_MaterialFunctions02/SplitComponents.uasset" 360
"../../../Engine/Content/Functions/Engine_MaterialFunctions02/Utility/MakeFloat3.uasset" 361
"../../../Engine/Content/VREditor/SnapGrid/SnapGridMaterial.uasset" 362
"../../../Engine/Content/VREditor/LaserPointer/VR_LaserPower_01.uasset" 363
"../../../Engine/Content/VREditor/TransformGizmo/TransformGizmoMaterial.uasset" 364
"../../../Engine/Content/VREditor/TransformGizmo/TransformGizmoMaterial_Inst.uasset" 365
"../../../Engine/Content/VREditor/TransformGizmo/TranslucentTransformGizmoMaterial.uasset" 366
"../../../Engine/Content/VREditor/TransformGizmo/TranslucentTransformGizmoMaterial_Inst.uasset" 367
"../../../Engine/Content/VREditor/SnapGrid/SnapGridPlaneMesh.uasset" 368
"../../../Engine/Content/VREditor/Sounds/UI/Drop_Item_From_ContentBrowser.uasset" 369
"../../../Engine/Content/VREditor/Sounds/UI/Gizmo_Handle_Clicked.uasset" 370
"../../../Engine/Content/VREditor/Sounds/UI/Object_PickUp.uasset" 371
"../../../Engine/Content/VREditor/Sounds/UI/Object_Snaps_To_Another_Actor.uasset" 372
"../../../Engine/Content/VREditor/Sounds/UI/Object_Snaps_To_Grid.uasset" 373
"../../../Engine/Content/VREditor/Sounds/UI/Scaling_Down.uasset" 374
"../../../Engine/Content/VREditor/Sounds/UI/Scaling_Up.uasset" 375
"../../../Engine/Content/VREditor/Sounds/UI/Selection_Changes.uasset" 376
"../../../Engine/Content/VREditor/TransformGizmo/PlaneTranslationHandle.uasset" 377
"../../../Engine/Content/VREditor/TransformGizmo/RotationHandleFull.uasset" 378
"../../../Engine/Content/VREditor/TransformGizmo/RotationHandleIndicator.uasset" 379
"../../../Engine/Content/VREditor/TransformGizmo/RotationHandleQuarter.uasset" 380
"../../../Engine/Content/VREditor/TransformGizmo/StartRotationHandleIndicator.uasset" 381
"../../../Engine/Content/VREditor/TransformGizmo/TransformGizmoFreeRotation.uasset" 382
"../../../Engine/Content/VREditor/TransformGizmo/TranslateArrowHandle.uasset" 383
"../../../Engine/Content/VREditor/TransformGizmo/UniformScaleHandle.uasset" 384
"../../../Engine/Content/VREditor/ViewportInteractionAssetContainerData.uasset" 385
"../../../Engine/Content/VREditor/Fonts/VRText_RobotoLarge.uasset" 386
"../../../Engine/Content/VREditor/Fonts/VRTextMaterial.uasset" 387
"../../../Engine/Content/Functions/Engine_MaterialFunctions01/Gradient/RadialGradient.uasset" 388
"../../../Engine/Content/VREditor/WorldMovementGrid/SimpleGrid.uasset" 389
"../../../Engine/Content/VREditor/WorldMovementGrid/GridMaterial.uasset" 390
"../../../Engine/Content/Functions/Engine_MaterialFunctions01/Density/ExponentialDensity.uasset" 391
"../../../Engine/Content/VREditor/WorldMovementGrid/GridPostProcess.uasset" 392
"../../../Engine/Content/VREditor/Devices/Vive/VivePreController_MasksB.uasset" 393
"../../../Engine/Content/VREditor/Devices/Oculus/OculusControllerMaterial.uasset" 394
"../../../Engine/Content/VREditor/Devices/Oculus/OculusControllerMaterial_Inst.uasset" 395
"../../../Engine/Content/VREditor/Devices/Vive/T_VivePreController_EM.uasset" 396
"../../../Engine/Content/VREditor/Devices/Vive/VivePreController_MasksA.uasset" 397
"../../../Engine/Content/VREditor/Devices/Vive/VivePreControllerDiffuse.uasset" 398
"../../../Engine/Content/VREditor/Devices/Vive/VivePreControllerSpec.uasset" 399
"../../../Engine/Content/VREditor/Devices/Vive/VivePreControllerMaterial.uasset" 400
"../../../Engine/Content/VREditor/Devices/Vive/VivePreControllerMaterial_Inst.uasset" 401
"../../../Engine/Content/VREditor/LaserPointer/LaserPointerMaterial.uasset" 402
"../../../Engine/Content/VREditor/LaserPointer/LaserPointerMaterialInst.uasset" 403
"../../../Engine/Content/VREditor/LaserPointer/TranslucentLaserPointerMaterialInst.uasset" 404
"../../../Engine/Content/VREditor/Teleport/TeleportDirectionMaterial.uasset" 405
"../../../Engine/Content/VREditor/Teleport/TeleportDirectionMaterial_Inst.uasset" 406
"../../../Engine/Content/VREditor/Devices/Generic/GenericHMDMaterial.uasset" 407
"../../../Engine/Content/VREditor/Devices/Generic/GenericHMD.uasset" 408
"../../../Engine/Content/VREditor/Devices/Oculus/OculusControllerMesh.uasset" 409
"../../../Engine/Content/VREditor/Devices/Vive/VivePreControllerMesh.uasset" 410
"../../../Engine/Content/VREditor/LaserPointer/CursorPointer.uasset" 411
"../../../Engine/Content/VREditor/LaserPointer/HoverMaterial.uasset" 412
"../../../Engine/Content/VREditor/LaserPointer/TranslucentHoverMaterial.uasset" 413
"../../../Engine/Content/VREditor/LaserPointer/HoverMesh.uasset" 414
"../../../Engine/Content/VREditor/LaserPointer/LaserPointerMesh.uasset" 415
"../../../Engine/Content/VREditor/LaserPointer/LaserPointerMesh_End.uasset" 416
"../../../Engine/Content/VREditor/LaserPointer/LaserPointerMesh_Start.uasset" 417
"../../../Engine/Content/VREditor/Sounds/UI/Click_on_Button_Cue.uasset" 418
"../../../Engine/Content/VREditor/Sounds/UI/Dockable_Window_Close.uasset" 419
"../../../Engine/Content/VREditor/Sounds/UI/Dockable_Window_Drop.uasset" 420
"../../../Engine/Content/VREditor/Sounds/UI/Dockable_Window_Open.uasset" 421
"../../../Engine/Content/VREditor/Sounds/UI/Dockable_Window_Pick_Up.uasset" 422
"../../../Engine/Content/VREditor/Sounds/UI/Floating_UI_Open-001.uasset" 423
"../../../Engine/Content/VREditor/Sounds/UI/Radial_Menu_FadeOut.uasset" 424
"../../../Engine/Content/VREditor/Sounds/UI/Teleport_Mode_Entered.uasset" 425
"../../../Engine/Content/VREditor/Sounds/VR_teleport.uasset" 426
"../../../Engine/Content/VREditor/Teleport/TeleportDirectionMesh.uasset" 427
"../../../Engine/Content/VREditor/TransformGizmo/Main.uasset" 428
"../../../Engine/Content/VREditor/TransformGizmo/Xray.uasset" 429
"../../../Engine/Content/VREditor/TransformGizmo/SM_Dialog_Close.uasset" 430
"../../../Engine/Content/VREditor/TransformGizmo/SM_Dialog_Move.uasset" 431
"../../../Engine/Content/VREditor/Devices/Vive/UE4_Logo.uasset" 432
"../../../Engine/Content/VREditor/UI/M_ContentWindow.uasset" 433
"../../../Engine/Content/VREditor/UI/SM_ContentWindow_01.uasset" 434
"../../../Engine/Content/VREditor/UI/KeyDiskMaterial.uasset" 435
"../../../Engine/Content/VREditor/UI/DiscMaterial.uasset" 436
"../../../Engine/Content/VREditor/UI/SM_Radial_Disk.uasset" 437
"../../../Engine/Content/VREditor/UI/ArrowMaterial.uasset" 438
"../../../Engine/Content/VREditor/UI/SM_Radial_Pointer.uasset" 439
"../../../Engine/Content/EditorLandscapeResources/FlattenHeightMat.uasset" 440
"../../../Engine/Content/VREditor/WorldMovementGrid/PlaneMesh.uasset" 441
"../../../Engine/Content/VREditor/VREditorAssetContainerData.uasset" 442
"../../../Engine/Content/VREditor/FloatingText/LineMaterial.uasset" 443
"../../../Engine/Content/VREditor/FloatingText/JointSphere.uasset" 444
"../../../Engine/Content/VREditor/FloatingText/LineSegmentCylinder.uasset" 445
"../../../Engine/Content/VREditor/Fonts/TranslucentVRTextMaterial.uasset" 446
"../../../Engine/Content/VREditor/TransformGizmo/BoundingBoxCorner.uasset" 447
"../../../Engine/Content/VREditor/TransformGizmo/BoundingBoxEdge.uasset" 448
"../../../Engine/Content/VREditor/TransformGizmo/SM_Sequencer_Key.uasset" 449
"../../../Engine/Plugins/2D/Paper2D/Content/DummySprite.uasset" 450
"../../../Engine/Plugins/2D/Paper2D/Content/DefaultPaperTerrainMaterial.uasset" 451
"../../../Engine/Plugins/2D/Paper2D/Content/OpaqueUnlitSpriteMaterial.uasset" 452
"../../../Engine/Plugins/Runtime/Oculus/OculusVR/Content/Textures/GearVRController_AO.uasset" 453
"../../../Engine/Plugins/Runtime/Oculus/OculusVR/Content/Textures/GearVRController_Color.uasset" 454
"../../../Engine/Plugins/Runtime/Oculus/OculusVR/Content/Textures/GearVRController_Normal.uasset" 455
"../../../Engine/Plugins/Runtime/Oculus/OculusVR/Content/Materials/GearVRControllerMaterial.uasset" 456
"../../../Engine/Plugins/Runtime/Oculus/OculusVR/Content/Meshes/GearVrController.uasset" 457
"../../../Engine/Plugins/2D/Paper2D/Content/PlaceholderTextures/FlatNormalMap.uasset" 458
"../../../Engine/Plugins/2D/Paper2D/Content/DefaultLitSpriteMaterial.uasset" 459
"../../../Engine/Plugins/2D/Paper2D/Content/MaskedUnlitSpriteMaterial.uasset" 460
"../../../TDOTU/Content/Assets/Levels/Forest_Menu/TRONCO_ABETE.uasset" 461
"../../../TDOTU/Content/Assets/Levels/Forest_Menu/TRONCO_ABETE_Sprite.uasset" 462
"../../../TDOTU/Content/Assets/Levels/ForestBackground/ALberi_2_Sprite_264.uasset" 463
"../../../TDOTU/Content/Assets/Levels/LevelMenu/-1.uasset" 464
"../../../TDOTU/Content/Assets/Levels/LevelMenu/-1_Sprite.uasset" 465
"../../../TDOTU/Content/Assets/Levels/LevelMenu/-2.uasset" 466
"../../../TDOTU/Content/Assets/Levels/LevelMenu/-2_Sprite.uasset" 467
"../../../TDOTU/Content/Assets/Levels/LevelMenu/10.uasset" 468
"../../../TDOTU/Content/Assets/Levels/LevelMenu/10_Sprite.uasset" 469
"../../../TDOTU/Content/Assets/Levels/LevelMenu/1.uasset" 470
"../../../TDOTU/Content/Assets/Levels/LevelMenu/1_Sprite.uasset" 471
"../../../TDOTU/Content/Assets/Levels/LevelMenu/2.uasset" 472
"../../../TDOTU/Content/Assets/Levels/LevelMenu/2_Sprite.uasset" 473
"../../../TDOTU/Content/Assets/Levels/LevelMenu/3.uasset" 474
"../../../TDOTU/Content/Assets/Levels/LevelMenu/3_Sprite.uasset" 475
"../../../TDOTU/Content/Assets/Levels/LevelMenu/4.uasset" 476
"../../../TDOTU/Content/Assets/Levels/LevelMenu/4_Sprite.uasset" 477
"../../../TDOTU/Content/Assets/Levels/LevelMenu/5.uasset" 478
"../../../TDOTU/Content/Assets/Levels/LevelMenu/5_Sprite.uasset" 479
"../../../TDOTU/Content/Assets/Levels/LevelMenu/7.uasset" 480
"../../../TDOTU/Content/Assets/Levels/LevelMenu/7_Sprite.uasset" 481
"../../../TDOTU/Content/Assets/Levels/LevelMenu/8.uasset" 482
"../../../TDOTU/Content/Assets/Levels/LevelMenu/8_Sprite.uasset" 483
"../../../TDOTU/Content/Assets/Levels/LevelMenu/9.uasset" 484
"../../../TDOTU/Content/Assets/Levels/LevelMenu/9_Sprite_0.uasset" 485
"../../../TDOTU/Content/Assets/Levels/LevelMenu/abete_2.uasset" 486
"../../../TDOTU/Content/Assets/Levels/LevelMenu/abete_2_Sprite.uasset" 487
"../../../TDOTU/Content/Assets/Levels/LevelMenu/albero-sheet.uasset" 488
"../../../TDOTU/Content/Assets/Levels/LevelMenu/albero-sheet_Sprite_0.uasset" 489
"../../../TDOTU/Content/Assets/Levels/LevelMenu/Albero_di_lato_menu.uasset" 490
"../../../TDOTU/Content/Assets/Levels/LevelMenu/Albero_di_lato_menu_Sprite.uasset" 491
"../../../TDOTU/Content/Assets/Levels/LevelMenu/albero_Sprite_0.uasset" 492
"../../../TDOTU/Content/Assets/Levels/LevelMenu/caverna_1.uasset" 493
"../../../TDOTU/Content/Assets/Levels/LevelMenu/caverna_1_Sprite.uasset" 494
"../../../TDOTU/Content/Assets/Levels/LevelMenu/caverna_2.uasset" 495
"../../../TDOTU/Content/Assets/Levels/LevelMenu/caverna_2_Sprite.uasset" 496
"../../../TDOTU/Content/Assets/Levels/LevelMenu/caverna_3.uasset" 497
"../../../TDOTU/Content/Assets/Levels/LevelMenu/caverna_3_Sprite.uasset" 498
"../../../TDOTU/Content/Assets/Levels/LevelMenu/caverna_4.uasset" 499
"../../../TDOTU/Content/Assets/Levels/LevelMenu/caverna_4_Sprite.uasset" 500
"../../../TDOTU/Content/Assets/Levels/LevelMenu/caverna_5.uasset" 501
"../../../TDOTU/Content/Assets/Levels/LevelMenu/caverna_5_Sprite.uasset" 502
"../../../TDOTU/Content/Assets/Levels/LevelMenu/caverna_6.uasset" 503
"../../../TDOTU/Content/Assets/Levels/LevelMenu/caverna_6_Sprite.uasset" 504
"../../../TDOTU/Content/Assets/Levels/LevelMenu/sassi.uasset" 505
"../../../TDOTU/Content/Assets/Levels/LevelMenu/sassi_Sprite.uasset" 506
"../../../TDOTU/Content/Assets/Levels/LevelMenu/sassi_Sprite_0.uasset" 507
"../../../TDOTU/Content/Assets/Levels/LevelMenu/sassi_Sprite_1.uasset" 508
"../../../TDOTU/Content/Assets/Levels/LevelMenu/sassi_Sprite_2.uasset" 509
"../../../TDOTU/Content/Assets/Levels/LevelMenu/Terreno_Menu_la_vendetta.uasset" 510
"../../../TDOTU/Content/Assets/Levels/LevelMenu/Terreno_Menu_la_vendetta_Sprite.uasset" 511
"../../../TDOTU/Content/Assets/Levels/LevelMenu/terreno_sotto_terreno_sotto_terreno_menu.uasset" 512
"../../../TDOTU/Content/Assets/Levels/LevelMenu/terreno_sotto_terreno_sotto_terreno_menu_Sprite.uasset" 513
"../../../TDOTU/Content/Assets/Levels/LevelMenu/terreno_sottoil_terreno_sotto_il_terreno_sotto_il_terreno_menu.uasset" 514
"../../../TDOTU/Content/Assets/Levels/LevelMenu/terreno_sottoil_terreno_sotto_il_terreno_sotto_il_terreno_menu_Sprite.uasset" 515
"../../../TDOTU/Content/Assets/Levels/LevelMenu/TORCIA.uasset" 516
"../../../TDOTU/Content/Assets/Levels/LevelMenu/TORCIA_Sprite_0.uasset" 517
"../../../TDOTU/Content/Assets/Levels/night/Ricnhiera.uasset" 518
"../../../TDOTU/Content/Assets/Sprites/newalpaca/Sprite-0007-Recovered-Recovered.uasset" 519
"../../../TDOTU/Content/Assets/Sprites/newalpaca/Sprite-0007-Recovered-Recovered_Sprite_0.uasset" 520
"../../../TDOTU/Content/Assets/Sprites/newalpaca/Sprite-0007-Recovered-Recovered_Sprite_1.uasset" 521
"../../../TDOTU/Content/Assets/Sprites/newalpaca/Sprite-0007-Recovered-Recovered_Sprite_2.uasset" 522
"../../../TDOTU/Content/Assets/Sprites/newalpaca/Sprite-0007-Recovered-Recovered_Sprite_3.uasset" 523
"../../../TDOTU/Content/Assets/Sprites/newalpaca/Sprite-0007-Recovered-Recovered_Sprite_4.uasset" 524
"../../../TDOTU/Content/Assets/Sprites/newalpaca/Sprite-0007-Recovered-Recovered_Sprite_5.uasset" 525
"../../../TDOTU/Content/Assets/Sprites/newalpaca/Sprite-0007-Recovered-Recovered_Sprite_6.uasset" 526
"../../../TDOTU/Content/Assets/Sprites/newalpaca/Sprite-0007-Recovered-Recovered_Sprite_7.uasset" 527
"../../../TDOTU/Content/Assets/Sprites/newalpaca/NewAlpacaIdle.uasset" 528
"../../../TDOTU/Content/ParticlesAndMaterials/Fire/P_Fire+Smoke.uasset" 529
"../../../TDOTU/Content/ParticlesAndMaterials/Fire/P_Fire+Smoke_2.uasset" 530
"../../../TDOTU/Content/Assets/Levels/LevelMenu/LeveleMenu.uasset" 531
"../../../TDOTU/Content/Blueprint/Generic/Menu/GlobalItemCategory.uasset" 532
"../../../TDOTU/Content/Blueprint/Generic/Menu/GlobalItem.uasset" 533
"../../../TDOTU/Content/Blueprint/Generic/Menu/MainShop.uasset" 534
"../../../TDOTU/Content/Blueprint/Generic/mainSaveGame.uasset" 535
"../../../TDOTU/Content/Blueprint/Generic/Code.uasset" 536
"../../../TDOTU/Content/Blueprint/Generic/Code_Font.uasset" 537
"../../../TDOTU/Content/Blueprint/Generic/Menu/LoadingStatic.uasset" 538
"../../../TDOTU/Content/Blueprint/Generic/DefaultGameInstance.uasset" 539
"../../../TDOTU/Content/Assets/Menu/Select_Button.uasset" 540
"../../../TDOTU/Content/Assets/Menu/Select_Button_Sprite_0.uasset" 541
"../../../TDOTU/Content/Assets/Menu/Select_Button_Sprite_1.uasset" 542
"../../../TDOTU/Content/Blueprint/Generic/Menu/UMG_Level.uasset" 543
"../../../TDOTU/Content/Assets/Levels/Map1.uasset" 544
"../../../TDOTU/Content/Assets/Menu/back_button.uasset" 545
"../../../TDOTU/Content/Assets/Menu/back_button_Sprite_0.uasset" 546
"../../../TDOTU/Content/Assets/Menu/back_button_Sprite_1.uasset" 547
"../../../TDOTU/Content/Blueprint/Generic/Menu/UMG_LevelSelection.uasset" 548
"../../../TDOTU/Content/Assets/Menu/Bottoni_Menu_2.uasset" 549
"../../../TDOTU/Content/Assets/Menu/Bottoni_Menu_2_Sprite_0.uasset" 550
"../../../TDOTU/Content/Assets/Menu/Bottoni_Menu_2_Sprite_1.uasset" 551
"../../../TDOTU/Content/Assets/Menu/Bottoni_Menu_2_Sprite_2.uasset" 552
"../../../TDOTU/Content/Assets/Menu/Bottoni_Menu_2_Sprite_3.uasset" 553
"../../../TDOTU/Content/Assets/Menu/Bottoni_Menu_4.uasset" 554
"../../../TDOTU/Content/Assets/Menu/Bottoni_Menu_4_Sprite_0.uasset" 555
"../../../TDOTU/Content/Assets/Menu/Bottoni_Menu_4_Sprite_1.uasset" 556
"../../../TDOTU/Content/Assets/Menu/Bottoni_Menu_4_Sprite_2.uasset" 557
"../../../TDOTU/Content/Assets/Menu/Bottoni_Menu_4_Sprite_3.uasset" 558
"../../../TDOTU/Content/Assets/Menu/Logo___Demon_s_Uprising_Animated_Sprite_0.uasset" 559
"../../../TDOTU/Content/Blueprint/Generic/Menu/UMG_MainMenu.uasset" 560
"../../../Engine/Content/EditorBlueprintResources/StandardMacros.uasset" 561
"../../../TDOTU/Content/Blueprint/Generic/Menu/UMG_MainShopItem.uasset" 562
"../../../TDOTU/Content/Blueprint/Generic/Menu/UMG_MainShop.uasset" 563
"../../../TDOTU/Content/Maps/MainMenu_BuiltData.uasset" 564
"../../../TDOTU/Content/Maps/MainMenu.umap" 565
"../../../TDOTU/Content/Maps/PersistentLevel_BuiltData.uasset" 566
"../../../TDOTU/Content/Assets/Levels/ForestBackground/ALberi_2_Bianchi_Sprite_264.uasset" 567
"../../../TDOTU/Content/Assets/Levels/ForestBackground/ALberi_2_Sprite_263.uasset" 568
"../../../TDOTU/Content/Assets/Levels/ForestBackground/ALberi_2_Sprite_265.uasset" 569
"../../../TDOTU/Content/Assets/Levels/ForestBackground/ALberi_2_Sprite_266.uasset" 570
"../../../TDOTU/Content/Assets/Levels/ForestBackground/ALberi_2_Sprite_267.uasset" 571
"../../../TDOTU/Content/Assets/Levels/ForestBackground/Alberi_Bianchi_Sprite_0.uasset" 572
"../../../TDOTU/Content/Assets/Levels/ForestBackground/Alberi_Bianchi_Sprite_7.uasset" 573
"../../../TDOTU/Content/Assets/Levels/ForestBackground/Alberi_Sfondo_Sprite.uasset" 574
"../../../TDOTU/Content/Assets/Levels/ForestBackground/Alberi_Sfondo_Sprite_0.uasset" 575
"../../../TDOTU/Content/Assets/Levels/ForestBackground/Alberi_Sfondo_Sprite_1.uasset" 576
"../../../TDOTU/Content/Assets/Levels/ForestBackground/Alberi_Sfondo_Sprite_17.uasset" 577
"../../../TDOTU/Content/Assets/Levels/ForestBackground/Alberi_Sfondo_Sprite_18.uasset" 578
"../../../TDOTU/Content/Assets/Levels/ForestBackground/Alberi_Sfondo_Sprite_19.uasset" 579
"../../../TDOTU/Content/Assets/Levels/ForestBackground/Alberi_Sfondo_Sprite_2.uasset" 580
"../../../TDOTU/Content/Assets/Levels/ForestBackground/Alberi_Sfondo_Sprite_23.uasset" 581
"../../../TDOTU/Content/Assets/Levels/ForestBackground/Alberi_Sfondo_Sprite_25.uasset" 582
"../../../TDOTU/Content/Assets/Levels/ForestBackground/Alberi_Sfondo_Sprite_3.uasset" 583
"../../../TDOTU/Content/Assets/Levels/ForestBackground/Alberi_Sfondo_Sprite_5.uasset" 584
"../../../TDOTU/Content/Assets/Levels/ForestBackground/Alberi_Sfondo_Sprite_6.uasset" 585
"../../../TDOTU/Content/ParticlesAndMaterials/DefaultLitSpriteMaterialImported.uasset" 586
"../../../TDOTU/Content/Assets/Levels/ForestBackground/Alberi_Sfondo_Sprite_7.uasset" 587
"../../../TDOTU/Content/Assets/Levels/ForestBackground/Alberi_Sfondo_Sprite_9.uasset" 588
"../../../TDOTU/Content/Assets/Levels/ForestBackground/Cose_che_stanno_sotto_terra.uasset" 589
"../../../TDOTU/Content/Assets/Levels/ForestBackground/Cose_che_stanno_sotto_terra_Sprite_0.uasset" 590
"../../../TDOTU/Content/Assets/Levels/ForestBackground/Cose_che_stanno_sotto_terra_Sprite_1.uasset" 591
"../../../TDOTU/Content/Assets/Levels/ForestBackground/Lucciola.uasset" 592
"../../../TDOTU/Content/Assets/Levels/ForestBackground/Lucciola_Sprite.uasset" 593
"../../../TDOTU/Content/Assets/Levels/ForestBackground/Terreno_Menu_Sprite_0.uasset" 594
"../../../TDOTU/Content/Assets/Levels/ForestBackground/terreno_sotto_il_terreno.uasset" 595
"../../../TDOTU/Content/Assets/Levels/ForestBackground/terreno_sotto_il_terreno_Sprite.uasset" 596
"../../../TDOTU/Content/Maps/PersistentLevel.umap" 597
"../../../TDOTU/Content/Blueprint/Characters/Generic/CameraShake1.uasset" 598
"../../../TDOTU/Content/Blueprint/Characters/Generic/CameraShake3.uasset" 599
"../../../TDOTU/Content/ParticlesAndMaterials/DefaultLitSpriteMaterialShiny.uasset" 600
"../../../TDOTU/Content/Assets/Shop/Coins/Moneta_da_1_coin.uasset" 601
"../../../TDOTU/Content/Assets/Shop/Coins/Moneta_da_1_coin_Sprite_0.uasset" 602
"../../../TDOTU/Content/Assets/Shop/Coins/Moneta_da_1_coin_Sprite_1.uasset" 603
"../../../TDOTU/Content/Assets/Shop/Coins/Moneta_da_1_coin_Sprite_2.uasset" 604
"../../../TDOTU/Content/Assets/Shop/Coins/Moneta_da_1_coin_Sprite_3.uasset" 605
"../../../TDOTU/Content/Assets/Shop/Coins/Moneta_da_1_coin_Sprite_4.uasset" 606
"../../../TDOTU/Content/Assets/Shop/Coins/Moneta_da_1_coin_Sprite_5.uasset" 607
"../../../TDOTU/Content/Assets/Shop/Coins/Moneta_da_1_coin_Sprite_6.uasset" 608
"../../../TDOTU/Content/Assets/Shop/Coins/Moneta_da_1_coin_Sprite_7.uasset" 609
"../../../TDOTU/Content/Assets/Shop/Coins/Coin1Spinn.uasset" 610
"../../../TDOTU/Content/Assets/Shop/Coins/Moneta_da_5_coin.uasset" 611
"../../../TDOTU/Content/Assets/Shop/Coins/Moneta_da_5_coin_Sprite.uasset" 612
"../../../TDOTU/Content/Assets/Shop/Coins/Moneta_da_5_coin_Sprite1.uasset" 613
"../../../TDOTU/Content/Assets/Shop/Coins/Moneta_da_5_coin_Sprite2.uasset" 614
"../../../TDOTU/Content/Assets/Shop/Coins/Moneta_da_5_coin_Sprite3.uasset" 615
"../../../TDOTU/Content/Assets/Shop/Coins/Moneta_da_5_coin_Sprite4.uasset" 616
"../../../TDOTU/Content/Assets/Shop/Coins/Moneta_da_5_coin_Sprite5.uasset" 617
"../../../TDOTU/Content/Assets/Shop/Coins/Moneta_da_5_coin_Sprite_0.uasset" 618
"../../../TDOTU/Content/Assets/Shop/Coins/Moneta_da_5_coin_Sprite_1.uasset" 619
"../../../TDOTU/Content/Assets/Shop/Coins/Coin5Spinn.uasset" 620
"../../../TDOTU/Content/Assets/Shop/Coins/Coin_da_10_Sprite.uasset" 621
"../../../TDOTU/Content/Assets/Shop/Coins/Coin_da_10_Sprite1.uasset" 622
"../../../TDOTU/Content/Assets/Shop/Coins/Coin_da_10_Sprite2.uasset" 623
"../../../TDOTU/Content/Assets/Shop/Coins/Coin_da_10_Sprite3.uasset" 624
"../../../TDOTU/Content/Assets/Shop/Coins/Coin_da_10_Sprite4.uasset" 625
"../../../TDOTU/Content/Assets/Shop/Coins/Coin_da_10_Sprite5.uasset" 626
"../../../TDOTU/Content/Assets/Shop/Coins/Coin_da_10_Sprite8.uasset" 627
"../../../TDOTU/Content/Assets/Shop/Coins/Coin_da_10_Sprite9.uasset" 628
"../../../TDOTU/Content/Assets/Shop/Coins/Gold10Spinn.uasset" 629
"../../../TDOTU/Content/Blueprint/Generic/Coins/GoldCoinFollowingPlayer.uasset" 630
"../../../TDOTU/Content/Blueprint/Generic/Coins/GoldCoin.uasset" 631
"../../../TDOTU/Content/Blueprint/Generic/DamageType.uasset" 632
"../../../TDOTU/Content/Blueprint/Generic/DamageInterface.uasset" 633
"../../../TDOTU/Content/Assets/Sprites/STELLA.uasset" 634
"../../../TDOTU/Content/Assets/Sprites/STELLA_Sprite_0.uasset" 635
"../../../TDOTU/Content/Assets/Sprites/STELLA_Sprite_1.uasset" 636
"../../../TDOTU/Content/Assets/Sprites/Star_Animation.uasset" 637
"../../../TDOTU/Content/Blueprint/Enemies/EnemyName.uasset" 638
"../../../TDOTU/Content/Blueprint/Enemies/EnemyType.uasset" 639
"../../../TDOTU/Content/Blueprint/Enemies/Enemy.uasset" 640
"../../../TDOTU/Content/Blueprint/Enemies/EnemyHealth.uasset" 641
"../../../TDOTU/Content/Blueprint/Enemies/BaseEnemy.uasset" 642
"../../../Engine/Plugins/2D/Paper2D/Content/MaskedLitSpriteMaterial.uasset" 643
"../../../TDOTU/Content/Assets/Sprites/Alpaca/IdleFrames/Alpaca_Idle.uasset" 644
"../../../TDOTU/Content/Assets/Sprites/Alpaca/IdleFrames/Alpaca_Idle_Sprite_0.uasset" 645
"../../../TDOTU/Content/Assets/Sprites/Alpaca/IdleFrames/Alpaca_Idle_Sprite_1.uasset" 646
"../../../TDOTU/Content/Assets/Sprites/Alpaca/IdleFrames/Alpaca_Idle_Sprite_10.uasset" 647
"../../../TDOTU/Content/Assets/Sprites/Alpaca/IdleFrames/Alpaca_Idle_Sprite_11.uasset" 648
"../../../TDOTU/Content/Assets/Sprites/Alpaca/IdleFrames/Alpaca_Idle_Sprite_12.uasset" 649
"../../../TDOTU/Content/Assets/Sprites/Alpaca/IdleFrames/Alpaca_Idle_Sprite_13.uasset" 650
"../../../TDOTU/Content/Assets/Sprites/Alpaca/IdleFrames/Alpaca_Idle_Sprite_14.uasset" 651
"../../../TDOTU/Content/Assets/Sprites/Alpaca/IdleFrames/Alpaca_Idle_Sprite_15.uasset" 652
"../../../TDOTU/Content/Assets/Sprites/Alpaca/IdleFrames/Alpaca_Idle_Sprite_16.uasset" 653
"../../../TDOTU/Content/Assets/Sprites/Alpaca/IdleFrames/Alpaca_Idle_Sprite_17.uasset" 654
"../../../TDOTU/Content/Assets/Sprites/Alpaca/IdleFrames/Alpaca_Idle_Sprite_18.uasset" 655
"../../../TDOTU/Content/Assets/Sprites/Alpaca/IdleFrames/Alpaca_Idle_Sprite_19.uasset" 656
"../../../TDOTU/Content/Assets/Sprites/Alpaca/IdleFrames/Alpaca_Idle_Sprite_2.uasset" 657
"../../../TDOTU/Content/Assets/Sprites/Alpaca/IdleFrames/Alpaca_Idle_Sprite_20.uasset" 658
"../../../TDOTU/Content/Assets/Sprites/Alpaca/IdleFrames/Alpaca_Idle_Sprite_21.uasset" 659
"../../../TDOTU/Content/Assets/Sprites/Alpaca/IdleFrames/Alpaca_Idle_Sprite_22.uasset" 660
"../../../TDOTU/Content/Assets/Sprites/Alpaca/IdleFrames/Alpaca_Idle_Sprite_23.uasset" 661
"../../../TDOTU/Content/Assets/Sprites/Alpaca/IdleFrames/Alpaca_Idle_Sprite_24.uasset" 662
"../../../TDOTU/Content/Assets/Sprites/Alpaca/IdleFrames/Alpaca_Idle_Sprite_25.uasset" 663
"../../../TDOTU/Content/Assets/Sprites/Alpaca/IdleFrames/Alpaca_Idle_Sprite_26.uasset" 664
"../../../TDOTU/Content/Assets/Sprites/Alpaca/IdleFrames/Alpaca_Idle_Sprite_27.uasset" 665
"../../../TDOTU/Content/Assets/Sprites/Alpaca/IdleFrames/Alpaca_Idle_Sprite_28.uasset" 666
"../../../TDOTU/Content/Assets/Sprites/Alpaca/IdleFrames/Alpaca_Idle_Sprite_29.uasset" 667
"../../../TDOTU/Content/Assets/Sprites/Alpaca/IdleFrames/Alpaca_Idle_Sprite_3.uasset" 668
"../../../TDOTU/Content/Assets/Sprites/Alpaca/IdleFrames/Alpaca_Idle_Sprite_30.uasset" 669
"../../../TDOTU/Content/Assets/Sprites/Alpaca/IdleFrames/Alpaca_Idle_Sprite_31.uasset" 670
"../../../TDOTU/Content/Assets/Sprites/Alpaca/IdleFrames/Alpaca_Idle_Sprite_4.uasset" 671
"../../../TDOTU/Content/Assets/Sprites/Alpaca/IdleFrames/Alpaca_Idle_Sprite_5.uasset" 672
"../../../TDOTU/Content/Assets/Sprites/Alpaca/IdleFrames/Alpaca_Idle_Sprite_6.uasset" 673
"../../../TDOTU/Content/Assets/Sprites/Alpaca/IdleFrames/Alpaca_Idle_Sprite_7.uasset" 674
"../../../TDOTU/Content/Assets/Sprites/Alpaca/IdleFrames/Alpaca_Idle_Sprite_8.uasset" 675
"../../../TDOTU/Content/Assets/Sprites/Alpaca/IdleFrames/Alpaca_Idle_Sprite_9.uasset" 676
"../../../TDOTU/Content/Assets/Sprites/Alpaca/IdleFrames/IdleAnimation_Alpaca.uasset" 677
"../../../TDOTU/Content/Assets/Sprites/Alpaca/JumpFrames/Jump_Sprite_4.uasset" 678
"../../../TDOTU/Content/Assets/Sprites/Alpaca/JumpFrames/fallinganmiation.uasset" 679
"../../../TDOTU/Content/Assets/Sprites/Alpaca/JumpFrames/movimentoinaria.uasset" 680
"../../../TDOTU/Content/Assets/Sprites/Alpaca/JumpFrames/Jump_Sprite_3.uasset" 681
"../../../TDOTU/Content/Assets/Sprites/Alpaca/JumpFrames/saltoaira.uasset" 682
"../../../TDOTU/Content/Assets/Sprites/Alpaca/RunFrames/RunningAnimation_2.uasset" 683
"../../../TDOTU/Content/ParticlesAndMaterials/Dust_jump.uasset" 684
"../../../TDOTU/Content/Blueprint/Characters/Generic/BasePlayerCharacter.uasset" 685
"../../../TDOTU/Content/Assets/Levels/LevelMenu/albero-sheet_Sprite_1.uasset" 686
"../../../TDOTU/Content/Assets/Levels/LevelMenu/albero-sheet_Sprite_2.uasset" 687
"../../../TDOTU/Content/Assets/Levels/LevelMenu/albero-sheet_Sprite_3.uasset" 688
"../../../TDOTU/Content/Assets/Levels/LevelMenu/AlberoVento.uasset" 689
"../../../TDOTU/Content/Blueprint/Characters/Alpaca/Fendente.uasset" 690
"../../../TDOTU/Content/Blueprint/Characters/Generic/CameraShake2.uasset" 691
"../../../TDOTU/Content/Blueprint/Characters/Generic/CameraShake4.uasset" 692
"../../../TDOTU/Content/Assets/Sprites/Alpaca/JumpFrames/dash.uasset" 693
"../../../TDOTU/Content/Assets/Sprites/Alpaca/JumpFrames/dash_Sprite_0.uasset" 694
"../../../TDOTU/Content/Assets/Sprites/Alpaca/JumpFrames/Dashing.uasset" 695
"../../../TDOTU/Content/Assets/Sprites/Alpaca/Sword/Spadata_Sprite_10.uasset" 696
"../../../TDOTU/Content/Assets/Sprites/Alpaca/Sword/Spadata_Sprite_11.uasset" 697
"../../../TDOTU/Content/Assets/Sprites/Alpaca/Sword/Spadata_Sprite_12.uasset" 698
"../../../TDOTU/Content/Assets/Sprites/Alpaca/Sword/Spadata_Sprite_22.uasset" 699
"../../../TDOTU/Content/Assets/Sprites/Alpaca/Sword/Spadata_Sprite_5.uasset" 700
"../../../TDOTU/Content/Assets/Sprites/Alpaca/Sword/Spadata_Sprite_7.uasset" 701
"../../../TDOTU/Content/Assets/Sprites/Alpaca/Sword/Spadata_Sprite_8.uasset" 702
"../../../TDOTU/Content/Assets/Sprites/Alpaca/Sword/Sword_1.uasset" 703
"../../../TDOTU/Content/Assets/Sprites/Alpaca/Sword/Spadata_Sprite_44.uasset" 704
"../../../TDOTU/Content/Assets/Sprites/Alpaca/Sword/Spadata_Sprite_45.uasset" 705
"../../../TDOTU/Content/Assets/Sprites/Alpaca/Sword/Spadata_Sprite_46.uasset" 706
"../../../TDOTU/Content/Assets/Sprites/Alpaca/Sword/Spadata_Sprite_47.uasset" 707
"../../../TDOTU/Content/Assets/Sprites/Alpaca/Sword/Spadata_Sprite_48.uasset" 708
"../../../TDOTU/Content/Assets/Sprites/Alpaca/Sword/Sword_2.uasset" 709
"../../../TDOTU/Content/Assets/Sprites/Alpaca/Sword/Spadata_Sprite_50.uasset" 710
"../../../TDOTU/Content/Assets/Sprites/Alpaca/Sword/Spadata_Sprite_51.uasset" 711
"../../../TDOTU/Content/Assets/Sprites/Alpaca/Sword/Spadata_Sprite_56.uasset" 712
"../../../TDOTU/Content/Assets/Sprites/Alpaca/Sword/Spadata_Sprite_58.uasset" 713
"../../../TDOTU/Content/Assets/Sprites/Alpaca/Sword/Spadata_Sprite_59.uasset" 714
"../../../TDOTU/Content/Assets/Sprites/Alpaca/Sword/Sword_3.uasset" 715
"../../../TDOTU/Content/Assets/Sprites/Alpaca/Sword/Spadata_Sprite_3.uasset" 716
"../../../TDOTU/Content/Assets/Sprites/Alpaca/Sword/Spadata_Sprite_4.uasset" 717
"../../../TDOTU/Content/Assets/Sprites/Alpaca/Sword/Sword_despawn.uasset" 718
"../../../TDOTU/Content/Assets/Sprites/Alpaca/Sword/Spadata_Sprite_53.uasset" 719
"../../../TDOTU/Content/Assets/Sprites/Alpaca/Sword/Spadata_Sprite_54.uasset" 720
"../../../TDOTU/Content/Assets/Sprites/Alpaca/Sword/Spadata_Sprite_55.uasset" 721
"../../../TDOTU/Content/Assets/Sprites/Alpaca/Sword/Spadata_Sprite_60.uasset" 722
"../../../TDOTU/Content/Assets/Sprites/Alpaca/Sword/Spadata_Sprite_61.uasset" 723
"../../../TDOTU/Content/Assets/Sprites/Alpaca/Sword/Spadata_Sprite_76.uasset" 724
"../../../TDOTU/Content/Assets/Sprites/Alpaca/Sword/Spadata_Sprite_77.uasset" 725
"../../../TDOTU/Content/Assets/Sprites/Alpaca/Sword/Spadata_Sprite_78.uasset" 726
"../../../TDOTU/Content/Assets/Sprites/Alpaca/Sword/Sword_idle.uasset" 727
"../../../TDOTU/Content/Assets/Sprites/Alpaca/Sword/Sword_Spawn.uasset" 728
"../../../TDOTU/Content/Assets/HUD/NewHUD/Alpaca_Strike_Button_Sprite_0.uasset" 729
"../../../TDOTU/Content/Assets/HUD/NewHUD/Dash_Button_Sprite_0.uasset" 730
"../../../TDOTU/Content/Assets/HUD/NewHUD/Jump_Button.uasset" 731
"../../../TDOTU/Content/Assets/HUD/NewHUD/Jump_Button_Sprite_0.uasset" 732
"../../../TDOTU/Content/Assets/HUD/NewHUD/Jump_Button_Sprite_1.uasset" 733
"../../../TDOTU/Content/Assets/HUD/NewHUD/Left_Button.uasset" 734
"../../../TDOTU/Content/Assets/HUD/NewHUD/Left_Button_Sprite_0.uasset" 735
"../../../TDOTU/Content/Assets/HUD/NewHUD/Left_Button_Sprite_1.uasset" 736
"../../../TDOTU/Content/Assets/HUD/NewHUD/Punch_Button.uasset" 737
"../../../TDOTU/Content/Assets/HUD/NewHUD/Punch_Button_Sprite_0.uasset" 738
"../../../TDOTU/Content/Assets/HUD/NewHUD/Punch_Button_Sprite_1.uasset" 739
"../../../TDOTU/Content/Assets/HUD/NewHUD/Right_Button.uasset" 740
"../../../TDOTU/Content/Assets/HUD/NewHUD/Right_Button_Sprite_0.uasset" 741
"../../../TDOTU/Content/Assets/HUD/NewHUD/Right_Button_Sprite_1.uasset" 742
"../../../TDOTU/Content/Blueprint/Characters/Alpaca/UMG_AlpacaHUD.uasset" 743
"../../../TDOTU/Content/Blueprint/Characters/Alpaca/CharacterAlpaca.uasset" 744
"../../../Engine/Content/EditorMaterials/WidgetMaterial_Current.uasset" 745
"../../../TDOTU/Content/Assets/Sprites/Bullet_Sprite.uasset" 746
"../../../TDOTU/Content/Blueprint/Enemies/EnemyEndless2/EnemyBullet1.uasset" 747
"../../../TDOTU/Content/Assets/Sprites/Pranker/Pranker_che_corre.uasset" 748
"../../../TDOTU/Content/Assets/Sprites/Pranker/Pranker_che_corre_Sprite_1.uasset" 749
"../../../TDOTU/Content/Assets/Sprites/Pranker/Pranker_che_corre_Sprite_2.uasset" 750
"../../../TDOTU/Content/Assets/Sprites/Pranker/Pranker_che_corre_Sprite_3.uasset" 751
"../../../TDOTU/Content/Assets/Sprites/Pranker/Pranker_che_corre_Sprite_4.uasset" 752
"../../../TDOTU/Content/Assets/Sprites/Pranker/Pranker_che_corre_Sprite_5.uasset" 753
"../../../TDOTU/Content/Assets/Sprites/Pranker/Pranker_che_corre_Sprite_6.uasset" 754
"../../../TDOTU/Content/Assets/Sprites/Pranker/Pranker_che_corre_Sprite_7.uasset" 755
"../../../TDOTU/Content/Assets/Sprites/Pranker/Pranker_che_corre_Sprite_8.uasset" 756
"../../../TDOTU/Content/Assets/Sprites/Pranker/CorsaPranker.uasset" 757
"../../../TDOTU/Content/Blueprint/Enemies/EnemyEndless2/EnemyEndless2.uasset" 758
"../../../TDOTU/Content/Assets/Sprites/Bomba_Sprite_0.uasset" 759
"../../../TDOTU/Content/Assets/Sprites/Bomba_Sprite_3.uasset" 760
"../../../TDOTU/Content/Assets/Sprites/Bomba_Sprite_4.uasset" 761
"../../../TDOTU/Content/Assets/Sprites/Bomb_Explosion.uasset" 762
"../../../TDOTU/Content/Assets/Sprites/Bomba_Sprite_1.uasset" 763
"../../../TDOTU/Content/Assets/Sprites/Bomb_Idle.uasset" 764
"../../../TDOTU/Content/Blueprint/Enemies/EnemyEndless3/FlyingEnemyBomb.uasset" 765
"../../../TDOTU/Content/Blueprint/Enemies/EnemyEndless3/EnemyEndless3.uasset" 766
"../../../TDOTU/Content/Assets/Sprites/Pranker/Pranker_Attacco_1-sheet.uasset" 767
"../../../TDOTU/Content/Assets/Sprites/Pranker/Pranker_Attacco_1-sheet_Sprite_0.uasset" 768
"../../../TDOTU/Content/Assets/Sprites/Pranker/Pranker_Attacco_1-sheet_Sprite_1.uasset" 769
"../../../TDOTU/Content/Assets/Sprites/Pranker/Pranker_Attacco_1-sheet_Sprite_2.uasset" 770
"../../../TDOTU/Content/Assets/Sprites/Pranker/Pranker_Attacco_1-sheet_Sprite_3.uasset" 771
"../../../TDOTU/Content/Assets/Sprites/Pranker/Pranker_Attacco_1-sheet_Sprite_4.uasset" 772
"../../../TDOTU/Content/Assets/Sprites/Pranker/Calcio_Pranker.uasset" 773
"../../../TDOTU/Content/Assets/Sprites/Pranker/Attacco2.uasset" 774
"../../../TDOTU/Content/Assets/Sprites/Pranker/Attacco2_Sprite_0.uasset" 775
"../../../TDOTU/Content/Assets/Sprites/Pranker/Attacco2_Sprite_1.uasset" 776
"../../../TDOTU/Content/Assets/Sprites/Pranker/Attacco2_Sprite_2.uasset" 777
"../../../TDOTU/Content/Assets/Sprites/Pranker/Attacco2_Sprite_3.uasset" 778
"../../../TDOTU/Content/Assets/Sprites/Pranker/Attacco2_Sprite_4.uasset" 779
"../../../TDOTU/Content/Assets/Sprites/Pranker/Testata_Pranker.uasset" 780
"../../../TDOTU/Content/Blueprint/Enemies/EnemyEndlessPranker/EnemyEndlessPranker.uasset" 781
"../../../TDOTU/Content/Blueprint/Generic/DefaultGameMode.uasset" 782
"../../../TDOTU/Content/Blueprint/Generic/EndlessShop/ItemName.uasset" 783
"../../../TDOTU/Content/Blueprint/Generic/EndlessShop/ItemStruct.uasset" 784
"../../../TDOTU/Content/Assets/Shop/Energia_in_BOttiglia.uasset" 785
"../../../TDOTU/Content/ParticlesAndMaterials/EnergiaInBottiglia.uasset" 786
"../../../TDOTU/Content/ParticlesAndMaterials/EsenzaVitale.uasset" 787
"../../../TDOTU/Content/ParticlesAndMaterials/HeatlhPotion.uasset" 788
"../../../TDOTU/Content/Blueprint/Generic/EndlessShop/UMG_EndlessShopItem.uasset" 789
"../../../TDOTU/Content/Assets/HUD/Coin_HUD.uasset" 790
"../../../TDOTU/Content/Assets/HUD/NewHUD/Hearth_Icon_HUD.uasset" 791
"../../../TDOTU/Content/Assets/HUD/NewHUD/Hearth_Icon_HUD_Sprite_0.uasset" 792
"../../../TDOTU/Content/Assets/HUD/NewHUD/Left_Box_HUD1.uasset" 793
"../../../TDOTU/Content/Assets/HUD/NewHUD/Left_Box_HUD1_Sprite.uasset" 794
"../../../TDOTU/Content/Assets/HUD/NewHUD/Pulsante_Wawe_Successiva.uasset" 795
"../../../TDOTU/Content/Assets/HUD/NewHUD/Pulsante_Wawe_Successiva_Sprite_0.uasset" 796
"../../../TDOTU/Content/Assets/HUD/NewHUD/Pulsante_Wawe_Successiva_Sprite_1.uasset" 797
"../../../TDOTU/Content/Assets/HUD/NewHUD/Ultimate_Full_BAr.uasset" 798
"../../../TDOTU/Content/Assets/HUD/NewHUD/Ultimate_Full_BAr_Sprite_0.uasset" 799
"../../../TDOTU/Content/Assets/HUD/NewHUD/Ultimate_Icon_HUD.uasset" 800
"../../../TDOTU/Content/Assets/HUD/NewHUD/Ultimate_Icon_HUD_Sprite_0.uasset" 801
"../../../TDOTU/Content/Blueprint/Generic/UMG_EndlessHUD.uasset" 802
"../../../TDOTU/Content/ParticlesAndMaterials/AlpacaIdle.uasset" 803
"../../../TDOTU/Content/Assets/Shop/alpaca_strike_icon.uasset" 804
"../../../TDOTU/Content/Assets/Shop/alpaca_strike_icon_Sprite_0.uasset" 805
"../../../TDOTU/Content/Assets/Shop/Bottone_Vergine_Menu_-_Copia.uasset" 806
"../../../TDOTU/Content/Assets/Shop/Bottone_Vergine_Menu_-_Copia_Sprite_0.uasset" 807
"../../../TDOTU/Content/Assets/Shop/Bottone_Vergine_Menu_-_Copia_Sprite_1.uasset" 808
"../../../TDOTU/Content/Assets/Shop/cooldown_icon.uasset" 809
"../../../TDOTU/Content/Assets/Shop/cooldown_icon_Sprite_0.uasset" 810
"../../../TDOTU/Content/Assets/Shop/damage_icon.uasset" 811
"../../../TDOTU/Content/Assets/Shop/damage_icon_Sprite_0.uasset" 812
"../../../TDOTU/Content/Assets/Shop/dash_icon.uasset" 813
"../../../TDOTU/Content/Assets/Shop/dash_icon_Sprite_0.uasset" 814
"../../../TDOTU/Content/Assets/Shop/defense_icon.uasset" 815
"../../../TDOTU/Content/Assets/Shop/defense_icon_Sprite_0.uasset" 816
"../../../TDOTU/Content/Assets/Shop/exitshopbutton.uasset" 817
"../../../TDOTU/Content/Assets/Shop/exitshopbutton_Sprite_0.uasset" 818
"../../../TDOTU/Content/Assets/Shop/exitshopbutton_Sprite_1.uasset" 819
"../../../TDOTU/Content/Assets/Shop/health_icon.uasset" 820
"../../../TDOTU/Content/Assets/Shop/health_icon_Sprite_0.uasset" 821
"../../../TDOTU/Content/Assets/Shop/jump_icon.uasset" 822
"../../../TDOTU/Content/Assets/Shop/jump_icon_Sprite_0.uasset" 823
"../../../TDOTU/Content/Assets/Shop/SPEED_ICON.uasset" 824
"../../../TDOTU/Content/Assets/Shop/SPEED_ICON_Sprite_0.uasset" 825
"../../../TDOTU/Content/Assets/Shop/sword_icon.uasset" 826
"../../../TDOTU/Content/Assets/Shop/sword_icon_Sprite_0.uasset" 827
"../../../TDOTU/Content/Blueprint/Generic/EndlessShop/UMG_EndlessShopItemSoldOut.uasset" 828
"../../../TDOTU/Content/ParticlesAndMaterials/back_shop.uasset" 829
"../../../TDOTU/Content/Blueprint/Generic/EndlessShop/UMG_EndlessShop.uasset" 830
"../../../TDOTU/Content/Blueprint/Generic/EndlessShop/EndlessShop.uasset" 831
"../../../TDOTU/Content/Maps/TestMap_BuiltData.uasset" 832
"../../../TDOTU/Content/Assets/Levels/ForestBackground/Alberi_Bianchi_Sprite.uasset" 833
"../../../TDOTU/Content/Assets/Levels/ForestBackground/Alberi_Bianchi_Sprite1.uasset" 834
"../../../TDOTU/Content/Assets/Levels/ForestBackground/Alberi_Bianchi_Sprite2.uasset" 835
"../../../TDOTU/Content/Assets/Levels/ForestBackground/Alberi_Bianchi_Sprite_1.uasset" 836
"../../../TDOTU/Content/Assets/Levels/ForestBackground/Alberi_Bianchi_Sprite_11.uasset" 837
"../../../TDOTU/Content/Assets/Levels/ForestBackground/Alberi_Bianchi_Sprite_17.uasset" 838
"../../../TDOTU/Content/Assets/Levels/ForestBackground/Alberi_Bianchi_Sprite_18.uasset" 839
"../../../TDOTU/Content/Assets/Levels/ForestBackground/Alberi_Bianchi_Sprite_19.uasset" 840
"../../../TDOTU/Content/Assets/Levels/ForestBackground/Alberi_Bianchi_Sprite_2.uasset" 841
"../../../TDOTU/Content/Assets/Levels/ForestBackground/Alberi_Bianchi_Sprite_20.uasset" 842
"../../../TDOTU/Content/Assets/Levels/ForestBackground/Alberi_Bianchi_Sprite_23.uasset" 843
"../../../TDOTU/Content/Assets/Levels/ForestBackground/Alberi_Bianchi_Sprite_24.uasset" 844
"../../../TDOTU/Content/Assets/Levels/ForestBackground/Alberi_Bianchi_Sprite_25.uasset" 845
"../../../TDOTU/Content/Assets/Levels/ForestBackground/Alberi_Bianchi_Sprite_3.uasset" 846
"../../../TDOTU/Content/Assets/Levels/ForestBackground/Alberi_Bianchi_Sprite_5.uasset" 847
"../../../TDOTU/Content/Assets/Levels/ForestBackground/Alberi_Bianchi_Sprite_6.uasset" 848
"../../../TDOTU/Content/Assets/Levels/ForestBackground/Alberi_Bianchi_Sprite_9.uasset" 849
"../../../TDOTU/Content/Maps/TestMap.umap" 850
"../../../Engine/Content/Maps/Entry.umap" 851
