"D:/Unreal Engine/Projects/TDOTU/TDOTU.uproject" 1
"../../../Engine/Plugins/2D/Paper2D/Paper2D.uplugin" 2
"../../../Engine/Plugins/Blendables/LightPropagationVolume/LightPropagationVolume.uplugin" 3
"../../../Engine/Plugins/Compositing/Composure/Composure.uplugin" 4
"../../../Engine/Plugins/Compositing/LensDistortion/LensDistortion.uplugin" 5
"../../../Engine/Plugins/Developer/BlankPlugin/BlankPlugin.uplugin" 6
"../../../Engine/Plugins/Developer/CodeLiteSourceCodeAccess/CodeLiteSourceCodeAccess.uplugin" 7
"../../../Engine/Plugins/Developer/GitSourceControl/GitSourceControl.uplugin" 8
"../../../Engine/Plugins/Developer/KDevelopSourceCodeAccess/KDevelopSourceCodeAccess.uplugin" 9
"../../../Engine/Plugins/Developer/NullSourceCodeAccess/NullSourceCodeAccess.uplugin" 10
"../../../Engine/Plugins/Developer/OneSkyLocalizationService/OneSkyLocalizationService.uplugin" 11
"../../../Engine/Plugins/Developer/PerforceSourceControl/PerforceSourceControl.uplugin" 12
"../../../Engine/Plugins/Developer/RenderDocPlugin/RenderDocPlugin.uplugin" 13
"../../../Engine/Plugins/Developer/SubversionSourceControl/SubversionSourceControl.uplugin" 14
"../../../Engine/Plugins/Developer/UObjectPlugin/UObjectPlugin.uplugin" 15
"../../../Engine/Plugins/Developer/VisualStudioSourceCodeAccess/VisualStudioSourceCodeAccess.uplugin" 16
"../../../Engine/Plugins/Developer/XCodeSourceCodeAccess/XCodeSourceCodeAccess.uplugin" 17
"../../../Engine/Plugins/Editor/AssetManagerEditor/AssetManagerEditor.uplugin" 18
"../../../Engine/Plugins/Editor/AudioCapture/AudioCapture.uplugin" 19
"../../../Engine/Plugins/Editor/EpicSurvey/EpicSurvey.uplugin" 20
"../../../Engine/Plugins/Editor/FacialAnimation/FacialAnimation.uplugin" 21
"../../../Engine/Plugins/Editor/GameplayTagsEditor/GameplayTagsEditor.uplugin" 22
"../../../Engine/Plugins/Editor/MobileLauncherProfileWizard/MobileLauncherProfileWizard.uplugin" 23
"../../../Engine/Plugins/Editor/PluginBrowser/PluginBrowser.uplugin" 24
"../../../Engine/Plugins/Editor/SpeedTreeImporter/SpeedTreeImporter.uplugin" 25
"../../../Engine/Plugins/Editor/USDImporter/USDImporter.uplugin" 26
"../../../Engine/Plugins/Experimental/AlembicImporter/AlembicImporter.uplugin" 27
"../../../Engine/Plugins/Experimental/AppleARKit/AppleARKit.uplugin" 28
"../../../Engine/Plugins/Experimental/BlueprintStats/BlueprintStats.uplugin" 29
"../../../Engine/Plugins/Experimental/CharacterAI/CharacterAI.uplugin" 30
"../../../Engine/Plugins/Experimental/CodeEditor/CodeEditor.uplugin" 31
"../../../Engine/Plugins/Experimental/CodeView/CodeView.uplugin" 32
"../../../Engine/Plugins/Experimental/ControlRig/ControlRig.uplugin" 33
"../../../Engine/Plugins/Experimental/HTML5Networking/HTML5Networking.uplugin" 34
"../../../Engine/Plugins/Experimental/ImagePlate/ImagePlate.uplugin" 35
"../../../Engine/Plugins/Experimental/LiveLink/LiveLink.uplugin" 36
"../../../Engine/Plugins/Experimental/OSVR/OSVR.uplugin" 37
"../../../Engine/Plugins/Experimental/RawInput/RawInput.uplugin" 38
"../../../Engine/Plugins/Experimental/SimpleHMD/SimpleHMD.uplugin" 39
"../../../Engine/Plugins/Experimental/StereoPanorama/StereoPanorama.uplugin" 40
"../../../Engine/Plugins/Experimental/StructBox/StructBox.uplugin" 41
"../../../Engine/Plugins/Media/AndroidMedia/AndroidMedia.uplugin" 42
"../../../Engine/Plugins/Media/AvfMedia/AvfMedia.uplugin" 43
"../../../Engine/Plugins/Media/MediaPlayerEditor/MediaPlayerEditor.uplugin" 44
"../../../Engine/Plugins/Media/MfMedia/MfMedia.uplugin" 45
"../../../Engine/Plugins/Media/WmfMedia/WmfMedia.uplugin" 46
"../../../Engine/Plugins/Messaging/MessagingDebugger/MessagingDebugger.uplugin" 47
"../../../Engine/Plugins/Messaging/TcpMessaging/TcpMessaging.uplugin" 48
"../../../Engine/Plugins/Messaging/UdpMessaging/UdpMessaging.uplugin" 49
"../../../Engine/Plugins/MovieScene/ActorSequenceEditor/ActorSequenceEditor.uplugin" 50
"../../../Engine/Plugins/MovieScene/LevelSequenceEditor/LevelSequenceEditor.uplugin" 51
"../../../Engine/Plugins/MovieScene/MatineeToLevelSequence/MatineeToLevelSequence.uplugin" 52
"../../../Engine/Plugins/NetcodeUnitTest/NetcodeUnitTest/NetcodeUnitTest.uplugin" 53
"../../../Engine/Plugins/NetcodeUnitTest/NUTUnrealEngine4/NUTUnrealEngine4.uplugin" 54
"../../../Engine/Plugins/Online/Android/OnlineSubsystemGameCircle/OnlineSubsystemGameCircle.uplugin" 55
"../../../Engine/Plugins/Online/Android/OnlineSubsystemGooglePlay/OnlineSubsystemGooglePlay.uplugin" 56
"../../../Engine/Plugins/Online/IOS/OnlineSubsystemIOS/OnlineSubsystemIOS.uplugin" 57
"../../../Engine/Plugins/Online/OnlineFramework/OnlineFramework.uplugin" 58
"../../../Engine/Plugins/Online/OnlineSubsystem/OnlineSubsystem.uplugin" 59
"../../../Engine/Plugins/Online/OnlineSubsystemAmazon/OnlineSubsystemAmazon.uplugin" 60
"../../../Engine/Plugins/Online/OnlineSubsystemFacebook/OnlineSubsystemFacebook.uplugin" 61
"../../../Engine/Plugins/Online/OnlineSubsystemGoogle/OnlineSubsystemGoogle.uplugin" 62
"../../../Engine/Plugins/Online/OnlineSubsystemNull/OnlineSubsystemNull.uplugin" 63
"../../../Engine/Plugins/Online/OnlineSubsystemOculus/OnlineSubsystemOculus.uplugin" 64
"../../../Engine/Plugins/Online/OnlineSubsystemSteam/OnlineSubsystemSteam.uplugin" 65
"../../../Engine/Plugins/Online/OnlineSubsystemTwitch/OnlineSubsystemTwitch.uplugin" 66
"../../../Engine/Plugins/Online/OnlineSubsystemUtils/OnlineSubsystemUtils.uplugin" 67
"../../../Engine/Plugins/Performance/PerformanceMonitor/PerformanceMonitor.uplugin" 68
"../../../Engine/Plugins/Runtime/Advertising/IOSTapJoy/IOSTapJoy.uplugin" 69
"../../../Engine/Plugins/Runtime/Analytics/Adjust/Adjust.uplugin" 70
"../../../Engine/Plugins/Runtime/Analytics/AnalyticsBlueprintLibrary/AnalyticsBlueprintLibrary.uplugin" 71
"../../../Engine/Plugins/Runtime/Analytics/AnalyticsMulticast/AnalyticsMulticast.uplugin" 72
"../../../Engine/Plugins/Runtime/Analytics/Apsalar/Apsalar.uplugin" 73
"../../../Engine/Plugins/Runtime/Analytics/FileLogging/FileLogging.uplugin" 74
"../../../Engine/Plugins/Runtime/Analytics/Flurry/Flurry.uplugin" 75
"../../../Engine/Plugins/Runtime/AndroidDeviceProfileSelector/AndroidDeviceProfileSelector.uplugin" 76
"../../../Engine/Plugins/Runtime/AndroidMoviePlayer/AndroidMoviePlayer.uplugin" 77
"../../../Engine/Plugins/Runtime/AndroidPermission/AndroidPermission.uplugin" 78
"../../../Engine/Plugins/Runtime/AppleMoviePlayer/AppleMoviePlayer.uplugin" 79
"../../../Engine/Plugins/Runtime/ArchVisCharacter/ArchVisCharacter.uplugin" 80
"../../../Engine/Plugins/Runtime/CableComponent/CableComponent.uplugin" 81
"../../../Engine/Plugins/Runtime/CustomMeshComponent/CustomMeshComponent.uplugin" 82
"../../../Engine/Plugins/Runtime/ExampleDeviceProfileSelector/ExampleDeviceProfileSelector.uplugin" 83
"../../../Engine/Plugins/Runtime/GameplayAbilities/GameplayAbilities.uplugin" 84
"../../../Engine/Plugins/Runtime/GoogleCloudMessaging/GoogleCloudMessaging.uplugin" 85
"../../../Engine/Plugins/Runtime/GoogleTango/GoogleTango.uplugin" 86
"../../../Engine/Plugins/Runtime/GoogleVR/GoogleVRController/GoogleVRController.uplugin" 87
"../../../Engine/Plugins/Runtime/GoogleVR/GoogleVRHMD/GoogleVRHMD.uplugin" 88
"../../../Engine/Plugins/Runtime/GoogleVR/GoogleVRTransition2D/GoogleVRTransition2D.uplugin" 89
"../../../Engine/Plugins/Runtime/HTNPlanner/HTNPlanner.uplugin" 90
"../../../Engine/Plugins/Runtime/HTTPChunkInstaller/HTTPChunkInstaller.uplugin" 91
"../../../Engine/Plugins/Runtime/ImmediatePhysics/ImmediatePhysics.uplugin" 92
"../../../Engine/Plugins/Runtime/IOSDeviceProfileSelector/IOSDeviceProfileSelector.uplugin" 93
"../../../Engine/Plugins/Runtime/LeapMotion/LeapMotion.uplugin" 94
"../../../Engine/Plugins/Runtime/LinuxDeviceProfileSelector/LinuxDeviceProfileSelector.uplugin" 95
"../../../Engine/Plugins/Runtime/LocationServicesAndroidImpl/LocationServicesAndroidImpl.uplugin" 96
"../../../Engine/Plugins/Runtime/LocationServicesBPLibrary/LocationServicesBPLibrary.uplugin" 97
"../../../Engine/Plugins/Runtime/LocationServicesIOSImpl/LocationServicesIOSImpl.uplugin" 98
"../../../Engine/Plugins/Runtime/MeshReconstruction/DummyMeshReconstructor/DummyMeshReconstructor.uplugin" 99
"../../../Engine/Plugins/Runtime/MIDIDevice/MIDIDevice.uplugin" 100
"../../../Engine/Plugins/Runtime/MixedRealityFramework/MixedRealityFramework.uplugin" 101
"../../../Engine/Plugins/Runtime/MobilePatchingUtils/MobilePatchingUtils.uplugin" 102
"../../../Engine/Plugins/Runtime/Nvidia/Ansel/Ansel.uplugin" 103
"../../../Engine/Plugins/Runtime/Oculus/OculusAudio/OculusAudio.uplugin" 104
"../../../Engine/Plugins/Runtime/Oculus/OculusVR/OculusVR.uplugin" 105
"../../../Engine/Plugins/Runtime/OptionalMobileFeaturesBPLibrary/OptionalMobileFeaturesBPLibrary.uplugin" 106
"../../../Engine/Plugins/Runtime/PhysXVehicles/PhysXVehicles.uplugin" 107
"../../../Engine/Plugins/Runtime/ProceduralMeshComponent/ProceduralMeshComponent.uplugin" 108
"../../../Engine/Plugins/Runtime/RuntimePhysXCooking/RuntimePhysXCooking.uplugin" 109
"../../../Engine/Plugins/Runtime/SignificanceManager/SignificanceManager.uplugin" 110
"../../../Engine/Plugins/Runtime/SoundMod/SoundMod.uplugin" 111
"../../../Engine/Plugins/Runtime/SoundUtilities/SoundUtilities.uplugin" 112
"../../../Engine/Plugins/Runtime/SoundVisualizations/SoundVisualizations.uplugin" 113
"../../../Engine/Plugins/Runtime/Steam/SteamAudio/SteamAudio.uplugin" 114
"../../../Engine/Plugins/Runtime/Steam/SteamController/SteamController.uplugin" 115
"../../../Engine/Plugins/Runtime/Steam/SteamVR/SteamVR.uplugin" 116
"../../../Engine/Plugins/Runtime/Synthesis/Synthesis.uplugin" 117
"../../../Engine/Plugins/Runtime/WebBrowserWidget/WebBrowserWidget.uplugin" 118
"../../../Engine/Plugins/Runtime/WindowsDeviceProfileSelector/WindowsDeviceProfileSelector.uplugin" 119
"../../../Engine/Plugins/Runtime/WindowsMoviePlayer/WindowsMoviePlayer.uplugin" 120
"../../../Engine/Plugins/ScriptPlugin/ScriptPlugin.uplugin" 121
"../../../Engine/Plugins/Slate/SlateRemote/SlateRemote.uplugin" 122
"../../../Engine/Plugins/Tests/EditorTests/EditorTests.uplugin" 123
"../../../Engine/Plugins/Tests/FbxAutomationTestBuilder/FbxAutomationTestBuilder.uplugin" 124
"../../../Engine/Plugins/Tests/FunctionalTestingEditor/FunctionalTestingEditor.uplugin" 125
"../../../Engine/Plugins/Tests/RuntimeTests/RuntimeTests.uplugin" 126
"../../../Engine/Plugins/Tests/ScreenshotTools/ScreenshotTools.uplugin" 127
"..\..\..\Engine\Content\Internationalization\icudt53l\cnvalias.icu" 128
"..\..\..\Engine\Content\Internationalization\icudt53l\res_index.res" 129
"..\..\..\Engine\Content\Internationalization\icudt53l\plurals.res" 130
"..\..\..\Engine\Content\Internationalization\icudt53l\lang\it.res" 131
"..\..\..\Engine\Content\Internationalization\icudt53l\lang\pool.res" 132
"..\..\..\Engine\Content\Internationalization\icudt53l\lang\root.res" 133
"..\..\..\Engine\Content\Internationalization\icudt53l\region\it.res" 134
"..\..\..\Engine\Content\Internationalization\icudt53l\region\pool.res" 135
"..\..\..\Engine\Content\Internationalization\icudt53l\region\root.res" 136
"..\..\..\Engine\Content\Internationalization\icudt53l\lang\en.res" 137
"..\..\..\Engine\Content\Internationalization\icudt53l\region\en.res" 138
"..\..\..\Engine\Content\Internationalization\icudt53l\windowsZones.res" 139
"..\..\..\Engine\Content\Internationalization\icudt53l\zoneinfo64.res" 140
"..\..\..\Engine\Content\Internationalization\icudt53l\keyTypeData.res" 141
"..\..\..\Engine\Content\Internationalization\icudt53l\timezoneTypes.res" 142
"..\..\..\Engine\Content\Internationalization\icudt53l\it_IT.res" 143
"..\..\..\Engine\Content\Internationalization\icudt53l\pool.res" 144
"..\..\..\Engine\Content\Internationalization\icudt53l\it.res" 145
"..\..\..\Engine\Content\Internationalization\icudt53l\root.res" 146
"C:/Users/micha/AppData/Local/UnrealEngine/4.17/Saved/Config/Windows/Manifest.ini" 147
"../../../Engine/Config/Base.ini" 148
"../../../Engine/Config/BaseEngine.ini" 149
"D:/Unreal Engine/Projects/TDOTU/Config/DefaultEngine.ini" 150
"../../../Engine/Config/Windows/WindowsEngine.ini" 151
"D:/Unreal Engine/Projects/TDOTU/Saved/Config/Windows/Engine.ini" 152
"../../../../Projects/TDOTU/Intermediate/Config/CoalescedSourceConfigs/Engine.ini" 153
"../../../Engine/Config/BaseGame.ini" 154
"D:/Unreal Engine/Projects/TDOTU/Config/DefaultGame.ini" 155
"D:/Unreal Engine/Projects/TDOTU/Saved/Config/Windows/Game.ini" 156
"../../../../Projects/TDOTU/Intermediate/Config/CoalescedSourceConfigs/Game.ini" 157
"../../../Engine/Config/BaseInput.ini" 158
"D:/Unreal Engine/Projects/TDOTU/Config/DefaultInput.ini" 159
"D:/Unreal Engine/Projects/TDOTU/Saved/Config/Windows/Input.ini" 160
"../../../../Projects/TDOTU/Intermediate/Config/CoalescedSourceConfigs/Input.ini" 161
"../../../Engine/Config/BaseEditor.ini" 162
"D:/Unreal Engine/Projects/TDOTU/Config/DefaultEditor.ini" 163
"D:/Unreal Engine/Projects/TDOTU/Saved/Config/Windows/Editor.ini" 164
"../../../../Projects/TDOTU/Intermediate/Config/CoalescedSourceConfigs/Editor.ini" 165
"../../../Engine/Config/BaseEditorPerProjectUserSettings.ini" 166
"D:/Unreal Engine/Projects/TDOTU/Config/DefaultEditorPerProjectUserSettings.ini" 167
"D:/Unreal Engine/Projects/TDOTU/Saved/Config/Windows/EditorPerProjectUserSettings.ini" 168
"../../../../Projects/TDOTU/Intermediate/Config/CoalescedSourceConfigs/EditorPerProjectUserSettings.ini" 169
"../../../Engine/Config/BaseEditorSettings.ini" 170
"C:/Users/micha/AppData/Local/UnrealEngine/4.17/Saved/Config/Windows/EditorSettings.ini" 171
"../../../../Projects/TDOTU/Intermediate/Config/CoalescedSourceConfigs/EditorSettings.ini" 172
"../../../Engine/Config/BaseEditorLayout.ini" 173
"C:/Users/micha/AppData/Local/UnrealEngine/4.17/Saved/Config/Windows/EditorLayout.ini" 174
"../../../../Projects/TDOTU/Intermediate/Config/CoalescedSourceConfigs/EditorLayout.ini" 175
"../../../Engine/Config/BaseEditorKeyBindings.ini" 176
"C:/Users/micha/AppData/Local/UnrealEngine/4.17/Saved/Config/Windows/EditorKeyBindings.ini" 177
"../../../../Projects/TDOTU/Intermediate/Config/CoalescedSourceConfigs/EditorKeyBindings.ini" 178
"../../../Engine/Config/BaseCompat.ini" 179
"D:/Unreal Engine/Projects/TDOTU/Saved/Config/Windows/Compat.ini" 180
"../../../../Projects/TDOTU/Intermediate/Config/CoalescedSourceConfigs/Compat.ini" 181
"../../../Engine/Config/BaseLightmass.ini" 182
"D:/Unreal Engine/Projects/TDOTU/Saved/Config/Windows/Lightmass.ini" 183
"../../../../Projects/TDOTU/Intermediate/Config/CoalescedSourceConfigs/Lightmass.ini" 184
"../../../Engine/Config/BaseScalability.ini" 185
"D:/Unreal Engine/Projects/TDOTU/Saved/Config/Windows/Scalability.ini" 186
"../../../../Projects/TDOTU/Intermediate/Config/CoalescedSourceConfigs/Scalability.ini" 187
"../../../Engine/Config/BaseHardware.ini" 188
"D:/Unreal Engine/Projects/TDOTU/Saved/Config/Windows/Hardware.ini" 189
"../../../../Projects/TDOTU/Intermediate/Config/CoalescedSourceConfigs/Hardware.ini" 190
"D:/Unreal Engine/Projects/TDOTU/Saved/Config/Windows/GameUserSettings.ini" 191
"../../../../Projects/TDOTU/Intermediate/Config/CoalescedSourceConfigs/GameUserSettings.ini" 192
"../../../Engine/Plugins/2D/Paper2D/Config/BasePaper2D.ini" 193
"D:/Unreal Engine/Projects/TDOTU/Saved/Config/Windows/Paper2D.ini" 194
"../../../../Projects/TDOTU/Intermediate/Config/CoalescedSourceConfigs/Paper2D.ini" 195
"../../../../Projects/TDOTU/Intermediate/Config/CoalescedSourceConfigs/LightPropagationVolume.ini" 196
"../../../../Projects/TDOTU/Intermediate/Config/CoalescedSourceConfigs/CodeLiteSourceCodeAccess.ini" 197
"../../../../Projects/TDOTU/Intermediate/Config/CoalescedSourceConfigs/GitSourceControl.ini" 198
"../../../../Projects/TDOTU/Intermediate/Config/CoalescedSourceConfigs/KDevelopSourceCodeAccess.ini" 199
"../../../../Projects/TDOTU/Intermediate/Config/CoalescedSourceConfigs/NullSourceCodeAccess.ini" 200
"../../../../Projects/TDOTU/Intermediate/Config/CoalescedSourceConfigs/PerforceSourceControl.ini" 201
"../../../../Projects/TDOTU/Intermediate/Config/CoalescedSourceConfigs/SubversionSourceControl.ini" 202
"../../../../Projects/TDOTU/Intermediate/Config/CoalescedSourceConfigs/UObjectPlugin.ini" 203
"../../../../Projects/TDOTU/Intermediate/Config/CoalescedSourceConfigs/VisualStudioSourceCodeAccess.ini" 204
"../../../../Projects/TDOTU/Intermediate/Config/CoalescedSourceConfigs/XCodeSourceCodeAccess.ini" 205
"../../../../Projects/TDOTU/Intermediate/Config/CoalescedSourceConfigs/AssetManagerEditor.ini" 206
"../../../../Projects/TDOTU/Intermediate/Config/CoalescedSourceConfigs/AudioCapture.ini" 207
"../../../../Projects/TDOTU/Intermediate/Config/CoalescedSourceConfigs/FacialAnimation.ini" 208
"../../../../Projects/TDOTU/Intermediate/Config/CoalescedSourceConfigs/GameplayTagsEditor.ini" 209
"../../../../Projects/TDOTU/Intermediate/Config/CoalescedSourceConfigs/MobileLauncherProfileWizard.ini" 210
"../../../../Projects/TDOTU/Intermediate/Config/CoalescedSourceConfigs/PluginBrowser.ini" 211
"../../../../Projects/TDOTU/Intermediate/Config/CoalescedSourceConfigs/SpeedTreeImporter.ini" 212
"../../../../Projects/TDOTU/Intermediate/Config/CoalescedSourceConfigs/AlembicImporter.ini" 213
"../../../../Projects/TDOTU/Intermediate/Config/CoalescedSourceConfigs/CharacterAI.ini" 214
"../../../../Projects/TDOTU/Intermediate/Config/CoalescedSourceConfigs/HTML5Networking.ini" 215
"../../../../Projects/TDOTU/Intermediate/Config/CoalescedSourceConfigs/AndroidMedia.ini" 216
"../../../../Projects/TDOTU/Intermediate/Config/CoalescedSourceConfigs/AvfMedia.ini" 217
"../../../../Projects/TDOTU/Intermediate/Config/CoalescedSourceConfigs/MediaPlayerEditor.ini" 218
"../../../../Projects/TDOTU/Intermediate/Config/CoalescedSourceConfigs/WmfMedia.ini" 219
"../../../../Projects/TDOTU/Intermediate/Config/CoalescedSourceConfigs/TcpMessaging.ini" 220
"../../../../Projects/TDOTU/Intermediate/Config/CoalescedSourceConfigs/UdpMessaging.ini" 221
"../../../../Projects/TDOTU/Intermediate/Config/CoalescedSourceConfigs/LevelSequenceEditor.ini" 222
"../../../../Projects/TDOTU/Intermediate/Config/CoalescedSourceConfigs/MatineeToLevelSequence.ini" 223
"../../../../Projects/TDOTU/Intermediate/Config/CoalescedSourceConfigs/OnlineSubsystemGooglePlay.ini" 224
"../../../../Projects/TDOTU/Intermediate/Config/CoalescedSourceConfigs/OnlineSubsystemIOS.ini" 225
"../../../../Projects/TDOTU/Intermediate/Config/CoalescedSourceConfigs/OnlineSubsystem.ini" 226
"../../../../Projects/TDOTU/Intermediate/Config/CoalescedSourceConfigs/OnlineSubsystemNull.ini" 227
"../../../../Projects/TDOTU/Intermediate/Config/CoalescedSourceConfigs/OnlineSubsystemUtils.ini" 228
"../../../../Projects/TDOTU/Intermediate/Config/CoalescedSourceConfigs/AndroidDeviceProfileSelector.ini" 229
"../../../../Projects/TDOTU/Intermediate/Config/CoalescedSourceConfigs/AndroidMoviePlayer.ini" 230
"../../../../Projects/TDOTU/Intermediate/Config/CoalescedSourceConfigs/AndroidPermission.ini" 231
"../../../../Projects/TDOTU/Intermediate/Config/CoalescedSourceConfigs/AppleMoviePlayer.ini" 232
"../../../../Projects/TDOTU/Intermediate/Config/CoalescedSourceConfigs/ArchVisCharacter.ini" 233
"../../../../Projects/TDOTU/Intermediate/Config/CoalescedSourceConfigs/CableComponent.ini" 234
"../../../../Projects/TDOTU/Intermediate/Config/CoalescedSourceConfigs/CustomMeshComponent.ini" 235
"../../../../Projects/TDOTU/Intermediate/Config/CoalescedSourceConfigs/ExampleDeviceProfileSelector.ini" 236
"../../../../Projects/TDOTU/Intermediate/Config/CoalescedSourceConfigs/GoogleCloudMessaging.ini" 237
"../../../../Projects/TDOTU/Intermediate/Config/CoalescedSourceConfigs/ImmediatePhysics.ini" 238
"../../../../Projects/TDOTU/Intermediate/Config/CoalescedSourceConfigs/IOSDeviceProfileSelector.ini" 239
"../../../../Projects/TDOTU/Intermediate/Config/CoalescedSourceConfigs/LinuxDeviceProfileSelector.ini" 240
"../../../../Projects/TDOTU/Intermediate/Config/CoalescedSourceConfigs/LocationServicesBPLibrary.ini" 241
"../../../../Projects/TDOTU/Intermediate/Config/CoalescedSourceConfigs/MobilePatchingUtils.ini" 242
"../../../Engine/Plugins/Runtime/Oculus/OculusVR/Config/BaseOculusVR.ini" 243
"D:/Unreal Engine/Projects/TDOTU/Saved/Config/Windows/OculusVR.ini" 244
"../../../../Projects/TDOTU/Intermediate/Config/CoalescedSourceConfigs/OculusVR.ini" 245
"../../../Engine/Plugins/Runtime/PhysXVehicles/Config/BasePhysXVehicles.ini" 246
"D:/Unreal Engine/Projects/TDOTU/Saved/Config/Windows/PhysXVehicles.ini" 247
"../../../../Projects/TDOTU/Intermediate/Config/CoalescedSourceConfigs/PhysXVehicles.ini" 248
"../../../../Projects/TDOTU/Intermediate/Config/CoalescedSourceConfigs/ProceduralMeshComponent.ini" 249
"../../../../Projects/TDOTU/Intermediate/Config/CoalescedSourceConfigs/RuntimePhysXCooking.ini" 250
"../../../../Projects/TDOTU/Intermediate/Config/CoalescedSourceConfigs/SteamVR.ini" 251
"../../../../Projects/TDOTU/Intermediate/Config/CoalescedSourceConfigs/WindowsMoviePlayer.ini" 252
"../../../Engine/Content/Certificates/ThirdParty/cacert.pem" 253
